#
# There is insufficient memory for the Java Runtime Environment to continue.
# Native memory allocation (malloc) failed to allocate 131088 bytes for Chunk::new
# Possible reasons:
#   The system is out of physical RAM or swap space
#   The process is running with CompressedOops enabled, and the Java Heap may be blocking the growth of the native heap
# Possible solutions:
#   Reduce memory load on the system
#   Increase physical memory or swap space
#   Check if swap backing store is full
#   Decrease Java heap size (-Xmx/-Xms)
#   Decrease number of Java threads
#   Decrease Java thread stack sizes (-Xss)
#   Set larger code cache with -XX:ReservedCodeCacheSize=
#   JVM is running with Unscaled Compressed Oops mode in which the Java heap is
#     placed in the first 4GB address space. The Java Heap base address is the
#     maximum limit for the native heap growth. Please use -XX:HeapBaseMinAddress
#     to set the Java Heap base and to place the Java Heap above 4GB virtual address.
# This output file may be truncated or incomplete.
#
#  Out of Memory Error (./src/hotspot/share/memory/arena.cpp:197), pid=13696, tid=12296
#
# JRE version: OpenJDK Runtime Environment (11.0.10) (build 11.0.10+0-b96-7249189)
# Java VM: OpenJDK 64-Bit Server VM (11.0.10+0-b96-7249189, mixed mode, tiered, compressed oops, g1 gc, windows-amd64)
# No core dump will be written. Minidumps are not enabled by default on client versions of Windows
#

---------------  S U M M A R Y ------------

Command Line: --add-opens=java.base/java.util=ALL-UNNAMED --add-opens=java.base/java.lang=ALL-UNNAMED --add-opens=java.base/java.lang.invoke=ALL-UNNAMED --add-opens=java.base/java.util=ALL-UNNAMED --add-opens=java.prefs/java.util.prefs=ALL-UNNAMED --add-opens=java.prefs/java.util.prefs=ALL-UNNAMED --add-opens=java.base/java.nio.charset=ALL-UNNAMED --add-opens=java.base/java.net=ALL-UNNAMED --add-opens=java.base/java.util.concurrent.atomic=ALL-UNNAMED -Xmx2048m -Dfile.encoding=UTF-8 -Duser.country=US -Duser.language=en -Duser.variant org.gradle.launcher.daemon.bootstrap.GradleDaemon 7.0.2

Host: Intel(R) Core(TM) i5-10200H CPU @ 2.40GHz, 8 cores, 11G,  Windows 10 , 64 bit Build 22000 (10.0.22000.318)
Time: Wed Jan  5 13:54:02 2022 Malay Peninsula Standard Time elapsed time: 6.458921 seconds (0d 0h 0m 6s)

---------------  T H R E A D  ---------------

Current thread (0x0000025f72aeb800):  JavaThread "C2 CompilerThread2" daemon [_thread_in_native, id=12296, stack(0x000000ae16b00000,0x000000ae16c00000)]


Current CompileTask:
C2:   6458 5165 % !   4       java.util.jar.Attributes::read @ 186 (390 bytes)

Stack: [0x000000ae16b00000,0x000000ae16c00000]
Native frames: (J=compiled Java code, j=interpreted, Vv=VM code, C=native code)
V  [jvm.dll+0x5ecfaa]
V  [jvm.dll+0x722bd5]
V  [jvm.dll+0x72412d]
V  [jvm.dll+0x7247e3]
V  [jvm.dll+0x242928]
V  [jvm.dll+0xbc4fc]
V  [jvm.dll+0xbca0c]
V  [jvm.dll+0xbc608]
V  [jvm.dll+0x5cc470]
V  [jvm.dll+0x5062c2]
V  [jvm.dll+0x203253]
V  [jvm.dll+0x1fd07c]
V  [jvm.dll+0x1fa77f]
V  [jvm.dll+0x18354c]
V  [jvm.dll+0x208ee7]
V  [jvm.dll+0x207731]
V  [jvm.dll+0x6eb1cf]
V  [jvm.dll+0x6e3d45]
V  [jvm.dll+0x5ebe96]
C  [ucrtbase.dll+0x26c0c]
C  [KERNEL32.DLL+0x154e0]
C  [ntdll.dll+0x485b]


---------------  P R O C E S S  ---------------

Threads class SMR info:
_java_thread_list=0x0000025f772470c0, length=51, elements={
0x0000025f54a12800, 0x0000025f6f6b1800, 0x0000025f6f6be000, 0x0000025f6f711800,
0x0000025f6f712800, 0x0000025f6f715800, 0x0000025f6f722000, 0x0000025f6f723800,
0x0000025f6f730000, 0x0000025f6f875000, 0x0000025f71a7a000, 0x0000025f6f98e000,
0x0000025f7120c800, 0x0000025f71bac000, 0x0000025f71ff7800, 0x0000025f70d44000,
0x0000025f71d20000, 0x0000025f71231000, 0x0000025f71d81000, 0x0000025f71f49000,
0x0000025f71f4b800, 0x0000025f71f49800, 0x0000025f71f4a800, 0x0000025f7212d800,
0x0000025f71f4c000, 0x0000025f71f4d000, 0x0000025f71f47800, 0x0000025f71f48000,
0x0000025f71f4e000, 0x0000025f72aeb800, 0x0000025f75586800, 0x0000025f75582000,
0x0000025f75583000, 0x0000025f75587000, 0x0000025f75581800, 0x0000025f75584800,
0x0000025f75589800, 0x0000025f7558b000, 0x0000025f75585800, 0x0000025f7558f800,
0x0000025f7558c000, 0x0000025f7558d000, 0x0000025f7558d800, 0x0000025f75590000,
0x0000025f7558e800, 0x0000025f734cd000, 0x0000025f734ce800, 0x0000025f734cc000,
0x0000025f734ca800, 0x0000025f734ce000, 0x0000025f734cb800
}

Java Threads: ( => current thread )
  0x0000025f54a12800 JavaThread "main" [_thread_blocked, id=18816, stack(0x000000ae13f00000,0x000000ae14000000)]
  0x0000025f6f6b1800 JavaThread "Reference Handler" daemon [_thread_blocked, id=3368, stack(0x000000ae14600000,0x000000ae14700000)]
  0x0000025f6f6be000 JavaThread "Finalizer" daemon [_thread_blocked, id=19884, stack(0x000000ae14700000,0x000000ae14800000)]
  0x0000025f6f711800 JavaThread "Signal Dispatcher" daemon [_thread_blocked, id=2076, stack(0x000000ae14800000,0x000000ae14900000)]
  0x0000025f6f712800 JavaThread "Attach Listener" daemon [_thread_blocked, id=13536, stack(0x000000ae14900000,0x000000ae14a00000)]
  0x0000025f6f715800 JavaThread "Service Thread" daemon [_thread_blocked, id=17932, stack(0x000000ae14a00000,0x000000ae14b00000)]
  0x0000025f6f722000 JavaThread "C2 CompilerThread0" daemon [_thread_in_native, id=2644, stack(0x000000ae14b00000,0x000000ae14c00000)]
  0x0000025f6f723800 JavaThread "C1 CompilerThread0" daemon [_thread_blocked, id=6220, stack(0x000000ae14c00000,0x000000ae14d00000)]
  0x0000025f6f730000 JavaThread "Sweeper thread" daemon [_thread_blocked, id=4892, stack(0x000000ae14d00000,0x000000ae14e00000)]
  0x0000025f6f875000 JavaThread "Common-Cleaner" daemon [_thread_blocked, id=8980, stack(0x000000ae14e00000,0x000000ae14f00000)]
  0x0000025f71a7a000 JavaThread "Daemon health stats" [_thread_blocked, id=4284, stack(0x000000ae15500000,0x000000ae15600000)]
  0x0000025f6f98e000 JavaThread "Incoming local TCP Connector on port 51267" [_thread_in_native, id=9820, stack(0x000000ae15000000,0x000000ae15100000)]
  0x0000025f7120c800 JavaThread "Daemon periodic checks" [_thread_blocked, id=8504, stack(0x000000ae15400000,0x000000ae15500000)]
  0x0000025f71bac000 JavaThread "Daemon" [_thread_blocked, id=9592, stack(0x000000ae15600000,0x000000ae15700000)]
  0x0000025f71ff7800 JavaThread "Handler for socket connection from /127.0.0.1:51267 to /127.0.0.1:51268" [_thread_in_native, id=11196, stack(0x000000ae15700000,0x000000ae15800000)]
  0x0000025f70d44000 JavaThread "Cancel handler" [_thread_blocked, id=1316, stack(0x000000ae15800000,0x000000ae15900000)]
  0x0000025f71d20000 JavaThread "Daemon worker" [_thread_in_vm, id=13144, stack(0x000000ae15900000,0x000000ae15a00000)]
  0x0000025f71231000 JavaThread "Asynchronous log dispatcher for DefaultDaemonConnection: socket connection from /127.0.0.1:51267 to /127.0.0.1:51268" [_thread_blocked, id=15764, stack(0x000000ae15a00000,0x000000ae15b00000)]
  0x0000025f71d81000 JavaThread "Stdin handler" [_thread_blocked, id=13292, stack(0x000000ae15b00000,0x000000ae15c00000)]
  0x0000025f71f49000 JavaThread "Daemon client event forwarder" [_thread_blocked, id=3044, stack(0x000000ae15c00000,0x000000ae15d00000)]
  0x0000025f71f4b800 JavaThread "Cache worker for file hash cache (C:\Users\syedmhdarif_\.gradle\caches\7.0.2\fileHashes)" [_thread_blocked, id=2144, stack(0x000000ae15d00000,0x000000ae15e00000)]
  0x0000025f71f49800 JavaThread "File lock request listener" [_thread_in_native, id=17800, stack(0x000000ae15e00000,0x000000ae15f00000)]
  0x0000025f71f4a800 JavaThread "Cache worker for journal cache (C:\Users\syedmhdarif_\.gradle\caches\journal-1)" [_thread_blocked, id=19556, stack(0x000000ae16400000,0x000000ae16500000)]
  0x0000025f7212d800 JavaThread "C2 CompilerThread1" daemon [_thread_blocked, id=12556, stack(0x000000ae16500000,0x000000ae16600000)]
  0x0000025f71f4c000 JavaThread "Cache worker for file hash cache (C:\Users\syedmhdarif_\AndroidStudioProjects\AivieV3\.gradle\7.0.2\fileHashes)" [_thread_blocked, id=18820, stack(0x000000ae16600000,0x000000ae16700000)]
  0x0000025f71f4d000 JavaThread "File watcher server" daemon [_thread_in_native, id=12276, stack(0x000000ae16700000,0x000000ae16800000)]
  0x0000025f71f47800 JavaThread "File watcher consumer" daemon [_thread_blocked, id=14348, stack(0x000000ae16800000,0x000000ae16900000)]
  0x0000025f71f48000 JavaThread "Cache worker for checksums cache (C:\Users\syedmhdarif_\AndroidStudioProjects\AivieV3\.gradle\checksums)" [_thread_blocked, id=508, stack(0x000000ae16900000,0x000000ae16a00000)]
  0x0000025f71f4e000 JavaThread "Cache worker for cache directory md-supplier (C:\Users\syedmhdarif_\.gradle\caches\7.0.2\md-supplier)" [_thread_blocked, id=14196, stack(0x000000ae16a00000,0x000000ae16b00000)]
=>0x0000025f72aeb800 JavaThread "C2 CompilerThread2" daemon [_thread_in_native, id=12296, stack(0x000000ae16b00000,0x000000ae16c00000)]
  0x0000025f75586800 JavaThread "Cache worker for cache directory md-rule (C:\Users\syedmhdarif_\.gradle\caches\7.0.2\md-rule)" [_thread_blocked, id=17780, stack(0x000000ae16c00000,0x000000ae16d00000)]
  0x0000025f75582000 JavaThread "Cache worker for execution history cache (C:\Users\syedmhdarif_\.gradle\caches\7.0.2\executionHistory)" [_thread_blocked, id=22720, stack(0x000000ae16d00000,0x000000ae16e00000)]
  0x0000025f75583000 JavaThread "jar transforms" [_thread_blocked, id=19092, stack(0x000000ae16e00000,0x000000ae16f00000)]
  0x0000025f75587000 JavaThread "jar transforms Thread 2" [_thread_blocked, id=3152, stack(0x000000ae16f00000,0x000000ae17000000)]
  0x0000025f75581800 JavaThread "Cache worker for file content cache (C:\Users\syedmhdarif_\.gradle\caches\7.0.2\fileContent)" [_thread_blocked, id=6628, stack(0x000000ae17000000,0x000000ae17100000)]
  0x0000025f75584800 JavaThread "Cache worker for dependencies-accessors (C:\Users\syedmhdarif_\AndroidStudioProjects\AivieV3\.gradle\7.0.2\dependencies-accessors)" [_thread_blocked, id=21352, stack(0x000000ae17100000,0x000000ae17200000)]
  0x0000025f75589800 JavaThread "jar transforms Thread 3" [_thread_blocked, id=5828, stack(0x000000ae17200000,0x000000ae17300000)]
  0x0000025f7558b000 JavaThread "Cache worker for Build Output Cleanup Cache (C:\Users\syedmhdarif_\AndroidStudioProjects\AivieV3\.gradle\buildOutputCleanup)" [_thread_blocked, id=1212, stack(0x000000ae17300000,0x000000ae17400000)]
  0x0000025f75585800 JavaThread "Build operations" [_thread_blocked, id=12776, stack(0x000000ae17400000,0x000000ae17500000)]
  0x0000025f7558f800 JavaThread "Build operations Thread 2" [_thread_blocked, id=7188, stack(0x000000ae17500000,0x000000ae17600000)]
  0x0000025f7558c000 JavaThread "Build operations Thread 3" [_thread_blocked, id=1868, stack(0x000000ae17600000,0x000000ae17700000)]
  0x0000025f7558d000 JavaThread "Build operations Thread 4" [_thread_blocked, id=14948, stack(0x000000ae17700000,0x000000ae17800000)]
  0x0000025f7558d800 JavaThread "Build operations Thread 5" [_thread_blocked, id=3892, stack(0x000000ae17800000,0x000000ae17900000)]
  0x0000025f75590000 JavaThread "Build operations Thread 6" [_thread_blocked, id=12880, stack(0x000000ae17900000,0x000000ae17a00000)]
  0x0000025f7558e800 JavaThread "Build operations Thread 7" [_thread_blocked, id=1780, stack(0x000000ae17a00000,0x000000ae17b00000)]
  0x0000025f734cd000 JavaThread "Build operations Thread 8" [_thread_blocked, id=21812, stack(0x000000ae17b00000,0x000000ae17c00000)]
  0x0000025f734ce800 JavaThread "jar transforms Thread 4" [_thread_blocked, id=19392, stack(0x000000ae17c00000,0x000000ae17d00000)]
  0x0000025f734cc000 JavaThread "jar transforms Thread 5" [_thread_blocked, id=22464, stack(0x000000ae17d00000,0x000000ae17e00000)]
  0x0000025f734ca800 JavaThread "jar transforms Thread 6" [_thread_blocked, id=2716, stack(0x000000ae17e00000,0x000000ae17f00000)]
  0x0000025f734ce000 JavaThread "jar transforms Thread 7" [_thread_blocked, id=23396, stack(0x000000ae17f00000,0x000000ae18000000)]
  0x0000025f734cb800 JavaThread "jar transforms Thread 8" [_thread_blocked, id=13096, stack(0x000000ae18000000,0x000000ae18100000)]

Other Threads:
  0x0000025f6eea8000 VMThread "VM Thread" [stack: 0x000000ae14500000,0x000000ae14600000] [id=6272]
  0x0000025f6f878800 WatcherThread [stack: 0x000000ae14f00000,0x000000ae15000000] [id=8844]
  0x0000025f54a2a000 GCTaskThread "GC Thread#0" [stack: 0x000000ae14000000,0x000000ae14100000] [id=22280]
  0x0000025f701b1000 GCTaskThread "GC Thread#1" [stack: 0x000000ae15100000,0x000000ae15200000] [id=5724]
  0x0000025f7040e800 GCTaskThread "GC Thread#2" [stack: 0x000000ae15200000,0x000000ae15300000] [id=14576]
  0x0000025f6fdb2000 GCTaskThread "GC Thread#3" [stack: 0x000000ae15300000,0x000000ae15400000] [id=6024]
  0x0000025f719f8800 GCTaskThread "GC Thread#4" [stack: 0x000000ae15f00000,0x000000ae16000000] [id=21740]
  0x0000025f712f6800 GCTaskThread "GC Thread#5" [stack: 0x000000ae16000000,0x000000ae16100000] [id=5028]
  0x0000025f70dab800 GCTaskThread "GC Thread#6" [stack: 0x000000ae16100000,0x000000ae16200000] [id=14000]
  0x0000025f7102e800 GCTaskThread "GC Thread#7" [stack: 0x000000ae16200000,0x000000ae16300000] [id=18016]
  0x0000025f54a5d000 ConcurrentGCThread "G1 Main Marker" [stack: 0x000000ae14100000,0x000000ae14200000] [id=5980]
  0x0000025f54a5e000 ConcurrentGCThread "G1 Conc#0" [stack: 0x000000ae14200000,0x000000ae14300000] [id=2592]
  0x0000025f7162e800 ConcurrentGCThread "G1 Conc#1" [stack: 0x000000ae16300000,0x000000ae16400000] [id=23428]
  0x0000025f6ecf6800 ConcurrentGCThread "G1 Refine#0" [stack: 0x000000ae14300000,0x000000ae14400000] [id=6300]
  0x0000025f6ecf8800 ConcurrentGCThread "G1 Young RemSet Sampling" [stack: 0x000000ae14400000,0x000000ae14500000] [id=10244]

Threads with active compile tasks:
C2 CompilerThread0   6483 5176       4       org.gradle.internal.service.DefaultServiceRegistry$OwnServices::getService (309 bytes)
C2 CompilerThread2   6483 5165 % !   4       java.util.jar.Attributes::read @ 186 (390 bytes)

VM state:not at safepoint (normal execution)

VM Mutex/Monitor currently owned by a thread: None

Heap address: 0x0000000080000000, size: 2048 MB, Compressed Oops mode: 32-bit
Narrow klass base: 0x0000000000000000, Narrow klass shift: 3
Compressed class space size: 1073741824 Address: 0x0000000100000000

Heap:
 garbage-first heap   total 194560K, used 117897K [0x0000000080000000, 0x0000000100000000)
  region size 1024K, 98 young (100352K), 12 survivors (12288K)
 Metaspace       used 49243K, capacity 50592K, committed 50816K, reserved 1093632K
  class space    used 6302K, capacity 6751K, committed 6784K, reserved 1048576K
Heap Regions: E=young(eden), S=young(survivor), O=old, HS=humongous(starts), HC=humongous(continues), CS=collection set, F=free, A=archive, TAMS=top-at-mark-start (previous, next)
|   0|0x0000000080000000, 0x0000000080100000, 0x0000000080100000|100%| O|  |TAMS 0x0000000080100000, 0x0000000080000000| Untracked 
|   1|0x0000000080100000, 0x0000000080200000, 0x0000000080200000|100%| O|  |TAMS 0x0000000080200000, 0x0000000080100000| Untracked 
|   2|0x0000000080200000, 0x0000000080300000, 0x0000000080300000|100%| O|  |TAMS 0x0000000080300000, 0x0000000080200000| Untracked 
|   3|0x0000000080300000, 0x0000000080400000, 0x0000000080400000|100%|HS|  |TAMS 0x0000000080400000, 0x0000000080300000| Complete 
|   4|0x0000000080400000, 0x0000000080500000, 0x0000000080500000|100%|HC|  |TAMS 0x0000000080500000, 0x0000000080400000| Complete 
|   5|0x0000000080500000, 0x0000000080600000, 0x0000000080600000|100%|HC|  |TAMS 0x0000000080600000, 0x0000000080500000| Complete 
|   6|0x0000000080600000, 0x0000000080700000, 0x0000000080700000|100%| O|  |TAMS 0x0000000080700000, 0x0000000080600000| Untracked 
|   7|0x0000000080700000, 0x0000000080800000, 0x0000000080800000|100%| O|  |TAMS 0x0000000080800000, 0x0000000080700000| Untracked 
|   8|0x0000000080800000, 0x0000000080900000, 0x0000000080900000|100%| O|  |TAMS 0x0000000080900000, 0x0000000080800000| Untracked 
|   9|0x0000000080900000, 0x0000000080a00000, 0x0000000080a00000|100%| O|  |TAMS 0x0000000080a00000, 0x0000000080900000| Untracked 
|  10|0x0000000080a00000, 0x0000000080b00000, 0x0000000080b00000|100%| O|  |TAMS 0x0000000080b00000, 0x0000000080a00000| Untracked 
|  11|0x0000000080b00000, 0x0000000080c00000, 0x0000000080c00000|100%| O|  |TAMS 0x0000000080c00000, 0x0000000080b00000| Untracked 
|  12|0x0000000080c00000, 0x0000000080d00000, 0x0000000080d00000|100%| O|  |TAMS 0x0000000080d00000, 0x0000000080c00000| Untracked 
|  13|0x0000000080d00000, 0x0000000080e00000, 0x0000000080e00000|100%| O|  |TAMS 0x0000000080e00000, 0x0000000080d00000| Untracked 
|  14|0x0000000080e00000, 0x0000000080f00000, 0x0000000080f00000|100%| O|  |TAMS 0x0000000080f00000, 0x0000000080e00000| Untracked 
|  15|0x0000000080f00000, 0x0000000080fad800, 0x0000000081000000| 67%| O|  |TAMS 0x0000000080fad800, 0x0000000080f00000| Untracked 
|  16|0x0000000081000000, 0x0000000081100000, 0x0000000081100000|100%|HS|  |TAMS 0x0000000081000000, 0x0000000081000000| Complete 
|  17|0x0000000081100000, 0x0000000081200000, 0x0000000081200000|100%|HS|  |TAMS 0x0000000081100000, 0x0000000081100000| Complete 
|  18|0x0000000081200000, 0x0000000081300000, 0x0000000081300000|100%|HS|  |TAMS 0x0000000081200000, 0x0000000081200000| Complete 
|  19|0x0000000081300000, 0x0000000081400000, 0x0000000081400000|100%|HC|  |TAMS 0x0000000081300000, 0x0000000081300000| Complete 
|  20|0x0000000081400000, 0x0000000081400000, 0x0000000081500000|  0%| F|  |TAMS 0x0000000081400000, 0x0000000081400000| Untracked 
|  21|0x0000000081500000, 0x0000000081500000, 0x0000000081600000|  0%| F|  |TAMS 0x0000000081500000, 0x0000000081500000| Untracked 
|  22|0x0000000081600000, 0x0000000081600000, 0x0000000081700000|  0%| F|  |TAMS 0x0000000081600000, 0x0000000081600000| Untracked 
|  23|0x0000000081700000, 0x0000000081700000, 0x0000000081800000|  0%| F|  |TAMS 0x0000000081700000, 0x0000000081700000| Untracked 
|  24|0x0000000081800000, 0x0000000081800000, 0x0000000081900000|  0%| F|  |TAMS 0x0000000081800000, 0x0000000081800000| Untracked 
|  25|0x0000000081900000, 0x0000000081900000, 0x0000000081a00000|  0%| F|  |TAMS 0x0000000081900000, 0x0000000081900000| Untracked 
|  26|0x0000000081a00000, 0x0000000081a00000, 0x0000000081b00000|  0%| F|  |TAMS 0x0000000081a00000, 0x0000000081a00000| Untracked 
|  27|0x0000000081b00000, 0x0000000081b00000, 0x0000000081c00000|  0%| F|  |TAMS 0x0000000081b00000, 0x0000000081b00000| Untracked 
|  28|0x0000000081c00000, 0x0000000081c00000, 0x0000000081d00000|  0%| F|  |TAMS 0x0000000081c00000, 0x0000000081c00000| Untracked 
|  29|0x0000000081d00000, 0x0000000081d00000, 0x0000000081e00000|  0%| F|  |TAMS 0x0000000081d00000, 0x0000000081d00000| Untracked 
|  30|0x0000000081e00000, 0x0000000081e00000, 0x0000000081f00000|  0%| F|  |TAMS 0x0000000081e00000, 0x0000000081e00000| Untracked 
|  31|0x0000000081f00000, 0x0000000081f00000, 0x0000000082000000|  0%| F|  |TAMS 0x0000000081f00000, 0x0000000081f00000| Untracked 
|  32|0x0000000082000000, 0x0000000082000000, 0x0000000082100000|  0%| F|  |TAMS 0x0000000082000000, 0x0000000082000000| Untracked 
|  33|0x0000000082100000, 0x0000000082100000, 0x0000000082200000|  0%| F|  |TAMS 0x0000000082100000, 0x0000000082100000| Untracked 
|  34|0x0000000082200000, 0x0000000082200000, 0x0000000082300000|  0%| F|  |TAMS 0x0000000082200000, 0x0000000082200000| Untracked 
|  35|0x0000000082300000, 0x0000000082300000, 0x0000000082400000|  0%| F|  |TAMS 0x0000000082300000, 0x0000000082300000| Untracked 
|  36|0x0000000082400000, 0x0000000082400000, 0x0000000082500000|  0%| F|  |TAMS 0x0000000082400000, 0x0000000082400000| Untracked 
|  37|0x0000000082500000, 0x0000000082500000, 0x0000000082600000|  0%| F|  |TAMS 0x0000000082500000, 0x0000000082500000| Untracked 
|  38|0x0000000082600000, 0x0000000082600000, 0x0000000082700000|  0%| F|  |TAMS 0x0000000082600000, 0x0000000082600000| Untracked 
|  39|0x0000000082700000, 0x0000000082700000, 0x0000000082800000|  0%| F|  |TAMS 0x0000000082700000, 0x0000000082700000| Untracked 
|  40|0x0000000082800000, 0x0000000082800000, 0x0000000082900000|  0%| F|  |TAMS 0x0000000082800000, 0x0000000082800000| Untracked 
|  41|0x0000000082900000, 0x0000000082900000, 0x0000000082a00000|  0%| F|  |TAMS 0x0000000082900000, 0x0000000082900000| Untracked 
|  42|0x0000000082a00000, 0x0000000082a00000, 0x0000000082b00000|  0%| F|  |TAMS 0x0000000082a00000, 0x0000000082a00000| Untracked 
|  43|0x0000000082b00000, 0x0000000082b00000, 0x0000000082c00000|  0%| F|  |TAMS 0x0000000082b00000, 0x0000000082b00000| Untracked 
|  44|0x0000000082c00000, 0x0000000082c00000, 0x0000000082d00000|  0%| F|  |TAMS 0x0000000082c00000, 0x0000000082c00000| Untracked 
|  45|0x0000000082d00000, 0x0000000082d00000, 0x0000000082e00000|  0%| F|  |TAMS 0x0000000082d00000, 0x0000000082d00000| Untracked 
|  46|0x0000000082e00000, 0x0000000082e00000, 0x0000000082f00000|  0%| F|  |TAMS 0x0000000082e00000, 0x0000000082e00000| Untracked 
|  47|0x0000000082f00000, 0x0000000082f00000, 0x0000000083000000|  0%| F|  |TAMS 0x0000000082f00000, 0x0000000082f00000| Untracked 
|  48|0x0000000083000000, 0x0000000083000000, 0x0000000083100000|  0%| F|  |TAMS 0x0000000083000000, 0x0000000083000000| Untracked 
|  49|0x0000000083100000, 0x0000000083100000, 0x0000000083200000|  0%| F|  |TAMS 0x0000000083100000, 0x0000000083100000| Untracked 
|  50|0x0000000083200000, 0x0000000083200000, 0x0000000083300000|  0%| F|  |TAMS 0x0000000083200000, 0x0000000083200000| Untracked 
|  51|0x0000000083300000, 0x0000000083300000, 0x0000000083400000|  0%| F|  |TAMS 0x0000000083300000, 0x0000000083300000| Untracked 
|  52|0x0000000083400000, 0x0000000083400000, 0x0000000083500000|  0%| F|  |TAMS 0x0000000083400000, 0x0000000083400000| Untracked 
|  53|0x0000000083500000, 0x0000000083500000, 0x0000000083600000|  0%| F|  |TAMS 0x0000000083500000, 0x0000000083500000| Untracked 
|  54|0x0000000083600000, 0x0000000083600000, 0x0000000083700000|  0%| F|  |TAMS 0x0000000083600000, 0x0000000083600000| Untracked 
|  55|0x0000000083700000, 0x0000000083700000, 0x0000000083800000|  0%| F|  |TAMS 0x0000000083700000, 0x0000000083700000| Untracked 
|  56|0x0000000083800000, 0x0000000083800000, 0x0000000083900000|  0%| F|  |TAMS 0x0000000083800000, 0x0000000083800000| Untracked 
|  57|0x0000000083900000, 0x0000000083900000, 0x0000000083a00000|  0%| F|  |TAMS 0x0000000083900000, 0x0000000083900000| Untracked 
|  58|0x0000000083a00000, 0x0000000083a00000, 0x0000000083b00000|  0%| F|  |TAMS 0x0000000083a00000, 0x0000000083a00000| Untracked 
|  59|0x0000000083b00000, 0x0000000083b00000, 0x0000000083c00000|  0%| F|  |TAMS 0x0000000083b00000, 0x0000000083b00000| Untracked 
|  60|0x0000000083c00000, 0x0000000083c00000, 0x0000000083d00000|  0%| F|  |TAMS 0x0000000083c00000, 0x0000000083c00000| Untracked 
|  61|0x0000000083d00000, 0x0000000083d00000, 0x0000000083e00000|  0%| F|  |TAMS 0x0000000083d00000, 0x0000000083d00000| Untracked 
|  62|0x0000000083e00000, 0x0000000083e00000, 0x0000000083f00000|  0%| F|  |TAMS 0x0000000083e00000, 0x0000000083e00000| Untracked 
|  63|0x0000000083f00000, 0x0000000083f00000, 0x0000000084000000|  0%| F|  |TAMS 0x0000000083f00000, 0x0000000083f00000| Untracked 
|  64|0x0000000084000000, 0x0000000084000000, 0x0000000084100000|  0%| F|  |TAMS 0x0000000084000000, 0x0000000084000000| Untracked 
|  65|0x0000000084100000, 0x0000000084100000, 0x0000000084200000|  0%| F|  |TAMS 0x0000000084100000, 0x0000000084100000| Untracked 
|  66|0x0000000084200000, 0x0000000084200000, 0x0000000084300000|  0%| F|  |TAMS 0x0000000084200000, 0x0000000084200000| Untracked 
|  67|0x0000000084300000, 0x0000000084300000, 0x0000000084400000|  0%| F|  |TAMS 0x0000000084300000, 0x0000000084300000| Untracked 
|  68|0x0000000084400000, 0x0000000084400000, 0x0000000084500000|  0%| F|  |TAMS 0x0000000084400000, 0x0000000084400000| Untracked 
|  69|0x0000000084500000, 0x0000000084500000, 0x0000000084600000|  0%| F|  |TAMS 0x0000000084500000, 0x0000000084500000| Untracked 
|  70|0x0000000084600000, 0x0000000084600000, 0x0000000084700000|  0%| F|  |TAMS 0x0000000084600000, 0x0000000084600000| Untracked 
|  71|0x0000000084700000, 0x0000000084774c88, 0x0000000084800000| 45%| S|CS|TAMS 0x0000000084700000, 0x0000000084700000| Complete 
|  72|0x0000000084800000, 0x0000000084900000, 0x0000000084900000|100%| S|CS|TAMS 0x0000000084800000, 0x0000000084800000| Complete 
|  73|0x0000000084900000, 0x0000000084a00000, 0x0000000084a00000|100%| S|CS|TAMS 0x0000000084900000, 0x0000000084900000| Complete 
|  74|0x0000000084a00000, 0x0000000084b00000, 0x0000000084b00000|100%| S|CS|TAMS 0x0000000084a00000, 0x0000000084a00000| Complete 
|  75|0x0000000084b00000, 0x0000000084c00000, 0x0000000084c00000|100%| S|CS|TAMS 0x0000000084b00000, 0x0000000084b00000| Complete 
|  76|0x0000000084c00000, 0x0000000084d00000, 0x0000000084d00000|100%| S|CS|TAMS 0x0000000084c00000, 0x0000000084c00000| Complete 
|  77|0x0000000084d00000, 0x0000000084e00000, 0x0000000084e00000|100%| S|CS|TAMS 0x0000000084d00000, 0x0000000084d00000| Complete 
|  78|0x0000000084e00000, 0x0000000084f00000, 0x0000000084f00000|100%| S|CS|TAMS 0x0000000084e00000, 0x0000000084e00000| Complete 
|  79|0x0000000084f00000, 0x0000000085000000, 0x0000000085000000|100%| S|CS|TAMS 0x0000000084f00000, 0x0000000084f00000| Complete 
|  80|0x0000000085000000, 0x0000000085100000, 0x0000000085100000|100%| S|CS|TAMS 0x0000000085000000, 0x0000000085000000| Complete 
|  81|0x0000000085100000, 0x0000000085200000, 0x0000000085200000|100%| S|CS|TAMS 0x0000000085100000, 0x0000000085100000| Complete 
|  82|0x0000000085200000, 0x0000000085300000, 0x0000000085300000|100%| S|CS|TAMS 0x0000000085200000, 0x0000000085200000| Complete 
|  83|0x0000000085300000, 0x0000000085300000, 0x0000000085400000|  0%| F|  |TAMS 0x0000000085300000, 0x0000000085300000| Untracked 
|  84|0x0000000085400000, 0x0000000085400000, 0x0000000085500000|  0%| F|  |TAMS 0x0000000085400000, 0x0000000085400000| Untracked 
|  85|0x0000000085500000, 0x0000000085500000, 0x0000000085600000|  0%| F|  |TAMS 0x0000000085500000, 0x0000000085500000| Untracked 
|  86|0x0000000085600000, 0x0000000085600000, 0x0000000085700000|  0%| F|  |TAMS 0x0000000085600000, 0x0000000085600000| Untracked 
|  87|0x0000000085700000, 0x0000000085700000, 0x0000000085800000|  0%| F|  |TAMS 0x0000000085700000, 0x0000000085700000| Untracked 
|  88|0x0000000085800000, 0x0000000085800000, 0x0000000085900000|  0%| F|  |TAMS 0x0000000085800000, 0x0000000085800000| Untracked 
|  89|0x0000000085900000, 0x0000000085900000, 0x0000000085a00000|  0%| F|  |TAMS 0x0000000085900000, 0x0000000085900000| Untracked 
|  90|0x0000000085a00000, 0x0000000085a00000, 0x0000000085b00000|  0%| F|  |TAMS 0x0000000085a00000, 0x0000000085a00000| Untracked 
|  91|0x0000000085b00000, 0x0000000085b00000, 0x0000000085c00000|  0%| F|  |TAMS 0x0000000085b00000, 0x0000000085b00000| Untracked 
|  92|0x0000000085c00000, 0x0000000085c00000, 0x0000000085d00000|  0%| F|  |TAMS 0x0000000085c00000, 0x0000000085c00000| Untracked 
|  93|0x0000000085d00000, 0x0000000085d00000, 0x0000000085e00000|  0%| F|  |TAMS 0x0000000085d00000, 0x0000000085d00000| Untracked 
|  94|0x0000000085e00000, 0x0000000085e00000, 0x0000000085f00000|  0%| F|  |TAMS 0x0000000085e00000, 0x0000000085e00000| Untracked 
|  95|0x0000000085f00000, 0x0000000085f00000, 0x0000000086000000|  0%| F|  |TAMS 0x0000000085f00000, 0x0000000085f00000| Untracked 
|  96|0x0000000086000000, 0x0000000086000000, 0x0000000086100000|  0%| F|  |TAMS 0x0000000086000000, 0x0000000086000000| Untracked 
|  97|0x0000000086100000, 0x0000000086100000, 0x0000000086200000|  0%| F|  |TAMS 0x0000000086100000, 0x0000000086100000| Untracked 
|  98|0x0000000086200000, 0x0000000086200000, 0x0000000086300000|  0%| F|  |TAMS 0x0000000086200000, 0x0000000086200000| Untracked 
|  99|0x0000000086300000, 0x0000000086300000, 0x0000000086400000|  0%| F|  |TAMS 0x0000000086300000, 0x0000000086300000| Untracked 
| 100|0x0000000086400000, 0x0000000086400000, 0x0000000086500000|  0%| F|  |TAMS 0x0000000086400000, 0x0000000086400000| Untracked 
| 101|0x0000000086500000, 0x0000000086500000, 0x0000000086600000|  0%| F|  |TAMS 0x0000000086500000, 0x0000000086500000| Untracked 
| 102|0x0000000086600000, 0x0000000086600000, 0x0000000086700000|  0%| F|  |TAMS 0x0000000086600000, 0x0000000086600000| Untracked 
| 103|0x0000000086700000, 0x0000000086700000, 0x0000000086800000|  0%| F|  |TAMS 0x0000000086700000, 0x0000000086700000| Untracked 
| 104|0x0000000086800000, 0x0000000086900000, 0x0000000086900000|100%| E|  |TAMS 0x0000000086800000, 0x0000000086800000| Complete 
| 105|0x0000000086900000, 0x0000000086a00000, 0x0000000086a00000|100%| E|CS|TAMS 0x0000000086900000, 0x0000000086900000| Complete 
| 106|0x0000000086a00000, 0x0000000086b00000, 0x0000000086b00000|100%| E|CS|TAMS 0x0000000086a00000, 0x0000000086a00000| Complete 
| 107|0x0000000086b00000, 0x0000000086c00000, 0x0000000086c00000|100%| E|CS|TAMS 0x0000000086b00000, 0x0000000086b00000| Complete 
| 108|0x0000000086c00000, 0x0000000086d00000, 0x0000000086d00000|100%| E|CS|TAMS 0x0000000086c00000, 0x0000000086c00000| Complete 
| 109|0x0000000086d00000, 0x0000000086e00000, 0x0000000086e00000|100%| E|CS|TAMS 0x0000000086d00000, 0x0000000086d00000| Complete 
| 110|0x0000000086e00000, 0x0000000086f00000, 0x0000000086f00000|100%| E|CS|TAMS 0x0000000086e00000, 0x0000000086e00000| Complete 
| 111|0x0000000086f00000, 0x0000000087000000, 0x0000000087000000|100%| E|CS|TAMS 0x0000000086f00000, 0x0000000086f00000| Complete 
| 112|0x0000000087000000, 0x0000000087100000, 0x0000000087100000|100%| E|CS|TAMS 0x0000000087000000, 0x0000000087000000| Complete 
| 113|0x0000000087100000, 0x0000000087200000, 0x0000000087200000|100%| E|CS|TAMS 0x0000000087100000, 0x0000000087100000| Complete 
| 114|0x0000000087200000, 0x0000000087300000, 0x0000000087300000|100%| E|CS|TAMS 0x0000000087200000, 0x0000000087200000| Complete 
| 115|0x0000000087300000, 0x0000000087400000, 0x0000000087400000|100%| E|CS|TAMS 0x0000000087300000, 0x0000000087300000| Complete 
| 116|0x0000000087400000, 0x0000000087500000, 0x0000000087500000|100%| E|CS|TAMS 0x0000000087400000, 0x0000000087400000| Complete 
| 117|0x0000000087500000, 0x0000000087600000, 0x0000000087600000|100%| E|CS|TAMS 0x0000000087500000, 0x0000000087500000| Complete 
| 118|0x0000000087600000, 0x0000000087700000, 0x0000000087700000|100%| E|CS|TAMS 0x0000000087600000, 0x0000000087600000| Complete 
| 119|0x0000000087700000, 0x0000000087800000, 0x0000000087800000|100%| E|CS|TAMS 0x0000000087700000, 0x0000000087700000| Complete 
| 120|0x0000000087800000, 0x0000000087900000, 0x0000000087900000|100%| E|CS|TAMS 0x0000000087800000, 0x0000000087800000| Complete 
| 121|0x0000000087900000, 0x0000000087a00000, 0x0000000087a00000|100%| E|CS|TAMS 0x0000000087900000, 0x0000000087900000| Complete 
| 122|0x0000000087a00000, 0x0000000087b00000, 0x0000000087b00000|100%| E|CS|TAMS 0x0000000087a00000, 0x0000000087a00000| Complete 
| 123|0x0000000087b00000, 0x0000000087c00000, 0x0000000087c00000|100%| E|CS|TAMS 0x0000000087b00000, 0x0000000087b00000| Complete 
| 124|0x0000000087c00000, 0x0000000087d00000, 0x0000000087d00000|100%| E|CS|TAMS 0x0000000087c00000, 0x0000000087c00000| Complete 
| 125|0x0000000087d00000, 0x0000000087e00000, 0x0000000087e00000|100%| E|CS|TAMS 0x0000000087d00000, 0x0000000087d00000| Complete 
| 126|0x0000000087e00000, 0x0000000087f00000, 0x0000000087f00000|100%| E|CS|TAMS 0x0000000087e00000, 0x0000000087e00000| Complete 
| 127|0x0000000087f00000, 0x0000000088000000, 0x0000000088000000|100%| E|CS|TAMS 0x0000000087f00000, 0x0000000087f00000| Complete 
| 128|0x0000000088000000, 0x0000000088100000, 0x0000000088100000|100%| E|CS|TAMS 0x0000000088000000, 0x0000000088000000| Complete 
| 129|0x0000000088100000, 0x0000000088200000, 0x0000000088200000|100%| E|  |TAMS 0x0000000088100000, 0x0000000088100000| Complete 
| 130|0x0000000088200000, 0x0000000088300000, 0x0000000088300000|100%| E|CS|TAMS 0x0000000088200000, 0x0000000088200000| Complete 
| 131|0x0000000088300000, 0x0000000088400000, 0x0000000088400000|100%| E|CS|TAMS 0x0000000088300000, 0x0000000088300000| Complete 
| 132|0x0000000088400000, 0x0000000088500000, 0x0000000088500000|100%| E|CS|TAMS 0x0000000088400000, 0x0000000088400000| Complete 
| 133|0x0000000088500000, 0x0000000088600000, 0x0000000088600000|100%| E|CS|TAMS 0x0000000088500000, 0x0000000088500000| Complete 
| 134|0x0000000088600000, 0x0000000088700000, 0x0000000088700000|100%| E|CS|TAMS 0x0000000088600000, 0x0000000088600000| Complete 
| 135|0x0000000088700000, 0x0000000088800000, 0x0000000088800000|100%| E|CS|TAMS 0x0000000088700000, 0x0000000088700000| Complete 
| 136|0x0000000088800000, 0x0000000088900000, 0x0000000088900000|100%| E|CS|TAMS 0x0000000088800000, 0x0000000088800000| Complete 
| 137|0x0000000088900000, 0x0000000088a00000, 0x0000000088a00000|100%| E|CS|TAMS 0x0000000088900000, 0x0000000088900000| Complete 
| 138|0x0000000088a00000, 0x0000000088b00000, 0x0000000088b00000|100%| E|CS|TAMS 0x0000000088a00000, 0x0000000088a00000| Complete 
| 139|0x0000000088b00000, 0x0000000088c00000, 0x0000000088c00000|100%| E|CS|TAMS 0x0000000088b00000, 0x0000000088b00000| Complete 
| 140|0x0000000088c00000, 0x0000000088d00000, 0x0000000088d00000|100%| E|CS|TAMS 0x0000000088c00000, 0x0000000088c00000| Complete 
| 141|0x0000000088d00000, 0x0000000088e00000, 0x0000000088e00000|100%| E|CS|TAMS 0x0000000088d00000, 0x0000000088d00000| Complete 
| 142|0x0000000088e00000, 0x0000000088f00000, 0x0000000088f00000|100%| E|CS|TAMS 0x0000000088e00000, 0x0000000088e00000| Complete 
| 143|0x0000000088f00000, 0x0000000089000000, 0x0000000089000000|100%| E|CS|TAMS 0x0000000088f00000, 0x0000000088f00000| Complete 
| 144|0x0000000089000000, 0x0000000089100000, 0x0000000089100000|100%| E|CS|TAMS 0x0000000089000000, 0x0000000089000000| Complete 
| 145|0x0000000089100000, 0x0000000089200000, 0x0000000089200000|100%| E|CS|TAMS 0x0000000089100000, 0x0000000089100000| Complete 
| 146|0x0000000089200000, 0x0000000089300000, 0x0000000089300000|100%| E|CS|TAMS 0x0000000089200000, 0x0000000089200000| Complete 
| 147|0x0000000089300000, 0x0000000089400000, 0x0000000089400000|100%| E|CS|TAMS 0x0000000089300000, 0x0000000089300000| Complete 
| 148|0x0000000089400000, 0x0000000089500000, 0x0000000089500000|100%| E|CS|TAMS 0x0000000089400000, 0x0000000089400000| Complete 
| 149|0x0000000089500000, 0x0000000089600000, 0x0000000089600000|100%| E|CS|TAMS 0x0000000089500000, 0x0000000089500000| Complete 
| 150|0x0000000089600000, 0x0000000089700000, 0x0000000089700000|100%| E|CS|TAMS 0x0000000089600000, 0x0000000089600000| Complete 
| 151|0x0000000089700000, 0x0000000089800000, 0x0000000089800000|100%| E|CS|TAMS 0x0000000089700000, 0x0000000089700000| Complete 
| 152|0x0000000089800000, 0x0000000089900000, 0x0000000089900000|100%| E|CS|TAMS 0x0000000089800000, 0x0000000089800000| Complete 
| 153|0x0000000089900000, 0x0000000089a00000, 0x0000000089a00000|100%| E|CS|TAMS 0x0000000089900000, 0x0000000089900000| Complete 
| 154|0x0000000089a00000, 0x0000000089b00000, 0x0000000089b00000|100%| E|CS|TAMS 0x0000000089a00000, 0x0000000089a00000| Complete 
| 155|0x0000000089b00000, 0x0000000089c00000, 0x0000000089c00000|100%| E|CS|TAMS 0x0000000089b00000, 0x0000000089b00000| Complete 
| 156|0x0000000089c00000, 0x0000000089d00000, 0x0000000089d00000|100%| E|CS|TAMS 0x0000000089c00000, 0x0000000089c00000| Complete 
| 157|0x0000000089d00000, 0x0000000089e00000, 0x0000000089e00000|100%| E|CS|TAMS 0x0000000089d00000, 0x0000000089d00000| Complete 
| 158|0x0000000089e00000, 0x0000000089f00000, 0x0000000089f00000|100%| E|CS|TAMS 0x0000000089e00000, 0x0000000089e00000| Complete 
| 159|0x0000000089f00000, 0x000000008a000000, 0x000000008a000000|100%| E|CS|TAMS 0x0000000089f00000, 0x0000000089f00000| Complete 
| 160|0x000000008a000000, 0x000000008a100000, 0x000000008a100000|100%| E|CS|TAMS 0x000000008a000000, 0x000000008a000000| Complete 
| 161|0x000000008a100000, 0x000000008a200000, 0x000000008a200000|100%| E|CS|TAMS 0x000000008a100000, 0x000000008a100000| Complete 
| 162|0x000000008a200000, 0x000000008a300000, 0x000000008a300000|100%| E|CS|TAMS 0x000000008a200000, 0x000000008a200000| Complete 
| 163|0x000000008a300000, 0x000000008a400000, 0x000000008a400000|100%| E|CS|TAMS 0x000000008a300000, 0x000000008a300000| Complete 
| 164|0x000000008a400000, 0x000000008a500000, 0x000000008a500000|100%| E|CS|TAMS 0x000000008a400000, 0x000000008a400000| Complete 
| 165|0x000000008a500000, 0x000000008a600000, 0x000000008a600000|100%| E|CS|TAMS 0x000000008a500000, 0x000000008a500000| Complete 
| 166|0x000000008a600000, 0x000000008a700000, 0x000000008a700000|100%| E|CS|TAMS 0x000000008a600000, 0x000000008a600000| Complete 
| 167|0x000000008a700000, 0x000000008a800000, 0x000000008a800000|100%| E|CS|TAMS 0x000000008a700000, 0x000000008a700000| Complete 
| 168|0x000000008a800000, 0x000000008a900000, 0x000000008a900000|100%| E|CS|TAMS 0x000000008a800000, 0x000000008a800000| Complete 
| 169|0x000000008a900000, 0x000000008aa00000, 0x000000008aa00000|100%| E|CS|TAMS 0x000000008a900000, 0x000000008a900000| Complete 
| 170|0x000000008aa00000, 0x000000008ab00000, 0x000000008ab00000|100%| E|CS|TAMS 0x000000008aa00000, 0x000000008aa00000| Complete 
| 171|0x000000008ab00000, 0x000000008ac00000, 0x000000008ac00000|100%| E|CS|TAMS 0x000000008ab00000, 0x000000008ab00000| Complete 
| 172|0x000000008ac00000, 0x000000008ad00000, 0x000000008ad00000|100%| E|CS|TAMS 0x000000008ac00000, 0x000000008ac00000| Complete 
| 173|0x000000008ad00000, 0x000000008ae00000, 0x000000008ae00000|100%| E|CS|TAMS 0x000000008ad00000, 0x000000008ad00000| Complete 
| 174|0x000000008ae00000, 0x000000008af00000, 0x000000008af00000|100%| E|CS|TAMS 0x000000008ae00000, 0x000000008ae00000| Complete 
| 175|0x000000008af00000, 0x000000008b000000, 0x000000008b000000|100%| E|CS|TAMS 0x000000008af00000, 0x000000008af00000| Complete 
| 176|0x000000008b000000, 0x000000008b100000, 0x000000008b100000|100%| E|CS|TAMS 0x000000008b000000, 0x000000008b000000| Complete 
| 177|0x000000008b100000, 0x000000008b200000, 0x000000008b200000|100%| E|CS|TAMS 0x000000008b100000, 0x000000008b100000| Complete 
| 178|0x000000008b200000, 0x000000008b300000, 0x000000008b300000|100%| E|CS|TAMS 0x000000008b200000, 0x000000008b200000| Complete 
| 179|0x000000008b300000, 0x000000008b400000, 0x000000008b400000|100%| E|CS|TAMS 0x000000008b300000, 0x000000008b300000| Complete 
| 180|0x000000008b400000, 0x000000008b500000, 0x000000008b500000|100%| E|CS|TAMS 0x000000008b400000, 0x000000008b400000| Complete 
| 181|0x000000008b500000, 0x000000008b600000, 0x000000008b600000|100%| E|CS|TAMS 0x000000008b500000, 0x000000008b500000| Complete 
| 182|0x000000008b600000, 0x000000008b700000, 0x000000008b700000|100%| E|CS|TAMS 0x000000008b600000, 0x000000008b600000| Complete 
| 183|0x000000008b700000, 0x000000008b800000, 0x000000008b800000|100%| E|CS|TAMS 0x000000008b700000, 0x000000008b700000| Complete 
| 184|0x000000008b800000, 0x000000008b900000, 0x000000008b900000|100%| E|CS|TAMS 0x000000008b800000, 0x000000008b800000| Complete 
| 185|0x000000008b900000, 0x000000008ba00000, 0x000000008ba00000|100%| E|CS|TAMS 0x000000008b900000, 0x000000008b900000| Complete 
| 186|0x000000008ba00000, 0x000000008bb00000, 0x000000008bb00000|100%| E|CS|TAMS 0x000000008ba00000, 0x000000008ba00000| Complete 
| 187|0x000000008bb00000, 0x000000008bc00000, 0x000000008bc00000|100%| E|CS|TAMS 0x000000008bb00000, 0x000000008bb00000| Complete 
| 188|0x000000008bc00000, 0x000000008bd00000, 0x000000008bd00000|100%| E|CS|TAMS 0x000000008bc00000, 0x000000008bc00000| Complete 
| 189|0x000000008bd00000, 0x000000008be00000, 0x000000008be00000|100%| E|CS|TAMS 0x000000008bd00000, 0x000000008bd00000| Complete 

Card table byte_map: [0x0000025f67c30000,0x0000025f68030000] _byte_map_base: 0x0000025f67830000

Marking Bits (Prev, Next): (CMBitMap*) 0x0000025f54a544c8, (CMBitMap*) 0x0000025f54a54500
 Prev Bits: [0x0000025f68430000, 0x0000025f6a430000)
 Next Bits: [0x0000025f6a430000, 0x0000025f6c430000)

Polling page: 0x0000025f52bc0000

Metaspace:

Usage:
  Non-class:     42.81 MB capacity,    41.97 MB ( 98%) used,   737.66 KB (  2%) free+waste,   130.06 KB ( <1%) overhead. 
      Class:      6.59 MB capacity,     6.16 MB ( 93%) used,   381.37 KB (  6%) free+waste,    62.13 KB ( <1%) overhead. 
       Both:     49.41 MB capacity,    48.13 MB ( 97%) used,     1.09 MB (  2%) free+waste,   192.19 KB ( <1%) overhead. 

Virtual space:
  Non-class space:       44.00 MB reserved,      43.00 MB ( 98%) committed 
      Class space:        1.00 GB reserved,       6.63 MB ( <1%) committed 
             Both:        1.04 GB reserved,      49.63 MB (  5%) committed 

Chunk freelists:
   Non-Class:  0 bytes
       Class:  1.00 KB
        Both:  1.00 KB

MaxMetaspaceSize: 17179869184.00 GB
CompressedClassSpaceSize: 1.00 GB

CodeHeap 'non-profiled nmethods': size=120000Kb used=3042Kb max_used=3042Kb free=116957Kb
 bounds [0x0000025f5ffd0000, 0x0000025f602d0000, 0x0000025f67500000]
CodeHeap 'profiled nmethods': size=120000Kb used=10477Kb max_used=10477Kb free=109522Kb
 bounds [0x0000025f58aa0000, 0x0000025f594e0000, 0x0000025f5ffd0000]
CodeHeap 'non-nmethods': size=5760Kb used=2217Kb max_used=2277Kb free=3542Kb
 bounds [0x0000025f58500000, 0x0000025f58770000, 0x0000025f58aa0000]
 total_blobs=5975 nmethods=5186 adapters=700
 compilation: enabled
              stopped_count=0, restarted_count=0
 full_count=0

Compilation events (20 events):
Event: 6.428 Thread 0x0000025f6f723800 5166       3       com.google.common.collect.MapMakerInternalMap$StrongKeyWeakValueSegment::maybeDrainReferenceQueues (9 bytes)
Event: 6.428 Thread 0x0000025f6f723800 nmethod 5166 0x0000025f594ce490 code [0x0000025f594ce640, 0x0000025f594ce7e8]
Event: 6.428 Thread 0x0000025f6f723800 5167       3       com.google.common.collect.MapMakerInternalMap$Segment::drainValueReferenceQueue (42 bytes)
Event: 6.428 Thread 0x0000025f6f723800 nmethod 5167 0x0000025f594ce890 code [0x0000025f594ceae0, 0x0000025f594cf568]
Event: 6.429 Thread 0x0000025f6f723800 5168   !   3       org.gradle.internal.classloader.FilteringClassLoader::loadClass (62 bytes)
Event: 6.429 Thread 0x0000025f6f723800 nmethod 5168 0x0000025f594cf910 code [0x0000025f594cfbe0, 0x0000025f594d09e8]
Event: 6.432 Thread 0x0000025f6f723800 5169       3       java.lang.ClassLoader::findClass (9 bytes)
Event: 6.432 Thread 0x0000025f6f723800 nmethod 5169 0x0000025f594d0f10 code [0x0000025f594d10c0, 0x0000025f594d1248]
Event: 6.446 Thread 0x0000025f6f722000 5170       4       java.lang.ClassLoader::addClass (9 bytes)
Event: 6.448 Thread 0x0000025f7212d800 5171       4       sun.reflect.generics.parser.SignatureParser::init (16 bytes)
Event: 6.448 Thread 0x0000025f6f722000 nmethod 5170 0x0000025f602c6690 code [0x0000025f602c6840, 0x0000025f602c6ce8]
Event: 6.449 Thread 0x0000025f7212d800 nmethod 5171 0x0000025f602c6f10 code [0x0000025f602c70a0, 0x0000025f602c71d8]
Event: 6.452 Thread 0x0000025f6f723800 5172       3       com.google.common.collect.MapMakerInternalMap$WeakValueReferenceImpl::<init> (12 bytes)
Event: 6.452 Thread 0x0000025f6f723800 nmethod 5172 0x0000025f594d1310 code [0x0000025f594d14e0, 0x0000025f594d1878]
Event: 6.455 Thread 0x0000025f6f723800 5173       3       com.google.common.collect.MapMakerInternalMap$Segment::getLiveEntry (7 bytes)
Event: 6.455 Thread 0x0000025f6f723800 nmethod 5173 0x0000025f594d1990 code [0x0000025f594d1b40, 0x0000025f594d1ce8]
Event: 6.455 Thread 0x0000025f6f723800 5174       3       com.google.common.collect.MapMakerInternalMap$Segment::postReadCleanup (18 bytes)
Event: 6.455 Thread 0x0000025f6f723800 nmethod 5174 0x0000025f594d1d90 code [0x0000025f594d1f60, 0x0000025f594d22a8]
Event: 6.456 Thread 0x0000025f6f723800 5175   !   3       com.google.common.collect.MapMakerInternalMap$Segment::get (58 bytes)
Event: 6.456 Thread 0x0000025f6f723800 nmethod 5175 0x0000025f594d2410 code [0x0000025f594d26e0, 0x0000025f594d39c8]

GC Heap History (10 events):
Event: 0.471 GC heap before
{Heap before GC invocations=0 (full 0):
 garbage-first heap   total 194560K, used 30720K [0x0000000080000000, 0x0000000100000000)
  region size 1024K, 24 young (24576K), 0 survivors (0K)
 Metaspace       used 9788K, capacity 9986K, committed 10112K, reserved 1058816K
  class space    used 1022K, capacity 1102K, committed 1152K, reserved 1048576K
}
Event: 0.474 GC heap after
{Heap after GC invocations=1 (full 0):
 garbage-first heap   total 194560K, used 9028K [0x0000000080000000, 0x0000000100000000)
  region size 1024K, 3 young (3072K), 3 survivors (3072K)
 Metaspace       used 9788K, capacity 9986K, committed 10112K, reserved 1058816K
  class space    used 1022K, capacity 1102K, committed 1152K, reserved 1048576K
}
Event: 1.588 GC heap before
{Heap before GC invocations=1 (full 0):
 garbage-first heap   total 194560K, used 106308K [0x0000000080000000, 0x0000000100000000)
  region size 1024K, 99 young (101376K), 3 survivors (3072K)
 Metaspace       used 20602K, capacity 21118K, committed 21248K, reserved 1067008K
  class space    used 2518K, capacity 2720K, committed 2816K, reserved 1048576K
}
Event: 1.595 GC heap after
{Heap after GC invocations=2 (full 0):
 garbage-first heap   total 194560K, used 16342K [0x0000000080000000, 0x0000000100000000)
  region size 1024K, 11 young (11264K), 11 survivors (11264K)
 Metaspace       used 20602K, capacity 21118K, committed 21248K, reserved 1067008K
  class space    used 2518K, capacity 2720K, committed 2816K, reserved 1048576K
}
Event: 1.857 GC heap before
{Heap before GC invocations=3 (full 0):
 garbage-first heap   total 194560K, used 53206K [0x0000000080000000, 0x0000000100000000)
  region size 1024K, 47 young (48128K), 11 survivors (11264K)
 Metaspace       used 24178K, capacity 24756K, committed 24832K, reserved 1071104K
  class space    used 3111K, capacity 3319K, committed 3328K, reserved 1048576K
}
Event: 1.862 GC heap after
{Heap after GC invocations=4 (full 0):
 garbage-first heap   total 194560K, used 17774K [0x0000000080000000, 0x0000000100000000)
  region size 1024K, 2 young (2048K), 2 survivors (2048K)
 Metaspace       used 24178K, capacity 24756K, committed 24832K, reserved 1071104K
  class space    used 3111K, capacity 3319K, committed 3328K, reserved 1048576K
}
Event: 2.800 GC heap before
{Heap before GC invocations=4 (full 0):
 garbage-first heap   total 194560K, used 92526K [0x0000000080000000, 0x0000000100000000)
  region size 1024K, 76 young (77824K), 2 survivors (2048K)
 Metaspace       used 35035K, capacity 35830K, committed 35840K, reserved 1081344K
  class space    used 4541K, capacity 4864K, committed 4864K, reserved 1048576K
}
Event: 2.811 GC heap after
{Heap after GC invocations=5 (full 0):
 garbage-first heap   total 194560K, used 21602K [0x0000000080000000, 0x0000000100000000)
  region size 1024K, 6 young (6144K), 6 survivors (6144K)
 Metaspace       used 35035K, capacity 35830K, committed 35840K, reserved 1081344K
  class space    used 4541K, capacity 4864K, committed 4864K, reserved 1048576K
}
Event: 4.779 GC heap before
{Heap before GC invocations=6 (full 0):
 garbage-first heap   total 194560K, used 128098K [0x0000000080000000, 0x0000000100000000)
  region size 1024K, 107 young (109568K), 6 survivors (6144K)
 Metaspace       used 43471K, capacity 44491K, committed 44672K, reserved 1087488K
  class space    used 5553K, capacity 5928K, committed 6016K, reserved 1048576K
}
Event: 4.789 GC heap after
{Heap after GC invocations=7 (full 0):
 garbage-first heap   total 194560K, used 27785K [0x0000000080000000, 0x0000000100000000)
  region size 1024K, 12 young (12288K), 12 survivors (12288K)
 Metaspace       used 43471K, capacity 44491K, committed 44672K, reserved 1087488K
  class space    used 5553K, capacity 5928K, committed 6016K, reserved 1048576K
}

Deoptimization events (20 events):
Event: 6.318 Thread 0x0000025f71d20000 Uncommon trap: trap_request=0xffffff4d fr.pc=0x0000025f60276f9c relative=0x000000000000007c
Event: 6.318 Thread 0x0000025f71d20000 Uncommon trap: reason=unstable_if action=reinterpret pc=0x0000025f60276f9c method=java.util.Spliterator.getExactSizeIfKnown()J @ 9 c2
Event: 6.318 Thread 0x0000025f71d20000 DEOPT PACKING pc=0x0000025f60276f9c sp=0x000000ae159fb920
Event: 6.318 Thread 0x0000025f71d20000 DEOPT UNPACKING pc=0x0000025f585278af sp=0x000000ae159fb8b8 mode 2
Event: 6.319 Thread 0x0000025f71d20000 Uncommon trap: trap_request=0xffffffc6 fr.pc=0x0000025f6019af2c relative=0x0000000000003b0c
Event: 6.319 Thread 0x0000025f71d20000 Uncommon trap: reason=bimorphic_or_optimized_type_check action=maybe_recompile pc=0x0000025f6019af2c method=java.util.AbstractCollection.addAll(Ljava/util/Collection;)Z @ 29 c2
Event: 6.319 Thread 0x0000025f71d20000 DEOPT PACKING pc=0x0000025f6019af2c sp=0x000000ae159fc400
Event: 6.319 Thread 0x0000025f71d20000 DEOPT UNPACKING pc=0x0000025f585278af sp=0x000000ae159fc400 mode 2
Event: 6.341 Thread 0x0000025f71d20000 Uncommon trap: trap_request=0xffffffc6 fr.pc=0x0000025f600e4eec relative=0x000000000000020c
Event: 6.341 Thread 0x0000025f71d20000 Uncommon trap: reason=bimorphic_or_optimized_type_check action=maybe_recompile pc=0x0000025f600e4eec method=com.google.common.base.CharMatcher.indexIn(Ljava/lang/CharSequence;I)I @ 31 c2
Event: 6.341 Thread 0x0000025f71d20000 DEOPT PACKING pc=0x0000025f600e4eec sp=0x000000ae159f8a80
Event: 6.342 Thread 0x0000025f71d20000 DEOPT UNPACKING pc=0x0000025f585278af sp=0x000000ae159f8a28 mode 2
Event: 6.343 Thread 0x0000025f71d20000 Uncommon trap: trap_request=0xffffffc6 fr.pc=0x0000025f600e4eec relative=0x000000000000020c
Event: 6.343 Thread 0x0000025f71d20000 Uncommon trap: reason=bimorphic_or_optimized_type_check action=maybe_recompile pc=0x0000025f600e4eec method=com.google.common.base.CharMatcher.indexIn(Ljava/lang/CharSequence;I)I @ 31 c2
Event: 6.343 Thread 0x0000025f71d20000 DEOPT PACKING pc=0x0000025f600e4eec sp=0x000000ae159fa360
Event: 6.343 Thread 0x0000025f71d20000 DEOPT UNPACKING pc=0x0000025f585278af sp=0x000000ae159fa308 mode 2
Event: 6.351 Thread 0x0000025f71d20000 Uncommon trap: trap_request=0xffffff4d fr.pc=0x0000025f60026abc relative=0x000000000000055c
Event: 6.351 Thread 0x0000025f71d20000 Uncommon trap: reason=unstable_if action=reinterpret pc=0x0000025f60026abc method=java.util.jar.Manifest$FastInputStream.readLine([BII)I @ 130 c2
Event: 6.351 Thread 0x0000025f71d20000 DEOPT PACKING pc=0x0000025f60026abc sp=0x000000ae159f8590
Event: 6.351 Thread 0x0000025f71d20000 DEOPT UNPACKING pc=0x0000025f585278af sp=0x000000ae159f8520 mode 2

Classes redefined (0 events):
No events

Internal exceptions (20 events):
Event: 6.290 Thread 0x0000025f71d20000 Exception <a 'java/lang/ClassNotFoundException'{0x00000000879becb0}: org/gradle/api/internal/AbstractTaskCustomizer> (0x00000000879becb0) thrown at [./src/hotspot/share/classfile/systemDictionary.cpp, line 231]
Event: 6.293 Thread 0x0000025f71d20000 Exception <a 'java/lang/ClassNotFoundException'{0x000000008782f560}: org/gradle/api/DefaultTaskCustomizer> (0x000000008782f560) thrown at [./src/hotspot/share/classfile/systemDictionary.cpp, line 231]
Event: 6.296 Thread 0x0000025f71d20000 Exception <a 'java/lang/ClassNotFoundException'{0x00000000878af418}: org/gradle/api/internal/ConventionTaskCustomizer> (0x00000000878af418) thrown at [./src/hotspot/share/classfile/systemDictionary.cpp, line 231]
Event: 6.297 Thread 0x0000025f71d20000 Exception <a 'java/lang/ClassNotFoundException'{0x00000000878e6460}: org/gradle/api/tasks/DeleteCustomizer> (0x00000000878e6460) thrown at [./src/hotspot/share/classfile/systemDictionary.cpp, line 231]
Event: 6.299 Thread 0x0000025f71d20000 Exception <a 'java/lang/ClassNotFoundException'{0x0000000087724cd8}: org/gradle/api/tasks/Delete_DecoratedCustomizer> (0x0000000087724cd8) thrown at [./src/hotspot/share/classfile/systemDictionary.cpp, line 231]
Event: 6.317 Thread 0x0000025f71d20000 Exception <a 'java/lang/NoSuchMethodError'{0x00000000876371f8}: 'long java.lang.invoke.DirectMethodHandle$Holder.invokeVirtual(java.lang.Object, java.lang.Object)'> (0x00000000876371f8) thrown at [./src/hotspot/share/interpreter/linkResolver.cpp, line 773]
Event: 6.320 Thread 0x0000025f71f49000 Exception <a 'java/lang/NoSuchMethodError'{0x000000008bd096e8}: <clinit>> (0x000000008bd096e8) thrown at [./src/hotspot/share/prims/jni.cpp, line 1362]
Event: 6.322 Thread 0x0000025f71f49000 Exception <a 'java/lang/NoSuchMethodError'{0x0000000087698ca8}: <clinit>> (0x0000000087698ca8) thrown at [./src/hotspot/share/prims/jni.cpp, line 1362]
Event: 6.322 Thread 0x0000025f71f49000 Exception <a 'java/lang/NoSuchMethodError'{0x0000000087699db8}: <clinit>> (0x0000000087699db8) thrown at [./src/hotspot/share/prims/jni.cpp, line 1362]
Event: 6.322 Thread 0x0000025f71f49000 Exception <a 'java/lang/NoSuchMethodError'{0x000000008769b0c0}: <clinit>> (0x000000008769b0c0) thrown at [./src/hotspot/share/prims/jni.cpp, line 1362]
Event: 6.322 Thread 0x0000025f71f49000 Exception <a 'java/lang/NoSuchMethodError'{0x000000008769c0e0}: <clinit>> (0x000000008769c0e0) thrown at [./src/hotspot/share/prims/jni.cpp, line 1362]
Event: 6.322 Thread 0x0000025f71f49000 Exception <a 'java/lang/NoSuchMethodError'{0x00000000876a5ec8}: <clinit>> (0x00000000876a5ec8) thrown at [./src/hotspot/share/prims/jni.cpp, line 1362]
Event: 6.323 Thread 0x0000025f71f49000 Exception <a 'java/lang/NoSuchMethodError'{0x00000000876b00e0}: <clinit>> (0x00000000876b00e0) thrown at [./src/hotspot/share/prims/jni.cpp, line 1362]
Event: 6.325 Thread 0x0000025f71f49000 Exception <a 'java/lang/NoSuchMethodError'{0x0000000087502298}: <clinit>> (0x0000000087502298) thrown at [./src/hotspot/share/prims/jni.cpp, line 1362]
Event: 6.334 Thread 0x0000025f71d20000 Exception <a 'java/lang/ClassNotFoundException'{0x000000008754a970}: build_bka78ur9tznnv0izzxyegufjqBeanInfo> (0x000000008754a970) thrown at [./src/hotspot/share/classfile/systemDictionary.cpp, line 231]
Event: 6.334 Thread 0x0000025f71d20000 Exception <a 'java/lang/ClassNotFoundException'{0x0000000087555898}: build_bka78ur9tznnv0izzxyegufjqCustomizer> (0x0000000087555898) thrown at [./src/hotspot/share/classfile/systemDictionary.cpp, line 231]
Event: 6.339 Thread 0x0000025f71d20000 Exception <a 'java/lang/ClassNotFoundException'{0x00000000875d5d28}: org/gradle/plugin/use/internal/PluginRequestCollector$PluginDependenciesSpecImplBeanInfo> (0x00000000875d5d28) thrown at [./src/hotspot/share/classfile/systemDictionary.cpp, line 231]
Event: 6.340 Thread 0x0000025f71d20000 Exception <a 'java/lang/ClassNotFoundException'{0x00000000874040c8}: org/gradle/plugin/use/internal/PluginRequestCollector$PluginDependenciesSpecImplCustomizer> (0x00000000874040c8) thrown at [./src/hotspot/share/classfile/systemDictionary.cpp, line 231]
Event: 6.365 Thread 0x0000025f71d20000 Exception <a 'java/lang/ClassNotFoundException'{0x00000000872827b8}: org/gradle/api/internal/plugins/DefaultObjectConfigurationActionBeanInfo> (0x00000000872827b8) thrown at [./src/hotspot/share/classfile/systemDictionary.cpp, line 231]
Event: 6.365 Thread 0x0000025f71d20000 Exception <a 'java/lang/ClassNotFoundException'{0x00000000872b5dd0}: org/gradle/api/internal/plugins/DefaultObjectConfigurationActionCustomizer> (0x00000000872b5dd0) thrown at [./src/hotspot/share/classfile/systemDictionary.cpp, line 231]

Events (20 events):
Event: 6.454 loading class com/android/build/api/component/Component
Event: 6.454 loading class com/android/build/api/component/Component done
Event: 6.454 loading class com/android/build/api/variant/Component
Event: 6.454 loading class com/android/build/api/variant/Component done
Event: 6.454 loading class com/android/build/api/variant/HasAndroidResources
Event: 6.454 loading class com/android/build/api/variant/HasAndroidResources done
Event: 6.454 loading class com/android/build/gradle/internal/component/ApplicationCreationConfig
Event: 6.454 loading class com/android/build/gradle/internal/component/ApplicationCreationConfig done
Event: 6.454 loading class com/android/build/gradle/internal/component/ApkCreationConfig
Event: 6.454 loading class com/android/build/gradle/internal/component/ApkCreationConfig done
Event: 6.455 loading class com/android/build/gradle/internal/component/ConsumableCreationConfig
Event: 6.455 loading class com/android/build/gradle/internal/component/ConsumableCreationConfig done
Event: 6.455 loading class com/android/build/gradle/internal/component/VariantCreationConfig
Event: 6.455 loading class com/android/build/gradle/internal/component/VariantCreationConfig done
Event: 6.456 loading class com/android/build/gradle/internal/component/ComponentCreationConfig
Event: 6.456 loading class com/android/build/gradle/internal/component/ComponentCreationConfig done
Event: 6.456 loading class com/android/build/api/variant/impl/HasAndroidTest
Event: 6.456 loading class com/android/build/api/variant/impl/HasAndroidTest done
Event: 6.457 loading class com/android/build/api/variant/impl/VariantImpl
Event: 6.457 loading class com/android/build/api/variant/impl/VariantImpl done


Dynamic libraries:
0x00007ff75dba0000 - 0x00007ff75dbaa000 	C:\Program Files\Android\Android Studio\jre\bin\java.exe
0x00007ffd31a40000 - 0x00007ffd31c47000 	C:\WINDOWS\SYSTEM32\ntdll.dll
0x00007ffd2fea0000 - 0x00007ffd2ff5d000 	C:\WINDOWS\System32\KERNEL32.DLL
0x00007ffd2ef20000 - 0x00007ffd2f294000 	C:\WINDOWS\System32\KERNELBASE.dll
0x00007ffd2f2a0000 - 0x00007ffd2f3b1000 	C:\WINDOWS\System32\ucrtbase.dll
0x00007ffd16560000 - 0x00007ffd16579000 	C:\Program Files\Android\Android Studio\jre\bin\jli.dll
0x00007ffd30b00000 - 0x00007ffd30cac000 	C:\WINDOWS\System32\USER32.dll
0x00007ffd13ad0000 - 0x00007ffd13ae7000 	C:\Program Files\Android\Android Studio\jre\bin\VCRUNTIME140.dll
0x00007ffd2f3c0000 - 0x00007ffd2f3e6000 	C:\WINDOWS\System32\win32u.dll
0x00007ffd30d60000 - 0x00007ffd30d89000 	C:\WINDOWS\System32\GDI32.dll
0x00007ffd1f160000 - 0x00007ffd1f405000 	C:\WINDOWS\WinSxS\amd64_microsoft.windows.common-controls_6595b64144ccf1df_6.0.22000.120_none_9d947278b86cc467\COMCTL32.dll
0x00007ffd2f6f0000 - 0x00007ffd2f802000 	C:\WINDOWS\System32\gdi32full.dll
0x00007ffd30cb0000 - 0x00007ffd30d53000 	C:\WINDOWS\System32\msvcrt.dll
0x00007ffd2f5d0000 - 0x00007ffd2f66d000 	C:\WINDOWS\System32\msvcp_win.dll
0x00007ffd316f0000 - 0x00007ffd31721000 	C:\WINDOWS\System32\IMM32.DLL
0x00007ffcf7ae0000 - 0x00007ffcf7b7d000 	C:\Program Files\Android\Android Studio\jre\bin\msvcp140.dll
0x00007ffcf3690000 - 0x00007ffcf415f000 	C:\Program Files\Android\Android Studio\jre\bin\server\jvm.dll
0x00007ffd2ff60000 - 0x00007ffd3000c000 	C:\WINDOWS\System32\ADVAPI32.dll
0x00007ffd315d0000 - 0x00007ffd3166d000 	C:\WINDOWS\System32\sechost.dll
0x00007ffd30830000 - 0x00007ffd30951000 	C:\WINDOWS\System32\RPCRT4.dll
0x00007ffd30010000 - 0x00007ffd30018000 	C:\WINDOWS\System32\PSAPI.DLL
0x00007ffd1dcb0000 - 0x00007ffd1dcb9000 	C:\WINDOWS\SYSTEM32\WSOCK32.dll
0x00007ffd31470000 - 0x00007ffd314df000 	C:\WINDOWS\System32\WS2_32.dll
0x00007ffd1e840000 - 0x00007ffd1e873000 	C:\WINDOWS\SYSTEM32\WINMM.dll
0x00007ffd26ea0000 - 0x00007ffd26eaa000 	C:\WINDOWS\SYSTEM32\VERSION.dll
0x00007ffd2e130000 - 0x00007ffd2e148000 	C:\WINDOWS\SYSTEM32\kernel.appcore.dll
0x00007ffd1fa90000 - 0x00007ffd1faa1000 	C:\Program Files\Android\Android Studio\jre\bin\verify.dll
0x00007ffd19db0000 - 0x00007ffd19fd1000 	C:\WINDOWS\SYSTEM32\DBGHELP.DLL
0x00007ffd193c0000 - 0x00007ffd193f1000 	C:\WINDOWS\SYSTEM32\dbgcore.DLL
0x00007ffd2f670000 - 0x00007ffd2f6ef000 	C:\WINDOWS\System32\bcryptPrimitives.dll
0x00007ffd1fa60000 - 0x00007ffd1fa89000 	C:\Program Files\Android\Android Studio\jre\bin\java.dll
0x00007ffd2b8a0000 - 0x00007ffd2b8ab000 	C:\Program Files\Android\Android Studio\jre\bin\jimage.dll
0x00007ffd1fa40000 - 0x00007ffd1fa58000 	C:\Program Files\Android\Android Studio\jre\bin\zip.dll
0x00007ffd30020000 - 0x00007ffd307ce000 	C:\WINDOWS\System32\SHELL32.dll
0x00007ffd2d0d0000 - 0x00007ffd2d937000 	C:\WINDOWS\SYSTEM32\windows.storage.dll
0x00007ffd2fb10000 - 0x00007ffd2fe88000 	C:\WINDOWS\System32\combase.dll
0x00007ffd2cf60000 - 0x00007ffd2d0c6000 	C:\WINDOWS\SYSTEM32\wintypes.dll
0x00007ffd314e0000 - 0x00007ffd315ca000 	C:\WINDOWS\System32\SHCORE.dll
0x00007ffd31670000 - 0x00007ffd316cd000 	C:\WINDOWS\System32\shlwapi.dll
0x00007ffd2ee50000 - 0x00007ffd2ee71000 	C:\WINDOWS\SYSTEM32\profapi.dll
0x00007ffd1fa20000 - 0x00007ffd1fa3a000 	C:\Program Files\Android\Android Studio\jre\bin\net.dll
0x00007ffd29400000 - 0x00007ffd2950c000 	C:\WINDOWS\SYSTEM32\WINHTTP.dll
0x00007ffd2e540000 - 0x00007ffd2e5a7000 	C:\WINDOWS\system32\mswsock.dll
0x00007ffd1fa00000 - 0x00007ffd1fa14000 	C:\Program Files\Android\Android Studio\jre\bin\nio.dll
0x00007ffd26840000 - 0x00007ffd26867000 	C:\Users\syedmhdarif_\.gradle\native\8bec1ad78214c89d9ad589b4d07fe93259594b29d510b10fafb7a158f7737e5d\windows-amd64\native-platform.dll
0x00007ffcfa9a0000 - 0x00007ffcfaadd000 	C:\Users\syedmhdarif_\.gradle\native\53dbd7edfb1c66fb8903c78663c9afc45aea4f116125fa6feffd364cf09443e8\windows-amd64\native-platform-file-events.dll
0x00007ffd2b660000 - 0x00007ffd2b66a000 	C:\Program Files\Android\Android Studio\jre\bin\management.dll
0x00007ffd2b630000 - 0x00007ffd2b63c000 	C:\Program Files\Android\Android Studio\jre\bin\management_ext.dll
0x00007ffd2e790000 - 0x00007ffd2e7a8000 	C:\WINDOWS\SYSTEM32\CRYPTSP.dll
0x00007ffd2e090000 - 0x00007ffd2e0c5000 	C:\WINDOWS\system32\rsaenh.dll
0x00007ffd2e630000 - 0x00007ffd2e659000 	C:\WINDOWS\SYSTEM32\USERENV.dll
0x00007ffd2e900000 - 0x00007ffd2e927000 	C:\WINDOWS\SYSTEM32\bcrypt.dll
0x00007ffd2e780000 - 0x00007ffd2e78c000 	C:\WINDOWS\SYSTEM32\CRYPTBASE.dll
0x00007ffd2dc60000 - 0x00007ffd2dc8d000 	C:\WINDOWS\SYSTEM32\IPHLPAPI.DLL
0x00007ffd30d90000 - 0x00007ffd30d99000 	C:\WINDOWS\System32\NSI.dll
0x00007ffd29350000 - 0x00007ffd29369000 	C:\WINDOWS\SYSTEM32\dhcpcsvc6.DLL
0x00007ffd29610000 - 0x00007ffd2962e000 	C:\WINDOWS\SYSTEM32\dhcpcsvc.DLL
0x00007ffd2dc90000 - 0x00007ffd2dd77000 	C:\WINDOWS\SYSTEM32\DNSAPI.dll

dbghelp: loaded successfully - version: 4.0.5 - missing functions: none
symbol engine: initialized successfully - sym options: 0x614 - pdb path: .;C:\Program Files\Android\Android Studio\jre\bin;C:\WINDOWS\SYSTEM32;C:\WINDOWS\WinSxS\amd64_microsoft.windows.common-controls_6595b64144ccf1df_6.0.22000.120_none_9d947278b86cc467;C:\Program Files\Android\Android Studio\jre\bin\server;C:\Users\syedmhdarif_\.gradle\native\8bec1ad78214c89d9ad589b4d07fe93259594b29d510b10fafb7a158f7737e5d\windows-amd64;C:\Users\syedmhdarif_\.gradle\native\53dbd7edfb1c66fb8903c78663c9afc45aea4f116125fa6feffd364cf09443e8\windows-amd64

VM Arguments:
jvm_args: --add-opens=java.base/java.util=ALL-UNNAMED --add-opens=java.base/java.lang=ALL-UNNAMED --add-opens=java.base/java.lang.invoke=ALL-UNNAMED --add-opens=java.base/java.util=ALL-UNNAMED --add-opens=java.prefs/java.util.prefs=ALL-UNNAMED --add-opens=java.prefs/java.util.prefs=ALL-UNNAMED --add-opens=java.base/java.nio.charset=ALL-UNNAMED --add-opens=java.base/java.net=ALL-UNNAMED --add-opens=java.base/java.util.concurrent.atomic=ALL-UNNAMED -Xmx2048m -Dfile.encoding=UTF-8 -Duser.country=US -Duser.language=en -Duser.variant 
java_command: org.gradle.launcher.daemon.bootstrap.GradleDaemon 7.0.2
java_class_path (initial): C:\Users\syedmhdarif_\.gradle\wrapper\dists\gradle-7.0.2-bin\857tjihv64xamwrf0h14cai3r\gradle-7.0.2\lib\gradle-launcher-7.0.2.jar
Launcher Type: SUN_STANDARD

[Global flags]
     intx CICompilerCount                          = 4                                         {product} {ergonomic}
     uint ConcGCThreads                            = 2                                         {product} {ergonomic}
     uint G1ConcRefinementThreads                  = 8                                         {product} {ergonomic}
   size_t G1HeapRegionSize                         = 1048576                                   {product} {ergonomic}
    uintx GCDrainStackTargetSize                   = 64                                        {product} {ergonomic}
   size_t InitialHeapSize                          = 199229440                                 {product} {ergonomic}
   size_t MarkStackSize                            = 4194304                                   {product} {ergonomic}
   size_t MaxHeapSize                              = 2147483648                                {product} {command line}
   size_t MaxNewSize                               = 1287651328                                {product} {ergonomic}
   size_t MinHeapDeltaBytes                        = 1048576                                   {product} {ergonomic}
    uintx NonNMethodCodeHeapSize                   = 5836300                                {pd product} {ergonomic}
    uintx NonProfiledCodeHeapSize                  = 122910970                              {pd product} {ergonomic}
    uintx ProfiledCodeHeapSize                     = 122910970                              {pd product} {ergonomic}
    uintx ReservedCodeCacheSize                    = 251658240                              {pd product} {ergonomic}
     bool SegmentedCodeCache                       = true                                      {product} {ergonomic}
     bool UseCompressedClassPointers               = true                                 {lp64_product} {ergonomic}
     bool UseCompressedOops                        = true                                 {lp64_product} {ergonomic}
     bool UseG1GC                                  = true                                      {product} {ergonomic}
     bool UseLargePagesIndividualAllocation        = false                                  {pd product} {ergonomic}

Logging:
Log output configuration:
 #0: stdout all=warning uptime,level,tags
 #1: stderr all=off uptime,level,tags

Environment Variables:
JAVA_HOME=C:\Program Files\Java\jdk1.8.0_251
PATH=C:\Program Files (x86)\Common Files\Oracle\Java\javapath;C:\Program Files (x86)\Common Files\Intel\Shared Libraries\redist\intel64\compiler;C:\Windows\system32;C:\Windows;C:\Windows\System32\Wbem;C:\Windows\System32\WindowsPowerShell\v1.0\;C:\Windows\System32\OpenSSH\;C:\Program Files (x86)\NVIDIA Corporation\PhysX\Common;C:\Program Files\NVIDIA Corporation\NVIDIA NvDLISR;C:\Program Files\nodejs\;C:\Users\syedmhdarif_\AppData\Local\Android\Sdk\tools;%ANDROID_HOME\tools\bin;C:\Users\syedmhdarif_\AppData\Local\Android\Sdk\platform-tools;C:\Program Files\Java\jdk1.8.0_251\bin;C:\WINDOWS\system32;C:\WINDOWS;C:\WINDOWS\System32\Wbem;C:\WINDOWS\System32\WindowsPowerShell\v1.0\;C:\WINDOWS\System32\OpenSSH\;C:\Program Files\Git\cmd;C:\Users\syedmhdarif_\AppData\Local\Microsoft\WindowsApps;C:\Users\syedmhdarif_\AppData\Roaming\npm;C:\Users\syedmhdarif_\AppData\Local\Programs\Microsoft VS Code\bin;C:\Users\syedmhdarif_\AppData\Local\Android\Sdk\tools;C:\Users\syedmhdarif_\AppData\Local\Android\Sdk\tools\bin;C:\Users\syedmhdarif_\AppData\Local\Android\Sdk\platform-tools;C:\Users\syedmhdarif_\AppData\Local\GitHubDesktop\bin;
USERNAME=syedmhdarif_
OS=Windows_NT
PROCESSOR_IDENTIFIER=Intel64 Family 6 Model 165 Stepping 2, GenuineIntel



---------------  S Y S T E M  ---------------

OS: Windows 10 , 64 bit Build 22000 (10.0.22000.318)
OS uptime: 0 days 15:26 hours

CPU:total 8 (initial active 8) (4 cores per cpu, 2 threads per core) family 6 model 165 stepping 2 microcode 0xe2, cmov, cx8, fxsr, mmx, sse, sse2, sse3, ssse3, sse4.1, sse4.2, popcnt, avx, avx2, aes, clmul, erms, 3dnowpref, lzcnt, ht, tsc, tscinvbit, bmi1, bmi2, adx, fma

Memory: 4k page, system-wide physical 12109M (456M free)
TotalPageFile size 48973M (AvailPageFile size 1M)
current process WorkingSet (physical memory assigned to process): 327M, peak: 327M
current process commit charge ("private bytes"): 414M, peak: 414M

vm_info: OpenJDK 64-Bit Server VM (11.0.10+0-b96-7249189) for windows-amd64 JRE (11.0.10+0-b96-7249189), built on Mar 31 2021 21:44:00 by "builder" with MS VC++ 14.0 (VS2015)

END.
