#
# There is insufficient memory for the Java Runtime Environment to continue.
# Native memory allocation (mmap) failed to map 91226112 bytes for Failed to commit area from 0x0000000094900000 to 0x000000009a000000 of length 91226112.
# Possible reasons:
#   The system is out of physical RAM or swap space
#   The process is running with CompressedOops enabled, and the Java Heap may be blocking the growth of the native heap
# Possible solutions:
#   Reduce memory load on the system
#   Increase physical memory or swap space
#   Check if swap backing store is full
#   Decrease Java heap size (-Xmx/-Xms)
#   Decrease number of Java threads
#   Decrease Java thread stack sizes (-Xss)
#   Set larger code cache with -XX:ReservedCodeCacheSize=
#   JVM is running with Unscaled Compressed Oops mode in which the Java heap is
#     placed in the first 4GB address space. The Java Heap base address is the
#     maximum limit for the native heap growth. Please use -XX:HeapBaseMinAddress
#     to set the Java Heap base and to place the Java Heap above 4GB virtual address.
# This output file may be truncated or incomplete.
#
#  Out of Memory Error (./src/hotspot/os/windows/os_windows.cpp:3301), pid=15416, tid=23336
#
# JRE version: OpenJDK Runtime Environment (11.0.10) (build 11.0.10+0-b96-7249189)
# Java VM: OpenJDK 64-Bit Server VM (11.0.10+0-b96-7249189, mixed mode, tiered, compressed oops, g1 gc, windows-amd64)
# No core dump will be written. Minidumps are not enabled by default on client versions of Windows
#

---------------  S U M M A R Y ------------

Command Line: --add-opens=java.base/java.util=ALL-UNNAMED --add-opens=java.base/java.lang=ALL-UNNAMED --add-opens=java.base/java.lang.invoke=ALL-UNNAMED --add-opens=java.base/java.util=ALL-UNNAMED --add-opens=java.prefs/java.util.prefs=ALL-UNNAMED --add-opens=java.prefs/java.util.prefs=ALL-UNNAMED --add-opens=java.base/java.nio.charset=ALL-UNNAMED --add-opens=java.base/java.net=ALL-UNNAMED --add-opens=java.base/java.util.concurrent.atomic=ALL-UNNAMED -Xmx2048m -Dfile.encoding=UTF-8 -Duser.country=US -Duser.language=en -Duser.variant org.gradle.launcher.daemon.bootstrap.GradleDaemon 7.0.2

Host: Intel(R) Core(TM) i5-10200H CPU @ 2.40GHz, 8 cores, 11G,  Windows 10 , 64 bit Build 22000 (10.0.22000.318)
Time: Wed Jan  5 13:57:23 2022 Malay Peninsula Standard Time elapsed time: 10.997806 seconds (0d 0h 0m 10s)

---------------  T H R E A D  ---------------

Current thread (0x000002ea597d8000):  VMThread "VM Thread" [stack: 0x000000fa15700000,0x000000fa15800000] [id=23336]

Stack: [0x000000fa15700000,0x000000fa15800000]
[error occurred during error reporting (printing stack bounds), id 0xc0000005, EXCEPTION_ACCESS_VIOLATION (0xc0000005) at pc=0x000002ea42e40f2d]

Native frames: (J=compiled Java code, j=interpreted, Vv=VM code, C=native code)
V  [jvm.dll+0x5ecfaa]
V  [jvm.dll+0x722bd5]
V  [jvm.dll+0x72412d]
V  [jvm.dll+0x724745]
V  [jvm.dll+0x7246fb]
V  [jvm.dll+0x5ec348]
V  [jvm.dll+0x5ecad8]
C  [ntdll.dll+0xa82ff]
C  [ntdll.dll+0x35a0a]
C  [ntdll.dll+0xa730e]
C  0x000002ea42e40f2d

VM_Operation (0x000000fa18bf8770): G1CollectForAllocation, mode: safepoint, requested by thread 0x000002ea5db9d000


---------------  P R O C E S S  ---------------

Threads class SMR info:
_java_thread_list=0x000002ea68a57d10, length=66, elements={
0x000002ea3d38c000, 0x000002ea597ea800, 0x000002ea597f0000, 0x000002ea597e7000,
0x000002ea5a067800, 0x000002ea5a068000, 0x000002ea5a06b000, 0x000002ea5a06c000,
0x000002ea5a076000, 0x000002ea5a1cb000, 0x000002ea5a3fb800, 0x000002ea5b9a4800,
0x000002ea5b148800, 0x000002ea5b65b800, 0x000002ea5c6d9000, 0x000002ea5c056000,
0x000002ea5c0fd000, 0x000002ea5c236800, 0x000002ea5c4e8000, 0x000002ea5c230000,
0x000002ea5c22e800, 0x000002ea5c22a800, 0x000002ea5c231000, 0x000002ea5c22b000,
0x000002ea5c22d000, 0x000002ea5c22d800, 0x000002ea5c22f000, 0x000002ea5c22c000,
0x000002ea5db94000, 0x000002ea5db95000, 0x000002ea5de19800, 0x000002ea5db92800,
0x000002ea5db91000, 0x000002ea5db97800, 0x000002ea5db91800, 0x000002ea5db93800,
0x000002ea5db9a800, 0x000002ea5db9e800, 0x000002ea5db9b800, 0x000002ea5db9f800,
0x000002ea5db9e000, 0x000002ea5db9a000, 0x000002ea5db9c800, 0x000002ea5db9d000,
0x000002ea61143000, 0x000002ea61144000, 0x000002ea61145000, 0x000002ea61145800,
0x000002ea61146800, 0x000002ea61147000, 0x000002ea61141800, 0x000002ea61148000,
0x000002ea61149000, 0x000002ea6114a800, 0x000002ea6114b800, 0x000002ea6114d800,
0x000002ea6114c000, 0x000002ea6114f800, 0x000002ea6114e800, 0x000002ea61149800,
0x000002ea61150000, 0x000002ea63769800, 0x000002ea6376b000, 0x000002ea63767800,
0x000002ea6376c000, 0x000002ea63767000
}

Java Threads: ( => current thread )
  0x000002ea3d38c000 JavaThread "main" [_thread_blocked, id=17548, stack(0x000000fa15100000,0x000000fa15200000)]
  0x000002ea597ea800 JavaThread "Reference Handler" daemon [_thread_blocked, id=12696, stack(0x000000fa15800000,0x000000fa15900000)]
  0x000002ea597f0000 JavaThread "Finalizer" daemon [_thread_blocked, id=17996, stack(0x000000fa15900000,0x000000fa15a00000)]
  0x000002ea597e7000 JavaThread "Signal Dispatcher" daemon [_thread_blocked, id=6200, stack(0x000000fa15a00000,0x000000fa15b00000)]
  0x000002ea5a067800 JavaThread "Attach Listener" daemon [_thread_blocked, id=15888, stack(0x000000fa15b00000,0x000000fa15c00000)]
  0x000002ea5a068000 JavaThread "Service Thread" daemon [_thread_blocked, id=15232, stack(0x000000fa15c00000,0x000000fa15d00000)]
  0x000002ea5a06b000 JavaThread "C2 CompilerThread0" daemon [_thread_in_native, id=23284, stack(0x000000fa15d00000,0x000000fa15e00000)]
  0x000002ea5a06c000 JavaThread "C1 CompilerThread0" daemon [_thread_blocked, id=17104, stack(0x000000fa15e00000,0x000000fa15f00000)]
  0x000002ea5a076000 JavaThread "Sweeper thread" daemon [_thread_blocked, id=16636, stack(0x000000fa15f00000,0x000000fa16000000)]
  0x000002ea5a1cb000 JavaThread "Common-Cleaner" daemon [_thread_blocked, id=5852, stack(0x000000fa16000000,0x000000fa16100000)]
  0x000002ea5a3fb800 JavaThread "C2 CompilerThread1" daemon [_thread_blocked, id=11732, stack(0x000000fa16200000,0x000000fa16300000)]
  0x000002ea5b9a4800 JavaThread "Daemon health stats" [_thread_blocked, id=11424, stack(0x000000fa16700000,0x000000fa16800000)]
  0x000002ea5b148800 JavaThread "Incoming local TCP Connector on port 51468" [_thread_in_native, id=4712, stack(0x000000fa16600000,0x000000fa16700000)]
  0x000002ea5b65b800 JavaThread "Daemon periodic checks" [_thread_blocked, id=19180, stack(0x000000fa16800000,0x000000fa16900000)]
  0x000002ea5c6d9000 JavaThread "Daemon" [_thread_blocked, id=11576, stack(0x000000fa16900000,0x000000fa16a00000)]
  0x000002ea5c056000 JavaThread "Handler for socket connection from /127.0.0.1:51468 to /127.0.0.1:51469" [_thread_in_native, id=4280, stack(0x000000fa16a00000,0x000000fa16b00000)]
  0x000002ea5c0fd000 JavaThread "Cancel handler" [_thread_blocked, id=15616, stack(0x000000fa16b00000,0x000000fa16c00000)]
  0x000002ea5c236800 JavaThread "Daemon worker" [_thread_blocked, id=18812, stack(0x000000fa16c00000,0x000000fa16d00000)]
  0x000002ea5c4e8000 JavaThread "Asynchronous log dispatcher for DefaultDaemonConnection: socket connection from /127.0.0.1:51468 to /127.0.0.1:51469" [_thread_blocked, id=22532, stack(0x000000fa16d00000,0x000000fa16e00000)]
  0x000002ea5c230000 JavaThread "Stdin handler" [_thread_blocked, id=4248, stack(0x000000fa16e00000,0x000000fa16f00000)]
  0x000002ea5c22e800 JavaThread "Daemon client event forwarder" [_thread_blocked, id=21500, stack(0x000000fa16f00000,0x000000fa17000000)]
  0x000002ea5c22a800 JavaThread "Cache worker for file hash cache (C:\Users\syedmhdarif_\.gradle\caches\7.0.2\fileHashes)" [_thread_blocked, id=9768, stack(0x000000fa17000000,0x000000fa17100000)]
  0x000002ea5c231000 JavaThread "File lock request listener" [_thread_in_native, id=15220, stack(0x000000fa17100000,0x000000fa17200000)]
  0x000002ea5c22b000 JavaThread "Cache worker for journal cache (C:\Users\syedmhdarif_\.gradle\caches\journal-1)" [_thread_blocked, id=16284, stack(0x000000fa17700000,0x000000fa17800000)]
  0x000002ea5c22d000 JavaThread "Cache worker for file hash cache (C:\Users\syedmhdarif_\AndroidStudioProjects\AivieV3\.gradle\7.0.2\fileHashes)" [_thread_blocked, id=8788, stack(0x000000fa17800000,0x000000fa17900000)]
  0x000002ea5c22d800 JavaThread "File watcher server" daemon [_thread_blocked, id=20304, stack(0x000000fa17900000,0x000000fa17a00000)]
  0x000002ea5c22f000 JavaThread "File watcher consumer" daemon [_thread_blocked, id=1760, stack(0x000000fa17a00000,0x000000fa17b00000)]
  0x000002ea5c22c000 JavaThread "Cache worker for checksums cache (C:\Users\syedmhdarif_\AndroidStudioProjects\AivieV3\.gradle\checksums)" [_thread_blocked, id=1452, stack(0x000000fa17b00000,0x000000fa17c00000)]
  0x000002ea5db94000 JavaThread "Cache worker for cache directory md-supplier (C:\Users\syedmhdarif_\.gradle\caches\7.0.2\md-supplier)" [_thread_blocked, id=18500, stack(0x000000fa17c00000,0x000000fa17d00000)]
  0x000002ea5db95000 JavaThread "Cache worker for cache directory md-rule (C:\Users\syedmhdarif_\.gradle\caches\7.0.2\md-rule)" [_thread_blocked, id=23208, stack(0x000000fa17d00000,0x000000fa17e00000)]
  0x000002ea5de19800 JavaThread "C2 CompilerThread2" daemon [_thread_in_native, id=14852, stack(0x000000fa17e00000,0x000000fa17f00000)]
  0x000002ea5db92800 JavaThread "Cache worker for execution history cache (C:\Users\syedmhdarif_\.gradle\caches\7.0.2\executionHistory)" [_thread_blocked, id=5636, stack(0x000000fa17f00000,0x000000fa18000000)]
  0x000002ea5db91000 JavaThread "jar transforms" [_thread_blocked, id=4056, stack(0x000000fa18000000,0x000000fa18100000)]
  0x000002ea5db97800 JavaThread "jar transforms Thread 2" [_thread_blocked, id=2512, stack(0x000000fa18100000,0x000000fa18200000)]
  0x000002ea5db91800 JavaThread "Cache worker for file content cache (C:\Users\syedmhdarif_\.gradle\caches\7.0.2\fileContent)" [_thread_blocked, id=3988, stack(0x000000fa18200000,0x000000fa18300000)]
  0x000002ea5db93800 JavaThread "Cache worker for dependencies-accessors (C:\Users\syedmhdarif_\AndroidStudioProjects\AivieV3\.gradle\7.0.2\dependencies-accessors)" [_thread_blocked, id=11628, stack(0x000000fa18300000,0x000000fa18400000)]
  0x000002ea5db9a800 JavaThread "jar transforms Thread 3" [_thread_blocked, id=10316, stack(0x000000fa18400000,0x000000fa18500000)]
  0x000002ea5db9e800 JavaThread "Cache worker for Build Output Cleanup Cache (C:\Users\syedmhdarif_\AndroidStudioProjects\AivieV3\.gradle\buildOutputCleanup)" [_thread_blocked, id=23424, stack(0x000000fa18500000,0x000000fa18600000)]
  0x000002ea5db9b800 JavaThread "Build operations" [_thread_blocked, id=15528, stack(0x000000fa18600000,0x000000fa18700000)]
  0x000002ea5db9f800 JavaThread "Build operations Thread 2" [_thread_blocked, id=9884, stack(0x000000fa18700000,0x000000fa18800000)]
  0x000002ea5db9e000 JavaThread "Build operations Thread 3" [_thread_blocked, id=12020, stack(0x000000fa18800000,0x000000fa18900000)]
  0x000002ea5db9a000 JavaThread "Build operations Thread 4" [_thread_blocked, id=7356, stack(0x000000fa18900000,0x000000fa18a00000)]
  0x000002ea5db9c800 JavaThread "Build operations Thread 5" [_thread_blocked, id=9244, stack(0x000000fa18a00000,0x000000fa18b00000)]
  0x000002ea5db9d000 JavaThread "Build operations Thread 6" [_thread_blocked, id=1624, stack(0x000000fa18b00000,0x000000fa18c00000)]
  0x000002ea61143000 JavaThread "Build operations Thread 7" [_thread_blocked, id=15144, stack(0x000000fa18c00000,0x000000fa18d00000)]
  0x000002ea61144000 JavaThread "Build operations Thread 8" [_thread_blocked, id=14804, stack(0x000000fa18d00000,0x000000fa18e00000)]
  0x000002ea61145000 JavaThread "jar transforms Thread 4" [_thread_blocked, id=19064, stack(0x000000fa18e00000,0x000000fa18f00000)]
  0x000002ea61145800 JavaThread "jar transforms Thread 5" [_thread_blocked, id=6832, stack(0x000000fa18f00000,0x000000fa19000000)]
  0x000002ea61146800 JavaThread "jar transforms Thread 6" [_thread_blocked, id=6800, stack(0x000000fa19000000,0x000000fa19100000)]
  0x000002ea61147000 JavaThread "jar transforms Thread 7" [_thread_blocked, id=18752, stack(0x000000fa19100000,0x000000fa19200000)]
  0x000002ea61141800 JavaThread "jar transforms Thread 8" [_thread_blocked, id=6008, stack(0x000000fa19200000,0x000000fa19300000)]
  0x000002ea61148000 JavaThread "Memory manager" [_thread_blocked, id=16416, stack(0x000000fa19300000,0x000000fa19400000)]
  0x000002ea61149000 JavaThread "build event listener" [_thread_blocked, id=2856, stack(0x000000fa19400000,0x000000fa19500000)]
  0x000002ea6114a800 JavaThread "Execution worker for ':'" [_thread_blocked, id=20916, stack(0x000000fa19500000,0x000000fa19600000)]
  0x000002ea6114b800 JavaThread "Execution worker for ':' Thread 2" [_thread_blocked, id=2424, stack(0x000000fa19600000,0x000000fa19700000)]
  0x000002ea6114d800 JavaThread "Execution worker for ':' Thread 3" [_thread_blocked, id=11432, stack(0x000000fa19700000,0x000000fa19800000)]
  0x000002ea6114c000 JavaThread "Execution worker for ':' Thread 4" [_thread_blocked, id=19760, stack(0x000000fa19800000,0x000000fa19900000)]
  0x000002ea6114f800 JavaThread "Execution worker for ':' Thread 5" [_thread_blocked, id=2280, stack(0x000000fa19900000,0x000000fa19a00000)]
  0x000002ea6114e800 JavaThread "Execution worker for ':' Thread 6" [_thread_blocked, id=10700, stack(0x000000fa19a00000,0x000000fa19b00000)]
  0x000002ea61149800 JavaThread "Execution worker for ':' Thread 7" [_thread_blocked, id=23476, stack(0x000000fa19b00000,0x000000fa19c00000)]
  0x000002ea61150000 JavaThread "Cache worker for execution history cache (C:\Users\syedmhdarif_\AndroidStudioProjects\AivieV3\.gradle\7.0.2\executionHistory)" [_thread_blocked, id=22704, stack(0x000000fa19c00000,0x000000fa19d00000)]
  0x000002ea63769800 JavaThread "WorkerExecutor Queue" [_thread_blocked, id=23272, stack(0x000000fa19d00000,0x000000fa19e00000)]
  0x000002ea6376b000 JavaThread "WorkerExecutor Queue Thread 2" [_thread_blocked, id=17364, stack(0x000000fa19e00000,0x000000fa19f00000)]
  0x000002ea63767800 JavaThread "pool-3-thread-1" [_thread_blocked, id=6496, stack(0x000000fa19f00000,0x000000fa1a000000)]
  0x000002ea6376c000 JavaThread "stderr" [_thread_in_native, id=16916, stack(0x000000fa1a000000,0x000000fa1a100000)]
  0x000002ea63767000 JavaThread "stdout" [_thread_in_native, id=6916, stack(0x000000fa1a100000,0x000000fa1a200000)]

Other Threads:
=>0x000002ea597d8000 VMThread "VM Thread" [stack: 0x000000fa15700000,0x000000fa15800000] [id=23336]
  0x000002ea5a1e4000 WatcherThread [stack: 0x000000fa16100000,0x000000fa16200000] [id=7540]
  0x000002ea3f368800 GCTaskThread "GC Thread#0" [stack: 0x000000fa15200000,0x000000fa15300000] [id=22544]
  0x000002ea5af01800 GCTaskThread "GC Thread#1" [stack: 0x000000fa16300000,0x000000fa16400000] [id=22048]
  0x000002ea5a66e800 GCTaskThread "GC Thread#2" [stack: 0x000000fa16400000,0x000000fa16500000] [id=7484]
  0x000002ea5adae000 GCTaskThread "GC Thread#3" [stack: 0x000000fa16500000,0x000000fa16600000] [id=14184]
  0x000002ea5bf32800 GCTaskThread "GC Thread#4" [stack: 0x000000fa17200000,0x000000fa17300000] [id=2708]
  0x000002ea5bff5800 GCTaskThread "GC Thread#5" [stack: 0x000000fa17300000,0x000000fa17400000] [id=10832]
  0x000002ea5bbbe800 GCTaskThread "GC Thread#6" [stack: 0x000000fa17400000,0x000000fa17500000] [id=276]
  0x000002ea5c3d2000 GCTaskThread "GC Thread#7" [stack: 0x000000fa17500000,0x000000fa17600000] [id=3284]
  0x000002ea3f39c000 ConcurrentGCThread "G1 Main Marker" [stack: 0x000000fa15300000,0x000000fa15400000] [id=19132]
  0x000002ea3f39d000 ConcurrentGCThread "G1 Conc#0" [stack: 0x000000fa15400000,0x000000fa15500000] [id=12908]
  0x000002ea5c6ba800 ConcurrentGCThread "G1 Conc#1" [stack: 0x000000fa17600000,0x000000fa17700000] [id=18380]
  0x000002ea59646800 ConcurrentGCThread "G1 Refine#0" [stack: 0x000000fa15500000,0x000000fa15600000] [id=13912]
  0x000002ea69417000 ConcurrentGCThread "G1 Refine#1" [stack: 0x000000fa1a200000,0x000000fa1a300000] [id=22956]
  0x000002ea69b59800 ConcurrentGCThread "G1 Refine#2" [stack: 0x000000fa1a300000,0x000000fa1a400000] [id=22456]
  0x000002ea63485800 ConcurrentGCThread "G1 Refine#3" [stack: 0x000000fa1a400000,0x000000fa1a500000] [id=5956]
  0x000002ea3f42e800 ConcurrentGCThread "G1 Young RemSet Sampling" [stack: 0x000000fa15600000,0x000000fa15700000] [id=12472]

Threads with active compile tasks:
C2 CompilerThread0  11006 13502 %     4       com.android.tools.r8.internal.Me::c @ 436 (1174 bytes)
C2 CompilerThread1  11006 14734       4       com.android.tools.r8.internal.E7::j (627 bytes)
C2 CompilerThread2  11006 14190 %     4       com.android.tools.r8.ir.regalloc.a::a @ 1405 (3985 bytes)

VM state:at safepoint (normal execution)

VM Mutex/Monitor currently owned by a thread:  ([mutex/lock_event])
[0x000002ea3f353800] Threads_lock - owner thread: 0x000002ea597d8000
[0x000002ea3f353fe0] Heap_lock - owner thread: 0x000002ea5db9d000

Heap address: 0x0000000080000000, size: 2048 MB, Compressed Oops mode: 32-bit
Narrow klass base: 0x0000000000000000, Narrow klass shift: 3
Compressed class space size: 1073741824 Address: 0x0000000100000000

Heap:
 garbage-first heap   total 425984K, used 152836K [0x0000000080000000, 0x0000000100000000)
  region size 1024K, 10 young (10240K), 10 survivors (10240K)
 Metaspace       used 103184K, capacity 105682K, committed 107136K, reserved 1142784K
  class space    used 13235K, capacity 14161K, committed 14720K, reserved 1048576K
Heap Regions: E=young(eden), S=young(survivor), O=old, HS=humongous(starts), HC=humongous(continues), CS=collection set, F=free, A=archive, TAMS=top-at-mark-start (previous, next)
|   0|0x0000000080000000, 0x0000000080100000, 0x0000000080100000|100%| O|  |TAMS 0x0000000080100000, 0x0000000080000000| Untracked 
|   1|0x0000000080100000, 0x0000000080200000, 0x0000000080200000|100%| O|  |TAMS 0x0000000080200000, 0x0000000080100000| Untracked 
|   2|0x0000000080200000, 0x0000000080300000, 0x0000000080300000|100%| O|  |TAMS 0x0000000080300000, 0x0000000080200000| Untracked 
|   3|0x0000000080300000, 0x0000000080400000, 0x0000000080400000|100%|HS|  |TAMS 0x0000000080400000, 0x0000000080300000| Complete 
|   4|0x0000000080400000, 0x0000000080500000, 0x0000000080500000|100%|HC|  |TAMS 0x0000000080500000, 0x0000000080400000| Complete 
|   5|0x0000000080500000, 0x0000000080600000, 0x0000000080600000|100%|HC|  |TAMS 0x0000000080600000, 0x0000000080500000| Complete 
|   6|0x0000000080600000, 0x0000000080700000, 0x0000000080700000|100%| O|  |TAMS 0x0000000080700000, 0x0000000080600000| Untracked 
|   7|0x0000000080700000, 0x0000000080800000, 0x0000000080800000|100%| O|  |TAMS 0x0000000080800000, 0x0000000080700000| Untracked 
|   8|0x0000000080800000, 0x0000000080900000, 0x0000000080900000|100%| O|  |TAMS 0x0000000080900000, 0x0000000080800000| Untracked 
|   9|0x0000000080900000, 0x0000000080a00000, 0x0000000080a00000|100%| O|  |TAMS 0x0000000080a00000, 0x0000000080900000| Untracked 
|  10|0x0000000080a00000, 0x0000000080b00000, 0x0000000080b00000|100%| O|  |TAMS 0x0000000080b00000, 0x0000000080a00000| Untracked 
|  11|0x0000000080b00000, 0x0000000080c00000, 0x0000000080c00000|100%| O|  |TAMS 0x0000000080c00000, 0x0000000080b00000| Untracked 
|  12|0x0000000080c00000, 0x0000000080d00000, 0x0000000080d00000|100%| O|  |TAMS 0x0000000080d00000, 0x0000000080c00000| Untracked 
|  13|0x0000000080d00000, 0x0000000080e00000, 0x0000000080e00000|100%| O|  |TAMS 0x0000000080e00000, 0x0000000080d00000| Untracked 
|  14|0x0000000080e00000, 0x0000000080f00000, 0x0000000080f00000|100%| O|  |TAMS 0x0000000080f00000, 0x0000000080e00000| Untracked 
|  15|0x0000000080f00000, 0x0000000081000000, 0x0000000081000000|100%| O|  |TAMS 0x0000000081000000, 0x0000000080f00000| Untracked 
|  16|0x0000000081000000, 0x0000000081100000, 0x0000000081100000|100%| O|  |TAMS 0x0000000081100000, 0x0000000081000000| Untracked 
|  17|0x0000000081100000, 0x0000000081200000, 0x0000000081200000|100%|HS|  |TAMS 0x0000000081200000, 0x0000000081100000| Complete 
|  18|0x0000000081200000, 0x0000000081300000, 0x0000000081300000|100%|HS|  |TAMS 0x0000000081300000, 0x0000000081200000| Complete 
|  19|0x0000000081300000, 0x0000000081400000, 0x0000000081400000|100%|HS|  |TAMS 0x0000000081400000, 0x0000000081300000| Complete 
|  20|0x0000000081400000, 0x0000000081500000, 0x0000000081500000|100%|HC|  |TAMS 0x0000000081500000, 0x0000000081400000| Complete 
|  21|0x0000000081500000, 0x0000000081600000, 0x0000000081600000|100%| O|  |TAMS 0x0000000081600000, 0x0000000081500000| Untracked 
|  22|0x0000000081600000, 0x0000000081700000, 0x0000000081700000|100%| O|  |TAMS 0x0000000081700000, 0x0000000081600000| Untracked 
|  23|0x0000000081700000, 0x0000000081800000, 0x0000000081800000|100%| O|  |TAMS 0x0000000081800000, 0x0000000081700000| Untracked 
|  24|0x0000000081800000, 0x0000000081900000, 0x0000000081900000|100%| O|  |TAMS 0x0000000081900000, 0x0000000081800000| Untracked 
|  25|0x0000000081900000, 0x0000000081a00000, 0x0000000081a00000|100%| O|  |TAMS 0x0000000081a00000, 0x0000000081900000| Untracked 
|  26|0x0000000081a00000, 0x0000000081b00000, 0x0000000081b00000|100%| O|  |TAMS 0x0000000081b00000, 0x0000000081a00000| Untracked 
|  27|0x0000000081b00000, 0x0000000081c00000, 0x0000000081c00000|100%| O|  |TAMS 0x0000000081c00000, 0x0000000081b00000| Untracked 
|  28|0x0000000081c00000, 0x0000000081d00000, 0x0000000081d00000|100%| O|  |TAMS 0x0000000081d00000, 0x0000000081c00000| Untracked 
|  29|0x0000000081d00000, 0x0000000081e00000, 0x0000000081e00000|100%| O|  |TAMS 0x0000000081e00000, 0x0000000081d00000| Untracked 
|  30|0x0000000081e00000, 0x0000000081f00000, 0x0000000081f00000|100%| O|  |TAMS 0x0000000081f00000, 0x0000000081e00000| Untracked 
|  31|0x0000000081f00000, 0x0000000082000000, 0x0000000082000000|100%| O|  |TAMS 0x0000000082000000, 0x0000000081f00000| Untracked 
|  32|0x0000000082000000, 0x0000000082100000, 0x0000000082100000|100%| O|  |TAMS 0x0000000082100000, 0x0000000082000000| Untracked 
|  33|0x0000000082100000, 0x0000000082200000, 0x0000000082200000|100%| O|  |TAMS 0x0000000082200000, 0x0000000082100000| Untracked 
|  34|0x0000000082200000, 0x0000000082300000, 0x0000000082300000|100%| O|  |TAMS 0x0000000082300000, 0x0000000082200000| Untracked 
|  35|0x0000000082300000, 0x0000000082400000, 0x0000000082400000|100%| O|  |TAMS 0x0000000082400000, 0x0000000082300000| Untracked 
|  36|0x0000000082400000, 0x0000000082500000, 0x0000000082500000|100%| O|  |TAMS 0x0000000082500000, 0x0000000082400000| Untracked 
|  37|0x0000000082500000, 0x0000000082600000, 0x0000000082600000|100%| O|  |TAMS 0x0000000082600000, 0x0000000082500000| Untracked 
|  38|0x0000000082600000, 0x0000000082700000, 0x0000000082700000|100%| O|  |TAMS 0x0000000082700000, 0x0000000082600000| Untracked 
|  39|0x0000000082700000, 0x0000000082800000, 0x0000000082800000|100%| O|  |TAMS 0x0000000082800000, 0x0000000082700000| Untracked 
|  40|0x0000000082800000, 0x0000000082900000, 0x0000000082900000|100%| O|  |TAMS 0x0000000082900000, 0x0000000082800000| Untracked 
|  41|0x0000000082900000, 0x0000000082a00000, 0x0000000082a00000|100%| O|  |TAMS 0x0000000082a00000, 0x0000000082900000| Untracked 
|  42|0x0000000082a00000, 0x0000000082b00000, 0x0000000082b00000|100%| O|  |TAMS 0x0000000082b00000, 0x0000000082a00000| Untracked 
|  43|0x0000000082b00000, 0x0000000082c00000, 0x0000000082c00000|100%| O|  |TAMS 0x0000000082c00000, 0x0000000082b00000| Untracked 
|  44|0x0000000082c00000, 0x0000000082d00000, 0x0000000082d00000|100%| O|  |TAMS 0x0000000082d00000, 0x0000000082c00000| Untracked 
|  45|0x0000000082d00000, 0x0000000082e00000, 0x0000000082e00000|100%| O|  |TAMS 0x0000000082e00000, 0x0000000082d00000| Untracked 
|  46|0x0000000082e00000, 0x0000000082f00000, 0x0000000082f00000|100%| O|  |TAMS 0x0000000082f00000, 0x0000000082e00000| Untracked 
|  47|0x0000000082f00000, 0x0000000083000000, 0x0000000083000000|100%| O|  |TAMS 0x0000000083000000, 0x0000000082f00000| Untracked 
|  48|0x0000000083000000, 0x0000000083100000, 0x0000000083100000|100%| O|  |TAMS 0x0000000083100000, 0x0000000083000000| Untracked 
|  49|0x0000000083100000, 0x0000000083200000, 0x0000000083200000|100%| O|  |TAMS 0x0000000083200000, 0x0000000083100000| Untracked 
|  50|0x0000000083200000, 0x0000000083300000, 0x0000000083300000|100%|HS|  |TAMS 0x0000000083300000, 0x0000000083200000| Complete 
|  51|0x0000000083300000, 0x0000000083400000, 0x0000000083400000|100%|HC|  |TAMS 0x0000000083400000, 0x0000000083300000| Complete 
|  52|0x0000000083400000, 0x0000000083500000, 0x0000000083500000|100%| O|  |TAMS 0x0000000083500000, 0x0000000083400000| Untracked 
|  53|0x0000000083500000, 0x0000000083600000, 0x0000000083600000|100%| O|  |TAMS 0x0000000083600000, 0x0000000083500000| Untracked 
|  54|0x0000000083600000, 0x0000000083700000, 0x0000000083700000|100%| O|  |TAMS 0x0000000083700000, 0x0000000083600000| Untracked 
|  55|0x0000000083700000, 0x0000000083800000, 0x0000000083800000|100%| O|  |TAMS 0x0000000083800000, 0x0000000083700000| Untracked 
|  56|0x0000000083800000, 0x0000000083900000, 0x0000000083900000|100%| O|  |TAMS 0x0000000083900000, 0x0000000083800000| Untracked 
|  57|0x0000000083900000, 0x0000000083a00000, 0x0000000083a00000|100%| O|  |TAMS 0x0000000083a00000, 0x0000000083900000| Untracked 
|  58|0x0000000083a00000, 0x0000000083b00000, 0x0000000083b00000|100%| O|  |TAMS 0x0000000083b00000, 0x0000000083a00000| Untracked 
|  59|0x0000000083b00000, 0x0000000083c00000, 0x0000000083c00000|100%| O|  |TAMS 0x0000000083c00000, 0x0000000083b00000| Untracked 
|  60|0x0000000083c00000, 0x0000000083d00000, 0x0000000083d00000|100%| O|  |TAMS 0x0000000083d00000, 0x0000000083c00000| Untracked 
|  61|0x0000000083d00000, 0x0000000083e00000, 0x0000000083e00000|100%| O|  |TAMS 0x0000000083e00000, 0x0000000083d00000| Untracked 
|  62|0x0000000083e00000, 0x0000000083f00000, 0x0000000083f00000|100%| O|  |TAMS 0x0000000083f00000, 0x0000000083e00000| Untracked 
|  63|0x0000000083f00000, 0x0000000084000000, 0x0000000084000000|100%| O|  |TAMS 0x0000000084000000, 0x0000000083f00000| Untracked 
|  64|0x0000000084000000, 0x0000000084100000, 0x0000000084100000|100%| O|  |TAMS 0x0000000084100000, 0x0000000084000000| Untracked 
|  65|0x0000000084100000, 0x0000000084200000, 0x0000000084200000|100%| O|  |TAMS 0x0000000084200000, 0x0000000084100000| Untracked 
|  66|0x0000000084200000, 0x0000000084300000, 0x0000000084300000|100%| O|  |TAMS 0x0000000084300000, 0x0000000084200000| Untracked 
|  67|0x0000000084300000, 0x0000000084400000, 0x0000000084400000|100%| O|  |TAMS 0x0000000084400000, 0x0000000084300000| Untracked 
|  68|0x0000000084400000, 0x0000000084500000, 0x0000000084500000|100%| O|  |TAMS 0x0000000084500000, 0x0000000084400000| Untracked 
|  69|0x0000000084500000, 0x0000000084600000, 0x0000000084600000|100%| O|  |TAMS 0x0000000084600000, 0x0000000084500000| Untracked 
|  70|0x0000000084600000, 0x0000000084700000, 0x0000000084700000|100%| O|  |TAMS 0x0000000084700000, 0x0000000084600000| Untracked 
|  71|0x0000000084700000, 0x0000000084800000, 0x0000000084800000|100%| O|  |TAMS 0x0000000084800000, 0x0000000084700000| Untracked 
|  72|0x0000000084800000, 0x0000000084900000, 0x0000000084900000|100%| O|  |TAMS 0x0000000084900000, 0x0000000084800000| Untracked 
|  73|0x0000000084900000, 0x0000000084a00000, 0x0000000084a00000|100%| O|  |TAMS 0x0000000084a00000, 0x0000000084900000| Untracked 
|  74|0x0000000084a00000, 0x0000000084b00000, 0x0000000084b00000|100%| O|  |TAMS 0x0000000084b00000, 0x0000000084a00000| Untracked 
|  75|0x0000000084b00000, 0x0000000084c00000, 0x0000000084c00000|100%| O|  |TAMS 0x0000000084c00000, 0x0000000084b00000| Untracked 
|  76|0x0000000084c00000, 0x0000000084d00000, 0x0000000084d00000|100%| O|  |TAMS 0x0000000084d00000, 0x0000000084c00000| Untracked 
|  77|0x0000000084d00000, 0x0000000084e00000, 0x0000000084e00000|100%| O|  |TAMS 0x0000000084e00000, 0x0000000084d00000| Untracked 
|  78|0x0000000084e00000, 0x0000000084f00000, 0x0000000084f00000|100%| O|  |TAMS 0x0000000084f00000, 0x0000000084e00000| Untracked 
|  79|0x0000000084f00000, 0x0000000085000000, 0x0000000085000000|100%| O|  |TAMS 0x0000000085000000, 0x0000000084f00000| Untracked 
|  80|0x0000000085000000, 0x0000000085100000, 0x0000000085100000|100%| O|  |TAMS 0x0000000085100000, 0x0000000085000000| Untracked 
|  81|0x0000000085100000, 0x0000000085200000, 0x0000000085200000|100%| O|  |TAMS 0x0000000085200000, 0x0000000085100000| Untracked 
|  82|0x0000000085200000, 0x0000000085300000, 0x0000000085300000|100%| O|  |TAMS 0x0000000085300000, 0x0000000085200000| Untracked 
|  83|0x0000000085300000, 0x0000000085400000, 0x0000000085400000|100%| O|  |TAMS 0x0000000085400000, 0x0000000085300000| Untracked 
|  84|0x0000000085400000, 0x0000000085500000, 0x0000000085500000|100%| O|  |TAMS 0x0000000085500000, 0x0000000085400000| Untracked 
|  85|0x0000000085500000, 0x0000000085600000, 0x0000000085600000|100%| O|  |TAMS 0x0000000085600000, 0x0000000085500000| Untracked 
|  86|0x0000000085600000, 0x0000000085700000, 0x0000000085700000|100%| O|  |TAMS 0x0000000085700000, 0x0000000085600000| Untracked 
|  87|0x0000000085700000, 0x0000000085800000, 0x0000000085800000|100%| O|  |TAMS 0x0000000085800000, 0x0000000085700000| Untracked 
|  88|0x0000000085800000, 0x0000000085900000, 0x0000000085900000|100%| O|  |TAMS 0x0000000085900000, 0x0000000085800000| Untracked 
|  89|0x0000000085900000, 0x0000000085a00000, 0x0000000085a00000|100%| O|  |TAMS 0x0000000085a00000, 0x0000000085900000| Untracked 
|  90|0x0000000085a00000, 0x0000000085b00000, 0x0000000085b00000|100%| O|  |TAMS 0x0000000085b00000, 0x0000000085a00000| Untracked 
|  91|0x0000000085b00000, 0x0000000085c00000, 0x0000000085c00000|100%| O|  |TAMS 0x0000000085c00000, 0x0000000085b00000| Untracked 
|  92|0x0000000085c00000, 0x0000000085d00000, 0x0000000085d00000|100%| O|  |TAMS 0x0000000085d00000, 0x0000000085c00000| Untracked 
|  93|0x0000000085d00000, 0x0000000085e00000, 0x0000000085e00000|100%| O|  |TAMS 0x0000000085e00000, 0x0000000085d00000| Untracked 
|  94|0x0000000085e00000, 0x0000000085f00000, 0x0000000085f00000|100%| O|  |TAMS 0x0000000085f00000, 0x0000000085e00000| Untracked 
|  95|0x0000000085f00000, 0x0000000086000000, 0x0000000086000000|100%| O|  |TAMS 0x0000000086000000, 0x0000000085f00000| Untracked 
|  96|0x0000000086000000, 0x0000000086100000, 0x0000000086100000|100%| O|  |TAMS 0x0000000086100000, 0x0000000086000000| Untracked 
|  97|0x0000000086100000, 0x0000000086200000, 0x0000000086200000|100%| O|  |TAMS 0x0000000086200000, 0x0000000086100000| Untracked 
|  98|0x0000000086200000, 0x0000000086300000, 0x0000000086300000|100%| O|  |TAMS 0x0000000086300000, 0x0000000086200000| Untracked 
|  99|0x0000000086300000, 0x0000000086400000, 0x0000000086400000|100%| O|  |TAMS 0x0000000086400000, 0x0000000086300000| Untracked 
| 100|0x0000000086400000, 0x0000000086500000, 0x0000000086500000|100%| O|  |TAMS 0x0000000086500000, 0x0000000086400000| Untracked 
| 101|0x0000000086500000, 0x0000000086600000, 0x0000000086600000|100%| O|  |TAMS 0x0000000086600000, 0x0000000086500000| Untracked 
| 102|0x0000000086600000, 0x0000000086700000, 0x0000000086700000|100%| O|  |TAMS 0x0000000086700000, 0x0000000086600000| Untracked 
| 103|0x0000000086700000, 0x0000000086800000, 0x0000000086800000|100%| O|  |TAMS 0x0000000086800000, 0x0000000086700000| Untracked 
| 104|0x0000000086800000, 0x0000000086900000, 0x0000000086900000|100%| O|  |TAMS 0x0000000086900000, 0x0000000086800000| Untracked 
| 105|0x0000000086900000, 0x0000000086a00000, 0x0000000086a00000|100%| O|  |TAMS 0x0000000086a00000, 0x0000000086900000| Untracked 
| 106|0x0000000086a00000, 0x0000000086b00000, 0x0000000086b00000|100%| O|  |TAMS 0x0000000086b00000, 0x0000000086a00000| Untracked 
| 107|0x0000000086b00000, 0x0000000086c00000, 0x0000000086c00000|100%| O|  |TAMS 0x0000000086c00000, 0x0000000086b00000| Untracked 
| 108|0x0000000086c00000, 0x0000000086d00000, 0x0000000086d00000|100%| O|  |TAMS 0x0000000086d00000, 0x0000000086c00000| Untracked 
| 109|0x0000000086d00000, 0x0000000086e00000, 0x0000000086e00000|100%| O|  |TAMS 0x0000000086e00000, 0x0000000086d00000| Untracked 
| 110|0x0000000086e00000, 0x0000000086f00000, 0x0000000086f00000|100%| O|  |TAMS 0x0000000086f00000, 0x0000000086e00000| Untracked 
| 111|0x0000000086f00000, 0x0000000087000000, 0x0000000087000000|100%| O|  |TAMS 0x0000000087000000, 0x0000000086f00000| Untracked 
| 112|0x0000000087000000, 0x0000000087100000, 0x0000000087100000|100%| O|  |TAMS 0x0000000087100000, 0x0000000087000000| Untracked 
| 113|0x0000000087100000, 0x0000000087200000, 0x0000000087200000|100%| O|  |TAMS 0x0000000087200000, 0x0000000087100000| Untracked 
| 114|0x0000000087200000, 0x0000000087300000, 0x0000000087300000|100%| O|  |TAMS 0x0000000087300000, 0x0000000087200000| Untracked 
| 115|0x0000000087300000, 0x0000000087400000, 0x0000000087400000|100%| O|  |TAMS 0x0000000087400000, 0x0000000087300000| Untracked 
| 116|0x0000000087400000, 0x0000000087500000, 0x0000000087500000|100%| O|  |TAMS 0x0000000087500000, 0x0000000087400000| Untracked 
| 117|0x0000000087500000, 0x0000000087600000, 0x0000000087600000|100%| O|  |TAMS 0x0000000087600000, 0x0000000087500000| Untracked 
| 118|0x0000000087600000, 0x0000000087700000, 0x0000000087700000|100%| O|  |TAMS 0x0000000087700000, 0x0000000087600000| Untracked 
| 119|0x0000000087700000, 0x0000000087800000, 0x0000000087800000|100%| O|  |TAMS 0x0000000087800000, 0x0000000087700000| Untracked 
| 120|0x0000000087800000, 0x0000000087900000, 0x0000000087900000|100%| O|  |TAMS 0x0000000087900000, 0x0000000087800000| Untracked 
| 121|0x0000000087900000, 0x0000000087a00000, 0x0000000087a00000|100%| O|  |TAMS 0x0000000087a00000, 0x0000000087900000| Untracked 
| 122|0x0000000087a00000, 0x0000000087b00000, 0x0000000087b00000|100%| O|  |TAMS 0x0000000087b00000, 0x0000000087a00000| Untracked 
| 123|0x0000000087b00000, 0x0000000087c00000, 0x0000000087c00000|100%| O|  |TAMS 0x0000000087c00000, 0x0000000087b00000| Untracked 
| 124|0x0000000087c00000, 0x0000000087d00000, 0x0000000087d00000|100%| O|  |TAMS 0x0000000087d00000, 0x0000000087c00000| Untracked 
| 125|0x0000000087d00000, 0x0000000087e00000, 0x0000000087e00000|100%| O|  |TAMS 0x0000000087e00000, 0x0000000087d00000| Untracked 
| 126|0x0000000087e00000, 0x0000000087f00000, 0x0000000087f00000|100%| O|  |TAMS 0x0000000087f00000, 0x0000000087e00000| Untracked 
| 127|0x0000000087f00000, 0x0000000088000000, 0x0000000088000000|100%| O|  |TAMS 0x0000000088000000, 0x0000000087f00000| Untracked 
| 128|0x0000000088000000, 0x0000000088100000, 0x0000000088100000|100%| O|  |TAMS 0x0000000088100000, 0x0000000088000000| Untracked 
| 129|0x0000000088100000, 0x0000000088200000, 0x0000000088200000|100%| O|  |TAMS 0x0000000088200000, 0x0000000088100000| Untracked 
| 130|0x0000000088200000, 0x0000000088300000, 0x0000000088300000|100%| O|  |TAMS 0x0000000088300000, 0x0000000088200000| Untracked 
| 131|0x0000000088300000, 0x0000000088400000, 0x0000000088400000|100%| O|  |TAMS 0x000000008832ea00, 0x0000000088300000| Untracked 
| 132|0x0000000088400000, 0x0000000088500000, 0x0000000088500000|100%| O|  |TAMS 0x0000000088400000, 0x0000000088400000| Untracked 
| 133|0x0000000088500000, 0x0000000088600000, 0x0000000088600000|100%| O|  |TAMS 0x0000000088500000, 0x0000000088500000| Untracked 
| 134|0x0000000088600000, 0x0000000088700000, 0x0000000088700000|100%| O|  |TAMS 0x0000000088600000, 0x0000000088600000| Untracked 
| 135|0x0000000088700000, 0x0000000088800000, 0x0000000088800000|100%| O|  |TAMS 0x0000000088700000, 0x0000000088700000| Untracked 
| 136|0x0000000088800000, 0x0000000088900000, 0x0000000088900000|100%| O|  |TAMS 0x0000000088800000, 0x0000000088800000| Untracked 
| 137|0x0000000088900000, 0x0000000088a00000, 0x0000000088a00000|100%| O|  |TAMS 0x0000000088900000, 0x0000000088900000| Untracked 
| 138|0x0000000088a00000, 0x0000000088b00000, 0x0000000088b00000|100%| O|  |TAMS 0x0000000088a00000, 0x0000000088a00000| Untracked 
| 139|0x0000000088b00000, 0x0000000088b8a200, 0x0000000088c00000| 53%| O|  |TAMS 0x0000000088b00000, 0x0000000088b00000| Untracked 
| 140|0x0000000088c00000, 0x0000000088c00000, 0x0000000088d00000|  0%| F|  |TAMS 0x0000000088c00000, 0x0000000088c00000| Untracked 
| 141|0x0000000088d00000, 0x0000000088d00000, 0x0000000088e00000|  0%| F|  |TAMS 0x0000000088d00000, 0x0000000088d00000| Untracked 
| 142|0x0000000088e00000, 0x0000000088e00000, 0x0000000088f00000|  0%| F|  |TAMS 0x0000000088e00000, 0x0000000088e00000| Untracked 
| 143|0x0000000088f00000, 0x0000000088f00000, 0x0000000089000000|  0%| F|  |TAMS 0x0000000088f00000, 0x0000000088f00000| Untracked 
| 144|0x0000000089000000, 0x0000000089000000, 0x0000000089100000|  0%| F|  |TAMS 0x0000000089000000, 0x0000000089000000| Untracked 
| 145|0x0000000089100000, 0x0000000089100000, 0x0000000089200000|  0%| F|  |TAMS 0x0000000089100000, 0x0000000089100000| Untracked 
| 146|0x0000000089200000, 0x0000000089200000, 0x0000000089300000|  0%| F|  |TAMS 0x0000000089200000, 0x0000000089200000| Untracked 
| 147|0x0000000089300000, 0x0000000089300000, 0x0000000089400000|  0%| F|  |TAMS 0x0000000089300000, 0x0000000089300000| Untracked 
| 148|0x0000000089400000, 0x0000000089400000, 0x0000000089500000|  0%| F|  |TAMS 0x0000000089400000, 0x0000000089400000| Untracked 
| 149|0x0000000089500000, 0x0000000089500000, 0x0000000089600000|  0%| F|  |TAMS 0x0000000089500000, 0x0000000089500000| Untracked 
| 150|0x0000000089600000, 0x0000000089600000, 0x0000000089700000|  0%| F|  |TAMS 0x0000000089600000, 0x0000000089600000| Untracked 
| 151|0x0000000089700000, 0x0000000089700000, 0x0000000089800000|  0%| F|  |TAMS 0x0000000089700000, 0x0000000089700000| Untracked 
| 152|0x0000000089800000, 0x0000000089800000, 0x0000000089900000|  0%| F|  |TAMS 0x0000000089800000, 0x0000000089800000| Untracked 
| 153|0x0000000089900000, 0x0000000089900000, 0x0000000089a00000|  0%| F|  |TAMS 0x0000000089900000, 0x0000000089900000| Untracked 
| 154|0x0000000089a00000, 0x0000000089a00000, 0x0000000089b00000|  0%| F|  |TAMS 0x0000000089a00000, 0x0000000089a00000| Untracked 
| 155|0x0000000089b00000, 0x0000000089b00000, 0x0000000089c00000|  0%| F|  |TAMS 0x0000000089b00000, 0x0000000089b00000| Untracked 
| 156|0x0000000089c00000, 0x0000000089c00000, 0x0000000089d00000|  0%| F|  |TAMS 0x0000000089c00000, 0x0000000089c00000| Untracked 
| 157|0x0000000089d00000, 0x0000000089d00000, 0x0000000089e00000|  0%| F|  |TAMS 0x0000000089d00000, 0x0000000089d00000| Untracked 
| 158|0x0000000089e00000, 0x0000000089e00000, 0x0000000089f00000|  0%| F|  |TAMS 0x0000000089e00000, 0x0000000089e00000| Untracked 
| 159|0x0000000089f00000, 0x0000000089f00000, 0x000000008a000000|  0%| F|  |TAMS 0x0000000089f00000, 0x0000000089f00000| Untracked 
| 160|0x000000008a000000, 0x000000008a000000, 0x000000008a100000|  0%| F|  |TAMS 0x000000008a000000, 0x000000008a000000| Untracked 
| 161|0x000000008a100000, 0x000000008a100000, 0x000000008a200000|  0%| F|  |TAMS 0x000000008a100000, 0x000000008a100000| Untracked 
| 162|0x000000008a200000, 0x000000008a200000, 0x000000008a300000|  0%| F|  |TAMS 0x000000008a200000, 0x000000008a200000| Untracked 
| 163|0x000000008a300000, 0x000000008a300000, 0x000000008a400000|  0%| F|  |TAMS 0x000000008a300000, 0x000000008a300000| Untracked 
| 164|0x000000008a400000, 0x000000008a400000, 0x000000008a500000|  0%| F|  |TAMS 0x000000008a400000, 0x000000008a400000| Untracked 
| 165|0x000000008a500000, 0x000000008a500000, 0x000000008a600000|  0%| F|  |TAMS 0x000000008a500000, 0x000000008a500000| Untracked 
| 166|0x000000008a600000, 0x000000008a600000, 0x000000008a700000|  0%| F|  |TAMS 0x000000008a600000, 0x000000008a600000| Untracked 
| 167|0x000000008a700000, 0x000000008a700000, 0x000000008a800000|  0%| F|  |TAMS 0x000000008a700000, 0x000000008a700000| Untracked 
| 168|0x000000008a800000, 0x000000008a800000, 0x000000008a900000|  0%| F|  |TAMS 0x000000008a800000, 0x000000008a800000| Untracked 
| 169|0x000000008a900000, 0x000000008a900000, 0x000000008aa00000|  0%| F|  |TAMS 0x000000008a900000, 0x000000008a900000| Untracked 
| 170|0x000000008aa00000, 0x000000008aa00000, 0x000000008ab00000|  0%| F|  |TAMS 0x000000008aa00000, 0x000000008aa00000| Untracked 
| 171|0x000000008ab00000, 0x000000008ab00000, 0x000000008ac00000|  0%| F|  |TAMS 0x000000008ab00000, 0x000000008ab00000| Untracked 
| 172|0x000000008ac00000, 0x000000008ac00000, 0x000000008ad00000|  0%| F|  |TAMS 0x000000008ac00000, 0x000000008ac00000| Untracked 
| 173|0x000000008ad00000, 0x000000008ad00000, 0x000000008ae00000|  0%| F|  |TAMS 0x000000008ad00000, 0x000000008ad00000| Untracked 
| 174|0x000000008ae00000, 0x000000008ae00000, 0x000000008af00000|  0%| F|  |TAMS 0x000000008ae00000, 0x000000008ae00000| Untracked 
| 175|0x000000008af00000, 0x000000008af00000, 0x000000008b000000|  0%| F|  |TAMS 0x000000008af00000, 0x000000008af00000| Untracked 
| 176|0x000000008b000000, 0x000000008b000000, 0x000000008b100000|  0%| F|  |TAMS 0x000000008b000000, 0x000000008b000000| Untracked 
| 177|0x000000008b100000, 0x000000008b100000, 0x000000008b200000|  0%| F|  |TAMS 0x000000008b100000, 0x000000008b100000| Untracked 
| 178|0x000000008b200000, 0x000000008b200000, 0x000000008b300000|  0%| F|  |TAMS 0x000000008b200000, 0x000000008b200000| Untracked 
| 179|0x000000008b300000, 0x000000008b300000, 0x000000008b400000|  0%| F|  |TAMS 0x000000008b300000, 0x000000008b300000| Untracked 
| 180|0x000000008b400000, 0x000000008b400000, 0x000000008b500000|  0%| F|  |TAMS 0x000000008b400000, 0x000000008b400000| Untracked 
| 181|0x000000008b500000, 0x000000008b500000, 0x000000008b600000|  0%| F|  |TAMS 0x000000008b500000, 0x000000008b500000| Untracked 
| 182|0x000000008b600000, 0x000000008b600000, 0x000000008b700000|  0%| F|  |TAMS 0x000000008b600000, 0x000000008b600000| Untracked 
| 183|0x000000008b700000, 0x000000008b700000, 0x000000008b800000|  0%| F|  |TAMS 0x000000008b700000, 0x000000008b700000| Untracked 
| 184|0x000000008b800000, 0x000000008b800000, 0x000000008b900000|  0%| F|  |TAMS 0x000000008b800000, 0x000000008b800000| Untracked 
| 185|0x000000008b900000, 0x000000008b900000, 0x000000008ba00000|  0%| F|  |TAMS 0x000000008b900000, 0x000000008b900000| Untracked 
| 186|0x000000008ba00000, 0x000000008bab7168, 0x000000008bb00000| 71%| S|CS|TAMS 0x000000008ba00000, 0x000000008ba00000| Complete 
| 187|0x000000008bb00000, 0x000000008bc00000, 0x000000008bc00000|100%| S|CS|TAMS 0x000000008bb00000, 0x000000008bb00000| Complete 
| 188|0x000000008bc00000, 0x000000008bd00000, 0x000000008bd00000|100%| S|CS|TAMS 0x000000008bc00000, 0x000000008bc00000| Complete 
| 189|0x000000008bd00000, 0x000000008be00000, 0x000000008be00000|100%| S|CS|TAMS 0x000000008bd00000, 0x000000008bd00000| Complete 
| 190|0x000000008be00000, 0x000000008bf00000, 0x000000008bf00000|100%| S|CS|TAMS 0x000000008be00000, 0x000000008be00000| Complete 
| 191|0x000000008bf00000, 0x000000008c000000, 0x000000008c000000|100%| S|CS|TAMS 0x000000008bf00000, 0x000000008bf00000| Complete 
| 192|0x000000008c000000, 0x000000008c100000, 0x000000008c100000|100%| S|CS|TAMS 0x000000008c000000, 0x000000008c000000| Complete 
| 193|0x000000008c100000, 0x000000008c200000, 0x000000008c200000|100%| S|CS|TAMS 0x000000008c100000, 0x000000008c100000| Complete 
| 194|0x000000008c200000, 0x000000008c300000, 0x000000008c300000|100%| S|CS|TAMS 0x000000008c200000, 0x000000008c200000| Complete 
| 195|0x000000008c300000, 0x000000008c400000, 0x000000008c400000|100%| S|CS|TAMS 0x000000008c300000, 0x000000008c300000| Complete 
| 196|0x000000008c400000, 0x000000008c400000, 0x000000008c500000|  0%| F|  |TAMS 0x000000008c400000, 0x000000008c400000| Untracked 
| 197|0x000000008c500000, 0x000000008c500000, 0x000000008c600000|  0%| F|  |TAMS 0x000000008c500000, 0x000000008c500000| Untracked 
| 198|0x000000008c600000, 0x000000008c600000, 0x000000008c700000|  0%| F|  |TAMS 0x000000008c600000, 0x000000008c600000| Untracked 
| 199|0x000000008c700000, 0x000000008c700000, 0x000000008c800000|  0%| F|  |TAMS 0x000000008c700000, 0x000000008c700000| Untracked 
| 200|0x000000008c800000, 0x000000008c800000, 0x000000008c900000|  0%| F|  |TAMS 0x000000008c800000, 0x000000008c800000| Untracked 
| 201|0x000000008c900000, 0x000000008c900000, 0x000000008ca00000|  0%| F|  |TAMS 0x000000008c900000, 0x000000008c900000| Untracked 
| 202|0x000000008ca00000, 0x000000008ca00000, 0x000000008cb00000|  0%| F|  |TAMS 0x000000008ca00000, 0x000000008ca00000| Untracked 
| 203|0x000000008cb00000, 0x000000008cb00000, 0x000000008cc00000|  0%| F|  |TAMS 0x000000008cb00000, 0x000000008cb00000| Untracked 
| 204|0x000000008cc00000, 0x000000008cc00000, 0x000000008cd00000|  0%| F|  |TAMS 0x000000008cc00000, 0x000000008cc00000| Untracked 
| 205|0x000000008cd00000, 0x000000008cd00000, 0x000000008ce00000|  0%| F|  |TAMS 0x000000008cd00000, 0x000000008cd00000| Untracked 
| 206|0x000000008ce00000, 0x000000008ce00000, 0x000000008cf00000|  0%| F|  |TAMS 0x000000008ce00000, 0x000000008ce00000| Untracked 
| 207|0x000000008cf00000, 0x000000008cf00000, 0x000000008d000000|  0%| F|  |TAMS 0x000000008cf00000, 0x000000008cf00000| Untracked 
| 208|0x000000008d000000, 0x000000008d000000, 0x000000008d100000|  0%| F|  |TAMS 0x000000008d000000, 0x000000008d000000| Untracked 
| 209|0x000000008d100000, 0x000000008d100000, 0x000000008d200000|  0%| F|  |TAMS 0x000000008d100000, 0x000000008d100000| Untracked 
| 210|0x000000008d200000, 0x000000008d200000, 0x000000008d300000|  0%| F|  |TAMS 0x000000008d200000, 0x000000008d200000| Untracked 
| 211|0x000000008d300000, 0x000000008d300000, 0x000000008d400000|  0%| F|  |TAMS 0x000000008d300000, 0x000000008d300000| Untracked 
| 212|0x000000008d400000, 0x000000008d400000, 0x000000008d500000|  0%| F|  |TAMS 0x000000008d400000, 0x000000008d400000| Untracked 
| 213|0x000000008d500000, 0x000000008d500000, 0x000000008d600000|  0%| F|  |TAMS 0x000000008d500000, 0x000000008d500000| Untracked 
| 214|0x000000008d600000, 0x000000008d600000, 0x000000008d700000|  0%| F|  |TAMS 0x000000008d600000, 0x000000008d600000| Untracked 
| 215|0x000000008d700000, 0x000000008d700000, 0x000000008d800000|  0%| F|  |TAMS 0x000000008d700000, 0x000000008d700000| Untracked 
| 216|0x000000008d800000, 0x000000008d800000, 0x000000008d900000|  0%| F|  |TAMS 0x000000008d800000, 0x000000008d800000| Untracked 
| 217|0x000000008d900000, 0x000000008d900000, 0x000000008da00000|  0%| F|  |TAMS 0x000000008d900000, 0x000000008d900000| Untracked 
| 218|0x000000008da00000, 0x000000008da00000, 0x000000008db00000|  0%| F|  |TAMS 0x000000008da00000, 0x000000008da00000| Untracked 
| 219|0x000000008db00000, 0x000000008db00000, 0x000000008dc00000|  0%| F|  |TAMS 0x000000008db00000, 0x000000008db00000| Untracked 
| 220|0x000000008dc00000, 0x000000008dc00000, 0x000000008dd00000|  0%| F|  |TAMS 0x000000008dc00000, 0x000000008dc00000| Untracked 
| 221|0x000000008dd00000, 0x000000008dd00000, 0x000000008de00000|  0%| F|  |TAMS 0x000000008dd00000, 0x000000008dd00000| Untracked 
| 222|0x000000008de00000, 0x000000008de00000, 0x000000008df00000|  0%| F|  |TAMS 0x000000008de00000, 0x000000008de00000| Untracked 
| 223|0x000000008df00000, 0x000000008df00000, 0x000000008e000000|  0%| F|  |TAMS 0x000000008df00000, 0x000000008df00000| Untracked 
| 224|0x000000008e000000, 0x000000008e000000, 0x000000008e100000|  0%| F|  |TAMS 0x000000008e000000, 0x000000008e000000| Untracked 
| 225|0x000000008e100000, 0x000000008e100000, 0x000000008e200000|  0%| F|  |TAMS 0x000000008e100000, 0x000000008e100000| Untracked 
| 226|0x000000008e200000, 0x000000008e200000, 0x000000008e300000|  0%| F|  |TAMS 0x000000008e200000, 0x000000008e200000| Untracked 
| 227|0x000000008e300000, 0x000000008e300000, 0x000000008e400000|  0%| F|  |TAMS 0x000000008e300000, 0x000000008e300000| Untracked 
| 228|0x000000008e400000, 0x000000008e400000, 0x000000008e500000|  0%| F|  |TAMS 0x000000008e400000, 0x000000008e400000| Untracked 
| 229|0x000000008e500000, 0x000000008e500000, 0x000000008e600000|  0%| F|  |TAMS 0x000000008e500000, 0x000000008e500000| Untracked 
| 230|0x000000008e600000, 0x000000008e600000, 0x000000008e700000|  0%| F|  |TAMS 0x000000008e600000, 0x000000008e600000| Untracked 
| 231|0x000000008e700000, 0x000000008e700000, 0x000000008e800000|  0%| F|  |TAMS 0x000000008e700000, 0x000000008e700000| Untracked 
| 232|0x000000008e800000, 0x000000008e800000, 0x000000008e900000|  0%| F|  |TAMS 0x000000008e800000, 0x000000008e800000| Untracked 
| 233|0x000000008e900000, 0x000000008e900000, 0x000000008ea00000|  0%| F|  |TAMS 0x000000008e900000, 0x000000008e900000| Untracked 
| 234|0x000000008ea00000, 0x000000008ea00000, 0x000000008eb00000|  0%| F|  |TAMS 0x000000008ea00000, 0x000000008ea00000| Untracked 
| 235|0x000000008eb00000, 0x000000008eb00000, 0x000000008ec00000|  0%| F|  |TAMS 0x000000008eb00000, 0x000000008eb00000| Untracked 
| 236|0x000000008ec00000, 0x000000008ec00000, 0x000000008ed00000|  0%| F|  |TAMS 0x000000008ec00000, 0x000000008ec00000| Untracked 
| 237|0x000000008ed00000, 0x000000008ed00000, 0x000000008ee00000|  0%| F|  |TAMS 0x000000008ed00000, 0x000000008ed00000| Untracked 
| 238|0x000000008ee00000, 0x000000008ee00000, 0x000000008ef00000|  0%| F|  |TAMS 0x000000008ee00000, 0x000000008ee00000| Untracked 
| 239|0x000000008ef00000, 0x000000008ef00000, 0x000000008f000000|  0%| F|  |TAMS 0x000000008ef00000, 0x000000008ef00000| Untracked 
| 240|0x000000008f000000, 0x000000008f000000, 0x000000008f100000|  0%| F|  |TAMS 0x000000008f000000, 0x000000008f000000| Untracked 
| 241|0x000000008f100000, 0x000000008f100000, 0x000000008f200000|  0%| F|  |TAMS 0x000000008f100000, 0x000000008f100000| Untracked 
| 242|0x000000008f200000, 0x000000008f200000, 0x000000008f300000|  0%| F|  |TAMS 0x000000008f200000, 0x000000008f200000| Untracked 
| 243|0x000000008f300000, 0x000000008f300000, 0x000000008f400000|  0%| F|  |TAMS 0x000000008f300000, 0x000000008f300000| Untracked 
| 244|0x000000008f400000, 0x000000008f400000, 0x000000008f500000|  0%| F|  |TAMS 0x000000008f400000, 0x000000008f400000| Untracked 
| 245|0x000000008f500000, 0x000000008f500000, 0x000000008f600000|  0%| F|  |TAMS 0x000000008f500000, 0x000000008f500000| Untracked 
| 246|0x000000008f600000, 0x000000008f600000, 0x000000008f700000|  0%| F|  |TAMS 0x000000008f600000, 0x000000008f600000| Untracked 
| 247|0x000000008f700000, 0x000000008f700000, 0x000000008f800000|  0%| F|  |TAMS 0x000000008f700000, 0x000000008f700000| Untracked 
| 248|0x000000008f800000, 0x000000008f800000, 0x000000008f900000|  0%| F|  |TAMS 0x000000008f800000, 0x000000008f800000| Untracked 
| 249|0x000000008f900000, 0x000000008f900000, 0x000000008fa00000|  0%| F|  |TAMS 0x000000008f900000, 0x000000008f900000| Untracked 
| 250|0x000000008fa00000, 0x000000008fa00000, 0x000000008fb00000|  0%| F|  |TAMS 0x000000008fa00000, 0x000000008fa00000| Untracked 
| 251|0x000000008fb00000, 0x000000008fb00000, 0x000000008fc00000|  0%| F|  |TAMS 0x000000008fb00000, 0x000000008fb00000| Untracked 
| 252|0x000000008fc00000, 0x000000008fc00000, 0x000000008fd00000|  0%| F|  |TAMS 0x000000008fc00000, 0x000000008fc00000| Untracked 
| 253|0x000000008fd00000, 0x000000008fd00000, 0x000000008fe00000|  0%| F|  |TAMS 0x000000008fd00000, 0x000000008fd00000| Untracked 
| 254|0x000000008fe00000, 0x000000008fe00000, 0x000000008ff00000|  0%| F|  |TAMS 0x000000008fe00000, 0x000000008fe00000| Untracked 
| 255|0x000000008ff00000, 0x000000008ff00000, 0x0000000090000000|  0%| F|  |TAMS 0x000000008ff00000, 0x000000008ff00000| Untracked 
| 256|0x0000000090000000, 0x0000000090000000, 0x0000000090100000|  0%| F|  |TAMS 0x0000000090000000, 0x0000000090000000| Untracked 
| 257|0x0000000090100000, 0x0000000090100000, 0x0000000090200000|  0%| F|  |TAMS 0x0000000090100000, 0x0000000090100000| Untracked 
| 258|0x0000000090200000, 0x0000000090200000, 0x0000000090300000|  0%| F|  |TAMS 0x0000000090200000, 0x0000000090200000| Untracked 
| 259|0x0000000090300000, 0x0000000090300000, 0x0000000090400000|  0%| F|  |TAMS 0x0000000090300000, 0x0000000090300000| Untracked 
| 260|0x0000000090400000, 0x0000000090400000, 0x0000000090500000|  0%| F|  |TAMS 0x0000000090400000, 0x0000000090400000| Untracked 
| 261|0x0000000090500000, 0x0000000090500000, 0x0000000090600000|  0%| F|  |TAMS 0x0000000090500000, 0x0000000090500000| Untracked 
| 262|0x0000000090600000, 0x0000000090600000, 0x0000000090700000|  0%| F|  |TAMS 0x0000000090600000, 0x0000000090600000| Untracked 
| 263|0x0000000090700000, 0x0000000090700000, 0x0000000090800000|  0%| F|  |TAMS 0x0000000090700000, 0x0000000090700000| Untracked 
| 264|0x0000000090800000, 0x0000000090800000, 0x0000000090900000|  0%| F|  |TAMS 0x0000000090800000, 0x0000000090800000| Untracked 
| 265|0x0000000090900000, 0x0000000090900000, 0x0000000090a00000|  0%| F|  |TAMS 0x0000000090900000, 0x0000000090900000| Untracked 
| 266|0x0000000090a00000, 0x0000000090a00000, 0x0000000090b00000|  0%| F|  |TAMS 0x0000000090a00000, 0x0000000090a00000| Untracked 
| 267|0x0000000090b00000, 0x0000000090b00000, 0x0000000090c00000|  0%| F|  |TAMS 0x0000000090b00000, 0x0000000090b00000| Untracked 
| 268|0x0000000090c00000, 0x0000000090c00000, 0x0000000090d00000|  0%| F|  |TAMS 0x0000000090c00000, 0x0000000090c00000| Untracked 
| 269|0x0000000090d00000, 0x0000000090d00000, 0x0000000090e00000|  0%| F|  |TAMS 0x0000000090d00000, 0x0000000090d00000| Untracked 
| 270|0x0000000090e00000, 0x0000000090e00000, 0x0000000090f00000|  0%| F|  |TAMS 0x0000000090e00000, 0x0000000090e00000| Untracked 
| 271|0x0000000090f00000, 0x0000000090f00000, 0x0000000091000000|  0%| F|  |TAMS 0x0000000090f00000, 0x0000000090f00000| Untracked 
| 272|0x0000000091000000, 0x0000000091000000, 0x0000000091100000|  0%| F|  |TAMS 0x0000000091000000, 0x0000000091000000| Untracked 
| 273|0x0000000091100000, 0x0000000091100000, 0x0000000091200000|  0%| F|  |TAMS 0x0000000091100000, 0x0000000091100000| Untracked 
| 274|0x0000000091200000, 0x0000000091200000, 0x0000000091300000|  0%| F|  |TAMS 0x0000000091200000, 0x0000000091200000| Untracked 
| 275|0x0000000091300000, 0x0000000091300000, 0x0000000091400000|  0%| F|  |TAMS 0x0000000091300000, 0x0000000091300000| Untracked 
| 276|0x0000000091400000, 0x0000000091400000, 0x0000000091500000|  0%| F|  |TAMS 0x0000000091400000, 0x0000000091400000| Untracked 
| 277|0x0000000091500000, 0x0000000091500000, 0x0000000091600000|  0%| F|  |TAMS 0x0000000091500000, 0x0000000091500000| Untracked 
| 278|0x0000000091600000, 0x0000000091600000, 0x0000000091700000|  0%| F|  |TAMS 0x0000000091600000, 0x0000000091600000| Untracked 
| 279|0x0000000091700000, 0x0000000091700000, 0x0000000091800000|  0%| F|  |TAMS 0x0000000091700000, 0x0000000091700000| Untracked 
| 280|0x0000000091800000, 0x0000000091800000, 0x0000000091900000|  0%| F|  |TAMS 0x0000000091800000, 0x0000000091800000| Untracked 
| 281|0x0000000091900000, 0x0000000091900000, 0x0000000091a00000|  0%| F|  |TAMS 0x0000000091900000, 0x0000000091900000| Untracked 
| 282|0x0000000091a00000, 0x0000000091a00000, 0x0000000091b00000|  0%| F|  |TAMS 0x0000000091a00000, 0x0000000091a00000| Untracked 
| 283|0x0000000091b00000, 0x0000000091b00000, 0x0000000091c00000|  0%| F|  |TAMS 0x0000000091b00000, 0x0000000091b00000| Untracked 
| 284|0x0000000091c00000, 0x0000000091c00000, 0x0000000091d00000|  0%| F|  |TAMS 0x0000000091c00000, 0x0000000091c00000| Untracked 
| 285|0x0000000091d00000, 0x0000000091d00000, 0x0000000091e00000|  0%| F|  |TAMS 0x0000000091d00000, 0x0000000091d00000| Untracked 
| 286|0x0000000091e00000, 0x0000000091e00000, 0x0000000091f00000|  0%| F|  |TAMS 0x0000000091e00000, 0x0000000091e00000| Untracked 
| 287|0x0000000091f00000, 0x0000000091f00000, 0x0000000092000000|  0%| F|  |TAMS 0x0000000091f00000, 0x0000000091f00000| Untracked 
| 288|0x0000000092000000, 0x0000000092000000, 0x0000000092100000|  0%| F|  |TAMS 0x0000000092000000, 0x0000000092000000| Untracked 
| 289|0x0000000092100000, 0x0000000092100000, 0x0000000092200000|  0%| F|  |TAMS 0x0000000092100000, 0x0000000092100000| Untracked 
| 290|0x0000000092200000, 0x0000000092200000, 0x0000000092300000|  0%| F|  |TAMS 0x0000000092200000, 0x0000000092200000| Untracked 
| 291|0x0000000092300000, 0x0000000092300000, 0x0000000092400000|  0%| F|  |TAMS 0x0000000092300000, 0x0000000092300000| Untracked 
| 292|0x0000000092400000, 0x0000000092400000, 0x0000000092500000|  0%| F|  |TAMS 0x0000000092400000, 0x0000000092400000| Untracked 
| 293|0x0000000092500000, 0x0000000092500000, 0x0000000092600000|  0%| F|  |TAMS 0x0000000092500000, 0x0000000092500000| Untracked 
| 294|0x0000000092600000, 0x0000000092600000, 0x0000000092700000|  0%| F|  |TAMS 0x0000000092600000, 0x0000000092600000| Untracked 
| 295|0x0000000092700000, 0x0000000092700000, 0x0000000092800000|  0%| F|  |TAMS 0x0000000092700000, 0x0000000092700000| Untracked 
| 296|0x0000000092800000, 0x0000000092800000, 0x0000000092900000|  0%| F|  |TAMS 0x0000000092800000, 0x0000000092800000| Untracked 
| 297|0x0000000092900000, 0x0000000092900000, 0x0000000092a00000|  0%| F|  |TAMS 0x0000000092900000, 0x0000000092900000| Untracked 
| 298|0x0000000092a00000, 0x0000000092a00000, 0x0000000092b00000|  0%| F|  |TAMS 0x0000000092a00000, 0x0000000092a00000| Untracked 
| 299|0x0000000092b00000, 0x0000000092b00000, 0x0000000092c00000|  0%| F|  |TAMS 0x0000000092b00000, 0x0000000092b00000| Untracked 
| 300|0x0000000092c00000, 0x0000000092c00000, 0x0000000092d00000|  0%| F|  |TAMS 0x0000000092c00000, 0x0000000092c00000| Untracked 
| 301|0x0000000092d00000, 0x0000000092d00000, 0x0000000092e00000|  0%| F|  |TAMS 0x0000000092d00000, 0x0000000092d00000| Untracked 
| 302|0x0000000092e00000, 0x0000000092e00000, 0x0000000092f00000|  0%| F|  |TAMS 0x0000000092e00000, 0x0000000092e00000| Untracked 
| 303|0x0000000092f00000, 0x0000000092f00000, 0x0000000093000000|  0%| F|  |TAMS 0x0000000092f00000, 0x0000000092f00000| Untracked 
| 304|0x0000000093000000, 0x0000000093000000, 0x0000000093100000|  0%| F|  |TAMS 0x0000000093000000, 0x0000000093000000| Untracked 
| 305|0x0000000093100000, 0x0000000093100000, 0x0000000093200000|  0%| F|  |TAMS 0x0000000093100000, 0x0000000093100000| Untracked 
| 306|0x0000000093200000, 0x0000000093200000, 0x0000000093300000|  0%| F|  |TAMS 0x0000000093200000, 0x0000000093200000| Untracked 
| 307|0x0000000093300000, 0x0000000093300000, 0x0000000093400000|  0%| F|  |TAMS 0x0000000093300000, 0x0000000093300000| Untracked 
| 308|0x0000000093400000, 0x0000000093400000, 0x0000000093500000|  0%| F|  |TAMS 0x0000000093400000, 0x0000000093400000| Untracked 
| 309|0x0000000093500000, 0x0000000093500000, 0x0000000093600000|  0%| F|  |TAMS 0x0000000093500000, 0x0000000093500000| Untracked 
| 310|0x0000000093600000, 0x0000000093600000, 0x0000000093700000|  0%| F|  |TAMS 0x0000000093600000, 0x0000000093600000| Untracked 
| 311|0x0000000093700000, 0x0000000093700000, 0x0000000093800000|  0%| F|  |TAMS 0x0000000093700000, 0x0000000093700000| Untracked 
| 312|0x0000000093800000, 0x0000000093800000, 0x0000000093900000|  0%| F|  |TAMS 0x0000000093800000, 0x0000000093800000| Untracked 
| 313|0x0000000093900000, 0x0000000093900000, 0x0000000093a00000|  0%| F|  |TAMS 0x0000000093900000, 0x0000000093900000| Untracked 
| 314|0x0000000093a00000, 0x0000000093a00000, 0x0000000093b00000|  0%| F|  |TAMS 0x0000000093a00000, 0x0000000093a00000| Untracked 
| 315|0x0000000093b00000, 0x0000000093b00000, 0x0000000093c00000|  0%| F|  |TAMS 0x0000000093b00000, 0x0000000093b00000| Untracked 
| 316|0x0000000093c00000, 0x0000000093c00000, 0x0000000093d00000|  0%| F|  |TAMS 0x0000000093c00000, 0x0000000093c00000| Untracked 
| 317|0x0000000093d00000, 0x0000000093d00000, 0x0000000093e00000|  0%| F|  |TAMS 0x0000000093d00000, 0x0000000093d00000| Untracked 
| 318|0x0000000093e00000, 0x0000000093e00000, 0x0000000093f00000|  0%| F|  |TAMS 0x0000000093e00000, 0x0000000093e00000| Untracked 
| 319|0x0000000093f00000, 0x0000000093f00000, 0x0000000094000000|  0%| F|  |TAMS 0x0000000093f00000, 0x0000000093f00000| Untracked 
| 320|0x0000000094000000, 0x0000000094000000, 0x0000000094100000|  0%| F|  |TAMS 0x0000000094000000, 0x0000000094000000| Untracked 
| 321|0x0000000094100000, 0x0000000094100000, 0x0000000094200000|  0%| F|  |TAMS 0x0000000094100000, 0x0000000094100000| Untracked 
| 322|0x0000000094200000, 0x0000000094200000, 0x0000000094300000|  0%| F|  |TAMS 0x0000000094200000, 0x0000000094200000| Untracked 
| 323|0x0000000094300000, 0x0000000094300000, 0x0000000094400000|  0%| F|  |TAMS 0x0000000094300000, 0x0000000094300000| Untracked 
| 324|0x0000000094400000, 0x0000000094400000, 0x0000000094500000|  0%| F|  |TAMS 0x0000000094400000, 0x0000000094400000| Untracked 
| 325|0x0000000094500000, 0x0000000094500000, 0x0000000094600000|  0%| F|  |TAMS 0x0000000094500000, 0x0000000094500000| Untracked 
| 326|0x0000000094600000, 0x0000000094600000, 0x0000000094700000|  0%| F|  |TAMS 0x0000000094600000, 0x0000000094600000| Untracked 
| 327|0x0000000094700000, 0x0000000094700000, 0x0000000094800000|  0%| F|  |TAMS 0x0000000094700000, 0x0000000094700000| Untracked 
| 328|0x0000000094800000, 0x0000000094800000, 0x0000000094900000|  0%| F|  |TAMS 0x0000000094800000, 0x0000000094800000| Untracked 

Card table byte_map: [0x000002ea52580000,0x000002ea52980000] _byte_map_base: 0x000002ea52180000

Marking Bits (Prev, Next): (CMBitMap*) 0x000002ea3f3933a8, (CMBitMap*) 0x000002ea3f3933e0
 Prev Bits: [0x000002ea52d80000, 0x000002ea54d80000)
 Next Bits: [0x000002ea54d80000, 0x000002ea56d80000)

Polling page: 0x000002ea3eb30000

Metaspace:

Usage:
  Non-class:     89.38 MB capacity,    87.84 MB ( 98%) used,     1.24 MB (  1%) free+waste,   304.19 KB ( <1%) overhead. 
      Class:     13.83 MB capacity,    12.93 MB ( 93%) used,   790.13 KB (  6%) free+waste,   135.50 KB ( <1%) overhead. 
       Both:    103.21 MB capacity,   100.77 MB ( 98%) used,     2.01 MB (  2%) free+waste,   439.69 KB ( <1%) overhead. 

Virtual space:
  Non-class space:       92.00 MB reserved,      90.25 MB ( 98%) committed 
      Class space:        1.00 GB reserved,      14.38 MB (  1%) committed 
             Both:        1.09 GB reserved,     104.63 MB (  9%) committed 

Chunk freelists:
   Non-Class:  767.00 KB
       Class:  508.00 KB
        Both:  1.25 MB

MaxMetaspaceSize: 17179869184.00 GB
CompressedClassSpaceSize: 1.00 GB

CodeHeap 'non-profiled nmethods': size=120000Kb used=8008Kb max_used=8008Kb free=111991Kb
 bounds [0x000002ea4a910000, 0x000002ea4b0f0000, 0x000002ea51e40000]
CodeHeap 'profiled nmethods': size=120000Kb used=33666Kb max_used=33666Kb free=86333Kb
 bounds [0x000002ea433e0000, 0x000002ea454d0000, 0x000002ea4a910000]
CodeHeap 'non-nmethods': size=5760Kb used=2321Kb max_used=2399Kb free=3438Kb
 bounds [0x000002ea42e40000, 0x000002ea430b0000, 0x000002ea433e0000]
 total_blobs=15455 nmethods=14524 adapters=841
 compilation: enabled
              stopped_count=0, restarted_count=0
 full_count=0

Compilation events (20 events):
Event: 10.970 Thread 0x000002ea5a06c000 14875       3       com.android.tools.r8.internal.Oh::a (85 bytes)
Event: 10.970 Thread 0x000002ea5a06c000 nmethod 14875 0x000002ea454ba910 code [0x000002ea454bab00, 0x000002ea454bb098]
Event: 10.976 Thread 0x000002ea5a06c000 14876       2       com.android.tools.r8.graph.j0$c::<init> (59 bytes)
Event: 10.977 Thread 0x000002ea5a06c000 nmethod 14876 0x000002ea454bb310 code [0x000002ea454bb4c0, 0x000002ea454bb5f8]
Event: 10.977 Thread 0x000002ea5a06c000 14877       2       com.android.tools.r8.internal.NG::a (27 bytes)
Event: 10.977 Thread 0x000002ea5a06c000 nmethod 14877 0x000002ea454bb690 code [0x000002ea454bb840, 0x000002ea454bb978]
Event: 10.977 Thread 0x000002ea5a06c000 14878 %     3       com.android.tools.r8.internal.Sr::a @ 48 (115 bytes)
Event: 10.978 Thread 0x000002ea5a06c000 nmethod 14878% 0x000002ea454bba10 code [0x000002ea454bbce0, 0x000002ea454bd048]
Event: 10.978 Thread 0x000002ea5a06c000 14879       2       com.android.tools.r8.internal.NG::a (133 bytes)
Event: 10.979 Thread 0x000002ea5a06c000 nmethod 14879 0x000002ea454bd690 code [0x000002ea454bd840, 0x000002ea454bd978]
Event: 10.979 Thread 0x000002ea5a06c000 14880       3       com.android.tools.r8.internal.Oz::a (176 bytes)
Event: 10.980 Thread 0x000002ea5a06c000 nmethod 14880 0x000002ea454bda10 code [0x000002ea454bdc60, 0x000002ea454be428]
Event: 10.981 Thread 0x000002ea5a06c000 14881       2       com.android.tools.r8.internal.oe::a (167 bytes)
Event: 10.982 Thread 0x000002ea5a06c000 nmethod 14881 0x000002ea454be710 code [0x000002ea454be9e0, 0x000002ea454bf378]
Event: 10.982 Thread 0x000002ea5a06c000 14884       2       com.android.tools.r8.internal.Le::a (57 bytes)
Event: 10.982 Thread 0x000002ea5a06c000 nmethod 14884 0x000002ea454bf890 code [0x000002ea454bfaa0, 0x000002ea454bfdc8]
Event: 10.982 Thread 0x000002ea5a06c000 14882       2       com.android.tools.r8.internal.sp::<init> (16 bytes)
Event: 10.983 Thread 0x000002ea5a06c000 nmethod 14882 0x000002ea454c0110 code [0x000002ea454c02c0, 0x000002ea454c0478]
Event: 10.983 Thread 0x000002ea5a06c000 14883       2       com.android.tools.r8.internal.sp::iterator (5 bytes)
Event: 10.983 Thread 0x000002ea5a06c000 nmethod 14883 0x000002ea454c0590 code [0x000002ea454c0740, 0x000002ea454c0848]

GC Heap History (20 events):
Event: 9.237 GC heap after
{Heap after GC invocations=20 (full 0):
 garbage-first heap   total 280576K, used 132662K [0x0000000080000000, 0x0000000100000000)
  region size 1024K, 8 young (8192K), 8 survivors (8192K)
 Metaspace       used 102132K, capacity 105045K, committed 105344K, reserved 1140736K
  class space    used 13466K, capacity 14614K, committed 14720K, reserved 1048576K
}
Event: 9.450 GC heap before
{Heap before GC invocations=20 (full 0):
 garbage-first heap   total 280576K, used 212534K [0x0000000080000000, 0x0000000100000000)
  region size 1024K, 86 young (88064K), 8 survivors (8192K)
 Metaspace       used 102849K, capacity 105830K, committed 106112K, reserved 1140736K
  class space    used 13503K, capacity 14657K, committed 14720K, reserved 1048576K
}
Event: 9.458 GC heap after
{Heap after GC invocations=21 (full 0):
 garbage-first heap   total 280576K, used 135057K [0x0000000080000000, 0x0000000100000000)
  region size 1024K, 3 young (3072K), 3 survivors (3072K)
 Metaspace       used 102849K, capacity 105830K, committed 106112K, reserved 1140736K
  class space    used 13503K, capacity 14657K, committed 14720K, reserved 1048576K
}
Event: 9.612 GC heap before
{Heap before GC invocations=21 (full 0):
 garbage-first heap   total 280576K, used 215953K [0x0000000080000000, 0x0000000100000000)
  region size 1024K, 83 young (84992K), 3 survivors (3072K)
 Metaspace       used 102958K, capacity 105908K, committed 106112K, reserved 1140736K
  class space    used 13509K, capacity 14661K, committed 14720K, reserved 1048576K
}
Event: 9.618 GC heap after
{Heap after GC invocations=22 (full 0):
 garbage-first heap   total 280576K, used 137468K [0x0000000080000000, 0x0000000100000000)
  region size 1024K, 5 young (5120K), 5 survivors (5120K)
 Metaspace       used 102958K, capacity 105908K, committed 106112K, reserved 1140736K
  class space    used 13509K, capacity 14661K, committed 14720K, reserved 1048576K
}
Event: 9.899 GC heap before
{Heap before GC invocations=23 (full 0):
 garbage-first heap   total 280576K, used 221436K [0x0000000080000000, 0x0000000100000000)
  region size 1024K, 87 young (89088K), 5 survivors (5120K)
 Metaspace       used 102214K, capacity 104673K, committed 106112K, reserved 1140736K
  class space    used 13224K, capacity 14146K, committed 14720K, reserved 1048576K
}
Event: 9.906 GC heap after
{Heap after GC invocations=24 (full 0):
 garbage-first heap   total 280576K, used 139170K [0x0000000080000000, 0x0000000100000000)
  region size 1024K, 7 young (7168K), 7 survivors (7168K)
 Metaspace       used 102214K, capacity 104673K, committed 106112K, reserved 1140736K
  class space    used 13224K, capacity 14146K, committed 14720K, reserved 1048576K
}
Event: 10.034 GC heap before
{Heap before GC invocations=24 (full 0):
 garbage-first heap   total 280576K, used 224162K [0x0000000080000000, 0x0000000100000000)
  region size 1024K, 90 young (92160K), 7 survivors (7168K)
 Metaspace       used 102278K, capacity 104760K, committed 106368K, reserved 1140736K
  class space    used 13228K, capacity 14153K, committed 14720K, reserved 1048576K
}
Event: 10.043 GC heap after
{Heap after GC invocations=25 (full 0):
 garbage-first heap   total 280576K, used 140886K [0x0000000080000000, 0x0000000100000000)
  region size 1024K, 7 young (7168K), 7 survivors (7168K)
 Metaspace       used 102278K, capacity 104760K, committed 106368K, reserved 1140736K
  class space    used 13228K, capacity 14153K, committed 14720K, reserved 1048576K
}
Event: 10.271 GC heap before
{Heap before GC invocations=25 (full 0):
 garbage-first heap   total 280576K, used 227926K [0x0000000080000000, 0x0000000100000000)
  region size 1024K, 92 young (94208K), 7 survivors (7168K)
 Metaspace       used 102550K, capacity 105030K, committed 106624K, reserved 1140736K
  class space    used 13228K, capacity 14153K, committed 14720K, reserved 1048576K
}
Event: 10.279 GC heap after
{Heap after GC invocations=26 (full 0):
 garbage-first heap   total 280576K, used 141163K [0x0000000080000000, 0x0000000100000000)
  region size 1024K, 7 young (7168K), 7 survivors (7168K)
 Metaspace       used 102550K, capacity 105030K, committed 106624K, reserved 1140736K
  class space    used 13228K, capacity 14153K, committed 14720K, reserved 1048576K
}
Event: 10.405 GC heap before
{Heap before GC invocations=27 (full 0):
 garbage-first heap   total 280576K, used 230251K [0x0000000080000000, 0x0000000100000000)
  region size 1024K, 94 young (96256K), 7 survivors (7168K)
 Metaspace       used 102623K, capacity 105047K, committed 106624K, reserved 1140736K
  class space    used 13229K, capacity 14156K, committed 14720K, reserved 1048576K
}
Event: 10.415 GC heap after
{Heap after GC invocations=28 (full 0):
 garbage-first heap   total 336896K, used 143826K [0x0000000080000000, 0x0000000100000000)
  region size 1024K, 7 young (7168K), 7 survivors (7168K)
 Metaspace       used 102623K, capacity 105047K, committed 106624K, reserved 1140736K
  class space    used 13229K, capacity 14156K, committed 14720K, reserved 1048576K
}
Event: 10.554 GC heap before
{Heap before GC invocations=28 (full 0):
 garbage-first heap   total 336896K, used 259538K [0x0000000080000000, 0x0000000100000000)
  region size 1024K, 120 young (122880K), 7 survivors (7168K)
 Metaspace       used 102912K, capacity 105322K, committed 106880K, reserved 1140736K
  class space    used 13232K, capacity 14156K, committed 14720K, reserved 1048576K
}
Event: 10.561 GC heap after
{Heap after GC invocations=29 (full 0):
 garbage-first heap   total 336896K, used 144946K [0x0000000080000000, 0x0000000100000000)
  region size 1024K, 8 young (8192K), 8 survivors (8192K)
 Metaspace       used 102912K, capacity 105322K, committed 106880K, reserved 1140736K
  class space    used 13232K, capacity 14156K, committed 14720K, reserved 1048576K
}
Event: 10.696 GC heap before
{Heap before GC invocations=29 (full 0):
 garbage-first heap   total 336896K, used 271922K [0x0000000080000000, 0x0000000100000000)
  region size 1024K, 132 young (135168K), 8 survivors (8192K)
 Metaspace       used 103052K, capacity 105478K, committed 106880K, reserved 1140736K
  class space    used 13234K, capacity 14160K, committed 14720K, reserved 1048576K
}
Event: 10.705 GC heap after
{Heap after GC invocations=30 (full 0):
 garbage-first heap   total 336896K, used 147885K [0x0000000080000000, 0x0000000100000000)
  region size 1024K, 11 young (11264K), 11 survivors (11264K)
 Metaspace       used 103052K, capacity 105478K, committed 106880K, reserved 1140736K
  class space    used 13234K, capacity 14160K, committed 14720K, reserved 1048576K
}
Event: 10.833 GC heap before
{Heap before GC invocations=30 (full 0):
 garbage-first heap   total 336896K, used 274861K [0x0000000080000000, 0x0000000100000000)
  region size 1024K, 135 young (138240K), 11 survivors (11264K)
 Metaspace       used 103147K, capacity 105618K, committed 107136K, reserved 1142784K
  class space    used 13235K, capacity 14161K, committed 14720K, reserved 1048576K
}
Event: 10.844 GC heap after
{Heap after GC invocations=31 (full 0):
 garbage-first heap   total 336896K, used 150524K [0x0000000080000000, 0x0000000100000000)
  region size 1024K, 11 young (11264K), 11 survivors (11264K)
 Metaspace       used 103147K, capacity 105618K, committed 107136K, reserved 1142784K
  class space    used 13235K, capacity 14161K, committed 14720K, reserved 1048576K
}
Event: 10.988 GC heap before
{Heap before GC invocations=31 (full 0):
 garbage-first heap   total 336896K, used 278524K [0x0000000080000000, 0x0000000100000000)
  region size 1024K, 136 young (139264K), 11 survivors (11264K)
 Metaspace       used 103184K, capacity 105682K, committed 107136K, reserved 1142784K
  class space    used 13235K, capacity 14161K, committed 14720K, reserved 1048576K
}

Deoptimization events (20 events):
Event: 10.761 Thread 0x000002ea5db9d000 DEOPT PACKING pc=0x000002ea44fc34ff sp=0x000000fa18bf93b0
Event: 10.761 Thread 0x000002ea5db9d000 DEOPT UNPACKING pc=0x000002ea42e676ce sp=0x000000fa18bf8a38 mode 0
Event: 10.764 Thread 0x000002ea5db9e000 DEOPT PACKING pc=0x000002ea44ba85f5 sp=0x000000fa188f8da0
Event: 10.764 Thread 0x000002ea5db9e000 DEOPT UNPACKING pc=0x000002ea42e676ce sp=0x000000fa188f8528 mode 0
Event: 10.795 Thread 0x000002ea5db9d000 DEOPT PACKING pc=0x000002ea44ddb738 sp=0x000000fa18bf9660
Event: 10.795 Thread 0x000002ea5db9d000 DEOPT UNPACKING pc=0x000002ea42e676ce sp=0x000000fa18bf8b80 mode 0
Event: 10.804 Thread 0x000002ea61143000 DEOPT PACKING pc=0x000002ea450a3707 sp=0x000000fa18cf9850
Event: 10.805 Thread 0x000002ea61143000 DEOPT UNPACKING pc=0x000002ea42e676ce sp=0x000000fa18cf8de0 mode 0
Event: 10.887 Thread 0x000002ea61143000 DEOPT PACKING pc=0x000002ea44fc34ff sp=0x000000fa18cf9470
Event: 10.887 Thread 0x000002ea61143000 DEOPT UNPACKING pc=0x000002ea42e676ce sp=0x000000fa18cf8af8 mode 0
Event: 10.923 Thread 0x000002ea5db9c800 DEOPT PACKING pc=0x000002ea450a3707 sp=0x000000fa18af9cf0
Event: 10.923 Thread 0x000002ea5db9c800 DEOPT UNPACKING pc=0x000002ea42e676ce sp=0x000000fa18af9280 mode 0
Event: 10.942 Thread 0x000002ea5db9e000 DEOPT PACKING pc=0x000002ea44fc34ff sp=0x000000fa188f92d0
Event: 10.942 Thread 0x000002ea5db9e000 DEOPT UNPACKING pc=0x000002ea42e676ce sp=0x000000fa188f8958 mode 0
Event: 10.946 Thread 0x000002ea61143000 DEOPT PACKING pc=0x000002ea44ba85f5 sp=0x000000fa18cf8f40
Event: 10.946 Thread 0x000002ea61143000 DEOPT UNPACKING pc=0x000002ea42e676ce sp=0x000000fa18cf86c8 mode 0
Event: 10.970 Thread 0x000002ea5db9d000 DEOPT PACKING pc=0x000002ea44d0a9a2 sp=0x000000fa18bf9230
Event: 10.970 Thread 0x000002ea5db9d000 DEOPT UNPACKING pc=0x000002ea42e676ce sp=0x000000fa18bf8658 mode 0
Event: 10.987 Thread 0x000002ea61143000 DEOPT PACKING pc=0x000002ea4500caa3 sp=0x000000fa18cf9470
Event: 10.987 Thread 0x000002ea61143000 DEOPT UNPACKING pc=0x000002ea42e676ce sp=0x000000fa18cf8bf8 mode 0

Classes redefined (0 events):
No events

Internal exceptions (20 events):
Event: 8.645 Thread 0x000002ea61143000 Exception <a 'java/lang/IncompatibleClassChangeError'{0x000000008a1d0378}: Found class java.lang.Object, but interface was expected> (0x000000008a1d0378) thrown at [./src/hotspot/share/interpreter/linkResolver.cpp, line 839]
Event: 8.668 Thread 0x000002ea5db9e000 Exception <a 'java/lang/NoSuchMethodError'{0x00000000896a7ce0}: 'int java.lang.invoke.DirectMethodHandle$Holder.invokeVirtual(java.lang.Object, java.lang.Object, java.lang.Object)'> (0x00000000896a7ce0) thrown at [./src/hotspot/share/interpreter/linkResolver.cpp, line 773]
Event: 8.835 Thread 0x000002ea5db9e000 Exception <a 'java/lang/NoSuchMethodError'{0x000000008a183e98}: 'java.lang.Object java.lang.invoke.DirectMethodHandle$Holder.invokeStatic(java.lang.Object, int, java.lang.Object, java.lang.Object)'> (0x000000008a183e98) thrown at [./src/hotspot/share/interpreter/linkResolver.cpp, line 773]
Event: 8.835 Thread 0x000002ea5db9d000 Exception <a 'java/lang/NoSuchMethodError'{0x000000008a013fe0}: 'java.lang.Object java.lang.invoke.DirectMethodHandle$Holder.invokeStatic(java.lang.Object, int, java.lang.Object, java.lang.Object)'> (0x000000008a013fe0) thrown at [./src/hotspot/share/interpreter/linkResolver.cpp, line 773]
Event: 8.835 Thread 0x000002ea61143000 Exception <a 'java/lang/NoSuchMethodError'{0x000000008a0791c0}: 'java.lang.Object java.lang.invoke.DirectMethodHandle$Holder.invokeStatic(java.lang.Object, int, java.lang.Object, java.lang.Object)'> (0x000000008a0791c0) thrown at [./src/hotspot/share/interpreter/linkResolver.cpp, line 773]
Event: 8.865 Thread 0x000002ea61143000 Exception <a 'java/lang/NoSuchMethodError'{0x0000000090d23c98}: 'java.lang.Object java.lang.invoke.Invokers$Holder.linkToTargetMethod(java.lang.Object, java.lang.Object, java.lang.Object, java.lang.Object, java.lang.Object, java.lang.Object, java.lang.Object, java.lang.Object)'> (0x0000000090d23c98) thrown at [./src/hotspot/share/interpreter/linkResolver.cpp, line 773]
Event: 8.865 Thread 0x000002ea5db9d000 Exception <a 'java/lang/NoSuchMethodError'{0x00000000910f1c08}: 'java.lang.Object java.lang.invoke.Invokers$Holder.linkToTargetMethod(java.lang.Object, java.lang.Object, java.lang.Object, java.lang.Object, java.lang.Object, java.lang.Object, java.lang.Object, java.lang.Object)'> (0x00000000910f1c08) thrown at [./src/hotspot/share/interpreter/linkResolver.cpp, line 773]
Event: 8.869 Thread 0x000002ea63769800 Exception <a 'java/lang/NoSuchMethodError'{0x0000000090b106a8}: 'int java.lang.invoke.DirectMethodHandle$Holder.invokeSpecialIFC(java.lang.Object, java.lang.Object, java.lang.Object)'> (0x0000000090b106a8) thrown at [./src/hotspot/share/interpreter/linkResolver.cpp, line 773]
Event: 8.880 Thread 0x000002ea61143000 Exception <a 'java/lang/NoSuchMethodError'{0x000000009098f390}: 'java.lang.Object java.lang.invoke.Invokers$Holder.linkToTargetMethod(java.lang.Object, java.lang.Object, java.lang.Object, java.lang.Object, java.lang.Object, java.lang.Object, java.lang.Object)'> (0x000000009098f390) thrown at [./src/hotspot/share/interpreter/linkResolver.cpp, line 773]
Event: 8.880 Thread 0x000002ea5db9e000 Exception <a 'java/lang/NoSuchMethodError'{0x000000009083b750}: 'java.lang.Object java.lang.invoke.Invokers$Holder.linkToTargetMethod(java.lang.Object, java.lang.Object, java.lang.Object, java.lang.Object, java.lang.Object, java.lang.Object, java.lang.Object)'> (0x000000009083b750) thrown at [./src/hotspot/share/interpreter/linkResolver.cpp, line 773]
Event: 8.880 Thread 0x000002ea5db9d000 Exception <a 'java/lang/NoSuchMethodError'{0x0000000090bbbef8}: 'java.lang.Object java.lang.invoke.Invokers$Holder.linkToTargetMethod(java.lang.Object, java.lang.Object, java.lang.Object, java.lang.Object, java.lang.Object, java.lang.Object, java.lang.Object)'> (0x0000000090bbbef8) thrown at [./src/hotspot/share/interpreter/linkResolver.cpp, line 773]
Event: 8.920 Thread 0x000002ea61143000 Exception <a 'java/lang/NoSuchMethodError'{0x000000009034eba8}: 'java.lang.Object java.lang.invoke.DirectMethodHandle$Holder.invokeVirtual(java.lang.Object, java.lang.Object, int, java.lang.Object)'> (0x000000009034eba8) thrown at [./src/hotspot/share/interpreter/linkResolver.cpp, line 773]
Event: 8.920 Thread 0x000002ea5db9d000 Exception <a 'java/lang/NoSuchMethodError'{0x0000000090368f28}: 'java.lang.Object java.lang.invoke.DirectMethodHandle$Holder.invokeVirtual(java.lang.Object, java.lang.Object, int, java.lang.Object)'> (0x0000000090368f28) thrown at [./src/hotspot/share/interpreter/linkResolver.cpp, line 773]
Event: 8.920 Thread 0x000002ea5db9c800 Exception <a 'java/lang/NoSuchMethodError'{0x00000000905a54d0}: 'java.lang.Object java.lang.invoke.DirectMethodHandle$Holder.invokeVirtual(java.lang.Object, java.lang.Object, int, java.lang.Object)'> (0x00000000905a54d0) thrown at [./src/hotspot/share/interpreter/linkResolver.cpp, line 773]
Event: 8.920 Thread 0x000002ea5db9e000 Exception <a 'java/lang/NoSuchMethodError'{0x000000009053a2a8}: 'java.lang.Object java.lang.invoke.DirectMethodHandle$Holder.invokeVirtual(java.lang.Object, java.lang.Object, int, java.lang.Object)'> (0x000000009053a2a8) thrown at [./src/hotspot/share/interpreter/linkResolver.cpp, line 773]
Event: 8.931 Thread 0x000002ea5db9c800 Exception <a 'java/lang/NoSuchMethodError'{0x0000000090288a70}: 'void java.lang.invoke.DirectMethodHandle$Holder.invokeVirtual(java.lang.Object, java.lang.Object, int, java.lang.Object)'> (0x0000000090288a70) thrown at [./src/hotspot/share/interpreter/linkResolver.cpp, line 773]
Event: 8.931 Thread 0x000002ea5db9d000 Exception <a 'java/lang/NoSuchMethodError'{0x0000000090106c50}: 'void java.lang.invoke.DirectMethodHandle$Holder.invokeVirtual(java.lang.Object, java.lang.Object, int, java.lang.Object)'> (0x0000000090106c50) thrown at [./src/hotspot/share/interpreter/linkResolver.cpp, line 773]
Event: 9.121 Thread 0x000002ea5db9e000 Exception <a 'java/lang/NoSuchMethodError'{0x000000008e0760c8}: 'java.lang.Object java.lang.invoke.DirectMethodHandle$Holder.invokeInterface(java.lang.Object, java.lang.Object, int)'> (0x000000008e0760c8) thrown at [./src/hotspot/share/interpreter/linkResolver.cpp, line 773]
Event: 10.010 Thread 0x000002ea5db9e000 Exception <a 'java/lang/NoSuchMethodError'{0x000000008cde9da8}: 'int java.lang.invoke.DirectMethodHandle$Holder.invokeInterface(java.lang.Object, java.lang.Object, int)'> (0x000000008cde9da8) thrown at [./src/hotspot/share/interpreter/linkResolver.cpp, line 773]
Event: 10.169 Thread 0x000002ea5db9c800 Implicit null exception at 0x000002ea4b09a3ec to 0x000002ea4b09adb4

Events (20 events):
Event: 10.615 loading class com/android/tools/r8/internal/gu done
Event: 10.615 loading class com/android/tools/r8/internal/gu
Event: 10.615 loading class com/android/tools/r8/internal/gu done
Event: 10.616 loading class com/android/tools/r8/internal/Me
Event: 10.616 loading class com/android/tools/r8/internal/Me done
Event: 10.616 loading class com/android/tools/r8/internal/gu
Event: 10.616 loading class com/android/tools/r8/internal/gu done
Event: 10.616 loading class com/android/tools/r8/internal/Te
Event: 10.616 loading class com/android/tools/r8/internal/Te done
Event: 10.695 Executing VM operation: G1CollectForAllocation
Event: 10.705 Executing VM operation: G1CollectForAllocation done
Event: 10.812 loading class com/android/tools/r8/internal/Rr
Event: 10.812 loading class com/android/tools/r8/internal/Rr done
Event: 10.812 loading class com/android/tools/r8/internal/Rr
Event: 10.812 loading class com/android/tools/r8/internal/Rr done
Event: 10.833 Executing VM operation: G1CollectForAllocation
Event: 10.844 Executing VM operation: G1CollectForAllocation done
Event: 10.861 Thread 0x000002ea5a076000 flushing nmethod 0x000002ea433e0010
Event: 10.861 Thread 0x000002ea5a076000 flushing nmethod 0x000002ea433e0d90
Event: 10.988 Executing VM operation: G1CollectForAllocation


Dynamic libraries:
0x00007ff75dba0000 - 0x00007ff75dbaa000 	C:\Program Files\Android\Android Studio\jre\bin\java.exe
0x00007ffd31a40000 - 0x00007ffd31c47000 	C:\WINDOWS\SYSTEM32\ntdll.dll
0x00007ffd2fea0000 - 0x00007ffd2ff5d000 	C:\WINDOWS\System32\KERNEL32.DLL
0x00007ffd2ef20000 - 0x00007ffd2f294000 	C:\WINDOWS\System32\KERNELBASE.dll
0x00007ffd2f2a0000 - 0x00007ffd2f3b1000 	C:\WINDOWS\System32\ucrtbase.dll
0x00007ffd2c2a0000 - 0x00007ffd2c2b7000 	C:\Program Files\Android\Android Studio\jre\bin\VCRUNTIME140.dll
0x00007ffd21510000 - 0x00007ffd21529000 	C:\Program Files\Android\Android Studio\jre\bin\jli.dll
0x00007ffd30b00000 - 0x00007ffd30cac000 	C:\WINDOWS\System32\USER32.dll
0x00007ffd1f160000 - 0x00007ffd1f405000 	C:\WINDOWS\WinSxS\amd64_microsoft.windows.common-controls_6595b64144ccf1df_6.0.22000.120_none_9d947278b86cc467\COMCTL32.dll
0x00007ffd2f3c0000 - 0x00007ffd2f3e6000 	C:\WINDOWS\System32\win32u.dll
0x00007ffd30cb0000 - 0x00007ffd30d53000 	C:\WINDOWS\System32\msvcrt.dll
0x00007ffd30d60000 - 0x00007ffd30d89000 	C:\WINDOWS\System32\GDI32.dll
0x00007ffd2f6f0000 - 0x00007ffd2f802000 	C:\WINDOWS\System32\gdi32full.dll
0x00007ffd2f5d0000 - 0x00007ffd2f66d000 	C:\WINDOWS\System32\msvcp_win.dll
0x00007ffd316f0000 - 0x00007ffd31721000 	C:\WINDOWS\System32\IMM32.DLL
0x00007ffcf8a90000 - 0x00007ffcf8b2d000 	C:\Program Files\Android\Android Studio\jre\bin\msvcp140.dll
0x00007ffcf3690000 - 0x00007ffcf415f000 	C:\Program Files\Android\Android Studio\jre\bin\server\jvm.dll
0x00007ffd2ff60000 - 0x00007ffd3000c000 	C:\WINDOWS\System32\ADVAPI32.dll
0x00007ffd315d0000 - 0x00007ffd3166d000 	C:\WINDOWS\System32\sechost.dll
0x00007ffd30830000 - 0x00007ffd30951000 	C:\WINDOWS\System32\RPCRT4.dll
0x00007ffd30010000 - 0x00007ffd30018000 	C:\WINDOWS\System32\PSAPI.DLL
0x00007ffd1dcb0000 - 0x00007ffd1dcb9000 	C:\WINDOWS\SYSTEM32\WSOCK32.dll
0x00007ffd1e840000 - 0x00007ffd1e873000 	C:\WINDOWS\SYSTEM32\WINMM.dll
0x00007ffd26ea0000 - 0x00007ffd26eaa000 	C:\WINDOWS\SYSTEM32\VERSION.dll
0x00007ffd31470000 - 0x00007ffd314df000 	C:\WINDOWS\System32\WS2_32.dll
0x00007ffd2e130000 - 0x00007ffd2e148000 	C:\WINDOWS\SYSTEM32\kernel.appcore.dll
0x00007ffd1fa90000 - 0x00007ffd1faa1000 	C:\Program Files\Android\Android Studio\jre\bin\verify.dll
0x00007ffd19db0000 - 0x00007ffd19fd1000 	C:\WINDOWS\SYSTEM32\DBGHELP.DLL
0x00007ffd193c0000 - 0x00007ffd193f1000 	C:\WINDOWS\SYSTEM32\dbgcore.DLL
0x00007ffd2f670000 - 0x00007ffd2f6ef000 	C:\WINDOWS\System32\bcryptPrimitives.dll
0x00007ffd1fa60000 - 0x00007ffd1fa89000 	C:\Program Files\Android\Android Studio\jre\bin\java.dll
0x00007ffd2b8a0000 - 0x00007ffd2b8ab000 	C:\Program Files\Android\Android Studio\jre\bin\jimage.dll
0x00007ffd1fa40000 - 0x00007ffd1fa58000 	C:\Program Files\Android\Android Studio\jre\bin\zip.dll
0x00007ffd30020000 - 0x00007ffd307ce000 	C:\WINDOWS\System32\SHELL32.dll
0x00007ffd2d0d0000 - 0x00007ffd2d937000 	C:\WINDOWS\SYSTEM32\windows.storage.dll
0x00007ffd2fb10000 - 0x00007ffd2fe88000 	C:\WINDOWS\System32\combase.dll
0x00007ffd2cf60000 - 0x00007ffd2d0c6000 	C:\WINDOWS\SYSTEM32\wintypes.dll
0x00007ffd314e0000 - 0x00007ffd315ca000 	C:\WINDOWS\System32\SHCORE.dll
0x00007ffd31670000 - 0x00007ffd316cd000 	C:\WINDOWS\System32\shlwapi.dll
0x00007ffd2ee50000 - 0x00007ffd2ee71000 	C:\WINDOWS\SYSTEM32\profapi.dll
0x00007ffd1fa20000 - 0x00007ffd1fa3a000 	C:\Program Files\Android\Android Studio\jre\bin\net.dll
0x00007ffd29400000 - 0x00007ffd2950c000 	C:\WINDOWS\SYSTEM32\WINHTTP.dll
0x00007ffd2e540000 - 0x00007ffd2e5a7000 	C:\WINDOWS\system32\mswsock.dll
0x00007ffd1fa00000 - 0x00007ffd1fa14000 	C:\Program Files\Android\Android Studio\jre\bin\nio.dll
0x00007ffd26840000 - 0x00007ffd26867000 	C:\Users\syedmhdarif_\.gradle\native\8bec1ad78214c89d9ad589b4d07fe93259594b29d510b10fafb7a158f7737e5d\windows-amd64\native-platform.dll
0x00007ffcfa9a0000 - 0x00007ffcfaadd000 	C:\Users\syedmhdarif_\.gradle\native\53dbd7edfb1c66fb8903c78663c9afc45aea4f116125fa6feffd364cf09443e8\windows-amd64\native-platform-file-events.dll
0x00007ffd2b660000 - 0x00007ffd2b66a000 	C:\Program Files\Android\Android Studio\jre\bin\management.dll
0x00007ffd2b630000 - 0x00007ffd2b63c000 	C:\Program Files\Android\Android Studio\jre\bin\management_ext.dll
0x00007ffd2e790000 - 0x00007ffd2e7a8000 	C:\WINDOWS\SYSTEM32\CRYPTSP.dll
0x00007ffd2e090000 - 0x00007ffd2e0c5000 	C:\WINDOWS\system32\rsaenh.dll
0x00007ffd2e630000 - 0x00007ffd2e659000 	C:\WINDOWS\SYSTEM32\USERENV.dll
0x00007ffd2e900000 - 0x00007ffd2e927000 	C:\WINDOWS\SYSTEM32\bcrypt.dll
0x00007ffd2e780000 - 0x00007ffd2e78c000 	C:\WINDOWS\SYSTEM32\CRYPTBASE.dll
0x00007ffd2dc60000 - 0x00007ffd2dc8d000 	C:\WINDOWS\SYSTEM32\IPHLPAPI.DLL
0x00007ffd30d90000 - 0x00007ffd30d99000 	C:\WINDOWS\System32\NSI.dll
0x00007ffd29350000 - 0x00007ffd29369000 	C:\WINDOWS\SYSTEM32\dhcpcsvc6.DLL
0x00007ffd29610000 - 0x00007ffd2962e000 	C:\WINDOWS\SYSTEM32\dhcpcsvc.DLL
0x00007ffd2dc90000 - 0x00007ffd2dd77000 	C:\WINDOWS\SYSTEM32\DNSAPI.dll

dbghelp: loaded successfully - version: 4.0.5 - missing functions: none
symbol engine: initialized successfully - sym options: 0x614 - pdb path: .;C:\Program Files\Android\Android Studio\jre\bin;C:\WINDOWS\SYSTEM32;C:\WINDOWS\WinSxS\amd64_microsoft.windows.common-controls_6595b64144ccf1df_6.0.22000.120_none_9d947278b86cc467;C:\Program Files\Android\Android Studio\jre\bin\server;C:\Users\syedmhdarif_\.gradle\native\8bec1ad78214c89d9ad589b4d07fe93259594b29d510b10fafb7a158f7737e5d\windows-amd64;C:\Users\syedmhdarif_\.gradle\native\53dbd7edfb1c66fb8903c78663c9afc45aea4f116125fa6feffd364cf09443e8\windows-amd64

VM Arguments:
jvm_args: --add-opens=java.base/java.util=ALL-UNNAMED --add-opens=java.base/java.lang=ALL-UNNAMED --add-opens=java.base/java.lang.invoke=ALL-UNNAMED --add-opens=java.base/java.util=ALL-UNNAMED --add-opens=java.prefs/java.util.prefs=ALL-UNNAMED --add-opens=java.prefs/java.util.prefs=ALL-UNNAMED --add-opens=java.base/java.nio.charset=ALL-UNNAMED --add-opens=java.base/java.net=ALL-UNNAMED --add-opens=java.base/java.util.concurrent.atomic=ALL-UNNAMED -Xmx2048m -Dfile.encoding=UTF-8 -Duser.country=US -Duser.language=en -Duser.variant 
java_command: org.gradle.launcher.daemon.bootstrap.GradleDaemon 7.0.2
java_class_path (initial): C:\Users\syedmhdarif_\.gradle\wrapper\dists\gradle-7.0.2-bin\857tjihv64xamwrf0h14cai3r\gradle-7.0.2\lib\gradle-launcher-7.0.2.jar
Launcher Type: SUN_STANDARD

[Global flags]
     intx CICompilerCount                          = 4                                         {product} {ergonomic}
     uint ConcGCThreads                            = 2                                         {product} {ergonomic}
     uint G1ConcRefinementThreads                  = 8                                         {product} {ergonomic}
   size_t G1HeapRegionSize                         = 1048576                                   {product} {ergonomic}
    uintx GCDrainStackTargetSize                   = 64                                        {product} {ergonomic}
   size_t InitialHeapSize                          = 199229440                                 {product} {ergonomic}
   size_t MarkStackSize                            = 4194304                                   {product} {ergonomic}
   size_t MaxHeapSize                              = 2147483648                                {product} {command line}
   size_t MaxNewSize                               = 1287651328                                {product} {ergonomic}
   size_t MinHeapDeltaBytes                        = 1048576                                   {product} {ergonomic}
    uintx NonNMethodCodeHeapSize                   = 5836300                                {pd product} {ergonomic}
    uintx NonProfiledCodeHeapSize                  = 122910970                              {pd product} {ergonomic}
    uintx ProfiledCodeHeapSize                     = 122910970                              {pd product} {ergonomic}
    uintx ReservedCodeCacheSize                    = 251658240                              {pd product} {ergonomic}
     bool SegmentedCodeCache                       = true                                      {product} {ergonomic}
     bool UseCompressedClassPointers               = true                                 {lp64_product} {ergonomic}
     bool UseCompressedOops                        = true                                 {lp64_product} {ergonomic}
     bool UseG1GC                                  = true                                      {product} {ergonomic}
     bool UseLargePagesIndividualAllocation        = false                                  {pd product} {ergonomic}

Logging:
Log output configuration:
 #0: stdout all=warning uptime,level,tags
 #1: stderr all=off uptime,level,tags

Environment Variables:
JAVA_HOME=C:\Program Files\Java\jdk1.8.0_251
PATH=C:\Program Files (x86)\Common Files\Oracle\Java\javapath;C:\Program Files (x86)\Common Files\Intel\Shared Libraries\redist\intel64\compiler;C:\Windows\system32;C:\Windows;C:\Windows\System32\Wbem;C:\Windows\System32\WindowsPowerShell\v1.0\;C:\Windows\System32\OpenSSH\;C:\Program Files (x86)\NVIDIA Corporation\PhysX\Common;C:\Program Files\NVIDIA Corporation\NVIDIA NvDLISR;C:\Program Files\nodejs\;C:\Users\syedmhdarif_\AppData\Local\Android\Sdk\tools;%ANDROID_HOME\tools\bin;C:\Users\syedmhdarif_\AppData\Local\Android\Sdk\platform-tools;C:\Program Files\Java\jdk1.8.0_251\bin;C:\WINDOWS\system32;C:\WINDOWS;C:\WINDOWS\System32\Wbem;C:\WINDOWS\System32\WindowsPowerShell\v1.0\;C:\WINDOWS\System32\OpenSSH\;C:\Program Files\Git\cmd;C:\Users\syedmhdarif_\AppData\Local\Microsoft\WindowsApps;C:\Users\syedmhdarif_\AppData\Roaming\npm;C:\Users\syedmhdarif_\AppData\Local\Programs\Microsoft VS Code\bin;C:\Users\syedmhdarif_\AppData\Local\Android\Sdk\tools;C:\Users\syedmhdarif_\AppData\Local\Android\Sdk\tools\bin;C:\Users\syedmhdarif_\AppData\Local\Android\Sdk\platform-tools;C:\Users\syedmhdarif_\AppData\Local\GitHubDesktop\bin;
USERNAME=syedmhdarif_
OS=Windows_NT
PROCESSOR_IDENTIFIER=Intel64 Family 6 Model 165 Stepping 2, GenuineIntel



---------------  S Y S T E M  ---------------

OS: Windows 10 , 64 bit Build 22000 (10.0.22000.318)
OS uptime: 0 days 15:30 hours

CPU:total 8 (initial active 8) (4 cores per cpu, 2 threads per core) family 6 model 165 stepping 2 microcode 0xe2, cmov, cx8, fxsr, mmx, sse, sse2, sse3, ssse3, sse4.1, sse4.2, popcnt, avx, avx2, aes, clmul, erms, 3dnowpref, lzcnt, ht, tsc, tscinvbit, bmi1, bmi2, adx, fma

Memory: 4k page, system-wide physical 12109M (1434M free)
TotalPageFile size 48973M (AvailPageFile size 33M)
current process WorkingSet (physical memory assigned to process): 721M, peak: 723M
current process commit charge ("private bytes"): 790M, peak: 877M

vm_info: OpenJDK 64-Bit Server VM (11.0.10+0-b96-7249189) for windows-amd64 JRE (11.0.10+0-b96-7249189), built on Mar 31 2021 21:44:00 by "builder" with MS VC++ 14.0 (VS2015)

END.
