#
# There is insufficient memory for the Java Runtime Environment to continue.
# Native memory allocation (mmap) failed to map 78643200 bytes for Failed to commit area from 0x0000000094900000 to 0x0000000099400000 of length 78643200.
# Possible reasons:
#   The system is out of physical RAM or swap space
#   The process is running with CompressedOops enabled, and the Java Heap may be blocking the growth of the native heap
# Possible solutions:
#   Reduce memory load on the system
#   Increase physical memory or swap space
#   Check if swap backing store is full
#   Decrease Java heap size (-Xmx/-Xms)
#   Decrease number of Java threads
#   Decrease Java thread stack sizes (-Xss)
#   Set larger code cache with -XX:ReservedCodeCacheSize=
#   JVM is running with Unscaled Compressed Oops mode in which the Java heap is
#     placed in the first 4GB address space. The Java Heap base address is the
#     maximum limit for the native heap growth. Please use -XX:HeapBaseMinAddress
#     to set the Java Heap base and to place the Java Heap above 4GB virtual address.
# This output file may be truncated or incomplete.
#
#  Out of Memory Error (./src/hotspot/os/windows/os_windows.cpp:3301), pid=23484, tid=15456
#
# JRE version: OpenJDK Runtime Environment (11.0.10) (build 11.0.10+0-b96-7249189)
# Java VM: OpenJDK 64-Bit Server VM (11.0.10+0-b96-7249189, mixed mode, tiered, compressed oops, g1 gc, windows-amd64)
# No core dump will be written. Minidumps are not enabled by default on client versions of Windows
#

---------------  S U M M A R Y ------------

Command Line: --add-opens=java.base/java.util=ALL-UNNAMED --add-opens=java.base/java.lang=ALL-UNNAMED --add-opens=java.base/java.lang.invoke=ALL-UNNAMED --add-opens=java.base/java.util=ALL-UNNAMED --add-opens=java.prefs/java.util.prefs=ALL-UNNAMED --add-opens=java.prefs/java.util.prefs=ALL-UNNAMED --add-opens=java.base/java.nio.charset=ALL-UNNAMED --add-opens=java.base/java.net=ALL-UNNAMED --add-opens=java.base/java.util.concurrent.atomic=ALL-UNNAMED -Xmx2048m -Dfile.encoding=UTF-8 -Duser.country=US -Duser.language=en -Duser.variant org.gradle.launcher.daemon.bootstrap.GradleDaemon 7.0.2

Host: Intel(R) Core(TM) i5-10200H CPU @ 2.40GHz, 8 cores, 11G,  Windows 10 , 64 bit Build 22000 (10.0.22000.318)
Time: Wed Jan  5 13:55:17 2022 Malay Peninsula Standard Time elapsed time: 15.605114 seconds (0d 0h 0m 15s)

---------------  T H R E A D  ---------------

Current thread (0x000001fadbc24800):  VMThread "VM Thread" [stack: 0x0000009d00900000,0x0000009d00a00000] [id=15456]

Stack: [0x0000009d00900000,0x0000009d00a00000]
[error occurred during error reporting (printing stack bounds), id 0xc0000005, EXCEPTION_ACCESS_VIOLATION (0xc0000005) at pc=0x000001fac5270f2d]

Native frames: (J=compiled Java code, j=interpreted, Vv=VM code, C=native code)
V  [jvm.dll+0x5ecfaa]
V  [jvm.dll+0x722bd5]
V  [jvm.dll+0x72412d]
V  [jvm.dll+0x724745]
V  [jvm.dll+0x7246fb]
V  [jvm.dll+0x5ec348]
V  [jvm.dll+0x5ecad8]
C  [ntdll.dll+0xa82ff]
C  [ntdll.dll+0x35a0a]
C  [ntdll.dll+0xa730e]
C  0x000001fac5270f2d

VM_Operation (0x0000009d03bf8e80): G1CollectForAllocation, mode: safepoint, requested by thread 0x000001fae0732000


---------------  P R O C E S S  ---------------

Threads class SMR info:
_java_thread_list=0x000001faed87a490, length=71, elements={
0x000001fac177f000, 0x000001fadbc2a800, 0x000001fadbc2e000, 0x000001fadc488800,
0x000001fadc489800, 0x000001fadc48b000, 0x000001fadc494000, 0x000001fadc495800,
0x000001fadc4a1000, 0x000001fadc5f3000, 0x000001fadee2a000, 0x000001fade87b800,
0x000001fade606000, 0x000001fade432800, 0x000001fadee61800, 0x000001fadf1b3800,
0x000001fadfb32800, 0x000001faddc58800, 0x000001fade3e7000, 0x000001fade9ec800,
0x000001fade9ec000, 0x000001fade9ee800, 0x000001fade9ed800, 0x000001fade9e8800,
0x000001fade9eb000, 0x000001fade9ef000, 0x000001fade9ea000, 0x000001fade9e9800,
0x000001fae0726000, 0x000001fae0729000, 0x000001fae0725000, 0x000001fae072a000,
0x000001fae0727800, 0x000001fae072a800, 0x000001fae0728800, 0x000001fae072f000,
0x000001fae0731000, 0x000001fae072b800, 0x000001fae072e000, 0x000001fae0732000,
0x000001fae0730800, 0x000001fae072d000, 0x000001fae072f800, 0x000001fae072c800,
0x000001fae0733000, 0x000001fae314c000, 0x000001fae3147000, 0x000001fae314d000,
0x000001fae314d800, 0x000001fae3148000, 0x000001fae314b000, 0x000001fae314a800,
0x000001fae314e800, 0x000001fae3148800, 0x000001fae3152800, 0x000001fae314f800,
0x000001fae3150000, 0x000001fae3153800, 0x000001fae3151800, 0x000001fae3155000,
0x000001fae3154000, 0x000001fae3151000, 0x000001fae3bd8000, 0x000001fae3bdb000,
0x000001fae3bde800, 0x000001fae3bd9800, 0x000001fae3bdd800, 0x000001fae3bdd000,
0x000001fae3be0000, 0x000001fadc77d000, 0x000001fadeb75800
}

Java Threads: ( => current thread )
  0x000001fac177f000 JavaThread "main" [_thread_blocked, id=19684, stack(0x0000009d00300000,0x0000009d00400000)]
  0x000001fadbc2a800 JavaThread "Reference Handler" daemon [_thread_blocked, id=7628, stack(0x0000009d00a00000,0x0000009d00b00000)]
  0x000001fadbc2e000 JavaThread "Finalizer" daemon [_thread_blocked, id=14840, stack(0x0000009d00b00000,0x0000009d00c00000)]
  0x000001fadc488800 JavaThread "Signal Dispatcher" daemon [_thread_blocked, id=13440, stack(0x0000009d00c00000,0x0000009d00d00000)]
  0x000001fadc489800 JavaThread "Attach Listener" daemon [_thread_blocked, id=16448, stack(0x0000009d00d00000,0x0000009d00e00000)]
  0x000001fadc48b000 JavaThread "Service Thread" daemon [_thread_blocked, id=21208, stack(0x0000009d00e00000,0x0000009d00f00000)]
  0x000001fadc494000 JavaThread "C2 CompilerThread0" daemon [_thread_in_native, id=10812, stack(0x0000009d00f00000,0x0000009d01000000)]
  0x000001fadc495800 JavaThread "C1 CompilerThread0" daemon [_thread_blocked, id=12932, stack(0x0000009d01000000,0x0000009d01100000)]
  0x000001fadc4a1000 JavaThread "Sweeper thread" daemon [_thread_blocked, id=19128, stack(0x0000009d01100000,0x0000009d01200000)]
  0x000001fadc5f3000 JavaThread "Common-Cleaner" daemon [_thread_blocked, id=19076, stack(0x0000009d01200000,0x0000009d01300000)]
  0x000001fadee2a000 JavaThread "Daemon health stats" [_thread_blocked, id=12112, stack(0x0000009d01800000,0x0000009d01900000)]
  0x000001fade87b800 JavaThread "Incoming local TCP Connector on port 51431" [_thread_in_native, id=7388, stack(0x0000009d01900000,0x0000009d01a00000)]
  0x000001fade606000 JavaThread "Daemon periodic checks" [_thread_blocked, id=19824, stack(0x0000009d01a00000,0x0000009d01b00000)]
  0x000001fade432800 JavaThread "Daemon" [_thread_blocked, id=23080, stack(0x0000009d01b00000,0x0000009d01c00000)]
  0x000001fadee61800 JavaThread "Handler for socket connection from /127.0.0.1:51431 to /127.0.0.1:51432" [_thread_in_native, id=21396, stack(0x0000009d01c00000,0x0000009d01d00000)]
  0x000001fadf1b3800 JavaThread "Cancel handler" [_thread_blocked, id=9092, stack(0x0000009d01d00000,0x0000009d01e00000)]
  0x000001fadfb32800 JavaThread "Daemon worker" [_thread_blocked, id=17380, stack(0x0000009d01e00000,0x0000009d01f00000)]
  0x000001faddc58800 JavaThread "Asynchronous log dispatcher for DefaultDaemonConnection: socket connection from /127.0.0.1:51431 to /127.0.0.1:51432" [_thread_blocked, id=1928, stack(0x0000009d01f00000,0x0000009d02000000)]
  0x000001fade3e7000 JavaThread "Stdin handler" [_thread_blocked, id=22332, stack(0x0000009d02000000,0x0000009d02100000)]
  0x000001fade9ec800 JavaThread "Daemon client event forwarder" [_thread_blocked, id=12672, stack(0x0000009d02100000,0x0000009d02200000)]
  0x000001fade9ec000 JavaThread "Cache worker for file hash cache (C:\Users\syedmhdarif_\.gradle\caches\7.0.2\fileHashes)" [_thread_blocked, id=21508, stack(0x0000009d02200000,0x0000009d02300000)]
  0x000001fade9ee800 JavaThread "File lock request listener" [_thread_in_native, id=12840, stack(0x0000009d02300000,0x0000009d02400000)]
  0x000001fade9ed800 JavaThread "Cache worker for journal cache (C:\Users\syedmhdarif_\.gradle\caches\journal-1)" [_thread_blocked, id=19592, stack(0x0000009d02900000,0x0000009d02a00000)]
  0x000001fade9e8800 JavaThread "Cache worker for file hash cache (C:\Users\syedmhdarif_\AndroidStudioProjects\AivieV3\.gradle\7.0.2\fileHashes)" [_thread_blocked, id=22900, stack(0x0000009d02a00000,0x0000009d02b00000)]
  0x000001fade9eb000 JavaThread "File watcher server" daemon [_thread_blocked, id=12788, stack(0x0000009d02b00000,0x0000009d02c00000)]
  0x000001fade9ef000 JavaThread "File watcher consumer" daemon [_thread_blocked, id=3768, stack(0x0000009d02c00000,0x0000009d02d00000)]
  0x000001fade9ea000 JavaThread "Cache worker for checksums cache (C:\Users\syedmhdarif_\AndroidStudioProjects\AivieV3\.gradle\checksums)" [_thread_blocked, id=21536, stack(0x0000009d02d00000,0x0000009d02e00000)]
  0x000001fade9e9800 JavaThread "Cache worker for cache directory md-supplier (C:\Users\syedmhdarif_\.gradle\caches\7.0.2\md-supplier)" [_thread_blocked, id=17540, stack(0x0000009d02e00000,0x0000009d02f00000)]
  0x000001fae0726000 JavaThread "Cache worker for cache directory md-rule (C:\Users\syedmhdarif_\.gradle\caches\7.0.2\md-rule)" [_thread_blocked, id=15916, stack(0x0000009d02f00000,0x0000009d03000000)]
  0x000001fae0729000 JavaThread "Cache worker for execution history cache (C:\Users\syedmhdarif_\.gradle\caches\7.0.2\executionHistory)" [_thread_blocked, id=5360, stack(0x0000009d03100000,0x0000009d03200000)]
  0x000001fae0725000 JavaThread "jar transforms" [_thread_blocked, id=20800, stack(0x0000009d03200000,0x0000009d03300000)]
  0x000001fae072a000 JavaThread "jar transforms Thread 2" [_thread_blocked, id=16980, stack(0x0000009d03300000,0x0000009d03400000)]
  0x000001fae0727800 JavaThread "Cache worker for file content cache (C:\Users\syedmhdarif_\.gradle\caches\7.0.2\fileContent)" [_thread_blocked, id=4308, stack(0x0000009d03400000,0x0000009d03500000)]
  0x000001fae072a800 JavaThread "Cache worker for dependencies-accessors (C:\Users\syedmhdarif_\AndroidStudioProjects\AivieV3\.gradle\7.0.2\dependencies-accessors)" [_thread_blocked, id=14480, stack(0x0000009d03500000,0x0000009d03600000)]
  0x000001fae0728800 JavaThread "jar transforms Thread 3" [_thread_blocked, id=15816, stack(0x0000009d03600000,0x0000009d03700000)]
  0x000001fae072f000 JavaThread "Cache worker for Build Output Cleanup Cache (C:\Users\syedmhdarif_\AndroidStudioProjects\AivieV3\.gradle\buildOutputCleanup)" [_thread_blocked, id=8020, stack(0x0000009d03700000,0x0000009d03800000)]
  0x000001fae0731000 JavaThread "Build operations" [_thread_blocked, id=10416, stack(0x0000009d03800000,0x0000009d03900000)]
  0x000001fae072b800 JavaThread "Build operations Thread 2" [_thread_blocked, id=23172, stack(0x0000009d03900000,0x0000009d03a00000)]
  0x000001fae072e000 JavaThread "Build operations Thread 3" [_thread_blocked, id=10268, stack(0x0000009d03a00000,0x0000009d03b00000)]
  0x000001fae0732000 JavaThread "Build operations Thread 4" [_thread_blocked, id=13104, stack(0x0000009d03b00000,0x0000009d03c00000)]
  0x000001fae0730800 JavaThread "Build operations Thread 5" [_thread_blocked, id=2680, stack(0x0000009d03c00000,0x0000009d03d00000)]
  0x000001fae072d000 JavaThread "Build operations Thread 6" [_thread_blocked, id=5804, stack(0x0000009d03d00000,0x0000009d03e00000)]
  0x000001fae072f800 JavaThread "Build operations Thread 7" [_thread_blocked, id=23512, stack(0x0000009d03e00000,0x0000009d03f00000)]
  0x000001fae072c800 JavaThread "Build operations Thread 8" [_thread_blocked, id=20712, stack(0x0000009d03f00000,0x0000009d04000000)]
  0x000001fae0733000 JavaThread "jar transforms Thread 4" [_thread_blocked, id=5484, stack(0x0000009d04000000,0x0000009d04100000)]
  0x000001fae314c000 JavaThread "jar transforms Thread 5" [_thread_blocked, id=7616, stack(0x0000009d04100000,0x0000009d04200000)]
  0x000001fae3147000 JavaThread "jar transforms Thread 6" [_thread_blocked, id=1100, stack(0x0000009d04200000,0x0000009d04300000)]
  0x000001fae314d000 JavaThread "jar transforms Thread 7" [_thread_blocked, id=3576, stack(0x0000009d04300000,0x0000009d04400000)]
  0x000001fae314d800 JavaThread "jar transforms Thread 8" [_thread_blocked, id=18656, stack(0x0000009d04400000,0x0000009d04500000)]
  0x000001fae3148000 JavaThread "Memory manager" [_thread_blocked, id=1036, stack(0x0000009d04500000,0x0000009d04600000)]
  0x000001fae314b000 JavaThread "build event listener" [_thread_blocked, id=17496, stack(0x0000009d04600000,0x0000009d04700000)]
  0x000001fae314a800 JavaThread "Execution worker for ':'" [_thread_blocked, id=15376, stack(0x0000009d04700000,0x0000009d04800000)]
  0x000001fae314e800 JavaThread "Execution worker for ':' Thread 2" [_thread_blocked, id=12432, stack(0x0000009d04800000,0x0000009d04900000)]
  0x000001fae3148800 JavaThread "Execution worker for ':' Thread 3" [_thread_blocked, id=5248, stack(0x0000009d04900000,0x0000009d04a00000)]
  0x000001fae3152800 JavaThread "Execution worker for ':' Thread 4" [_thread_blocked, id=17856, stack(0x0000009d04a00000,0x0000009d04b00000)]
  0x000001fae314f800 JavaThread "Execution worker for ':' Thread 5" [_thread_blocked, id=23160, stack(0x0000009d04b00000,0x0000009d04c00000)]
  0x000001fae3150000 JavaThread "Execution worker for ':' Thread 6" [_thread_blocked, id=17900, stack(0x0000009d04c00000,0x0000009d04d00000)]
  0x000001fae3153800 JavaThread "Execution worker for ':' Thread 7" [_thread_blocked, id=3036, stack(0x0000009d04d00000,0x0000009d04e00000)]
  0x000001fae3151800 JavaThread "Cache worker for execution history cache (C:\Users\syedmhdarif_\AndroidStudioProjects\AivieV3\.gradle\7.0.2\executionHistory)" [_thread_blocked, id=18936, stack(0x0000009d04e00000,0x0000009d04f00000)]
  0x000001fae3155000 JavaThread "WorkerExecutor Queue" [_thread_blocked, id=2404, stack(0x0000009d04f00000,0x0000009d05000000)]
  0x000001fae3154000 JavaThread "WorkerExecutor Queue Thread 2" [_thread_blocked, id=6680, stack(0x0000009d05400000,0x0000009d05500000)]
  0x000001fae3151000 JavaThread "WorkerExecutor Queue Thread 4" [_thread_blocked, id=12844, stack(0x0000009d05600000,0x0000009d05700000)]
  0x000001fae3bd8000 JavaThread "WorkerExecutor Queue Thread 5" [_thread_blocked, id=17220, stack(0x0000009d05700000,0x0000009d05800000)]
  0x000001fae3bdb000 JavaThread "WorkerExecutor Queue Thread 6" [_thread_blocked, id=12984, stack(0x0000009d05800000,0x0000009d05900000)]
  0x000001fae3bde800 JavaThread "WorkerExecutor Queue Thread 7" [_thread_blocked, id=16684, stack(0x0000009d05900000,0x0000009d05a00000)]
  0x000001fae3bd9800 JavaThread "WorkerExecutor Queue Thread 8" [_thread_blocked, id=21368, stack(0x0000009d05a00000,0x0000009d05b00000)]
  0x000001fae3bdd800 JavaThread "pool-3-thread-1" [_thread_blocked, id=23432, stack(0x0000009d05b00000,0x0000009d05c00000)]
  0x000001fae3bdd000 JavaThread "stderr" [_thread_in_native, id=20392, stack(0x0000009d05c00000,0x0000009d05d00000)]
  0x000001fae3be0000 JavaThread "stdout" [_thread_in_native, id=9588, stack(0x0000009d05d00000,0x0000009d05e00000)]
  0x000001fadc77d000 JavaThread "C2 CompilerThread1" daemon [_thread_blocked, id=3368, stack(0x0000009d01400000,0x0000009d01500000)]
  0x000001fadeb75800 JavaThread "C2 CompilerThread2" daemon [_thread_blocked, id=19884, stack(0x0000009d03000000,0x0000009d03100000)]

Other Threads:
=>0x000001fadbc24800 VMThread "VM Thread" [stack: 0x0000009d00900000,0x0000009d00a00000] [id=15456]
  0x000001fadc602800 WatcherThread [stack: 0x0000009d01300000,0x0000009d01400000] [id=21572]
  0x000001fac1797800 GCTaskThread "GC Thread#0" [stack: 0x0000009d00400000,0x0000009d00500000] [id=9664]
  0x000001fadd070800 GCTaskThread "GC Thread#1" [stack: 0x0000009d01500000,0x0000009d01600000] [id=20384]
  0x000001fadcc2a800 GCTaskThread "GC Thread#2" [stack: 0x0000009d01600000,0x0000009d01700000] [id=15012]
  0x000001fadcc4c000 GCTaskThread "GC Thread#3" [stack: 0x0000009d01700000,0x0000009d01800000] [id=3636]
  0x000001fadd5ee000 GCTaskThread "GC Thread#4" [stack: 0x0000009d02400000,0x0000009d02500000] [id=12124]
  0x000001fadf10d800 GCTaskThread "GC Thread#5" [stack: 0x0000009d02500000,0x0000009d02600000] [id=11968]
  0x000001fadde84000 GCTaskThread "GC Thread#6" [stack: 0x0000009d02600000,0x0000009d02700000] [id=5156]
  0x000001fade544800 GCTaskThread "GC Thread#7" [stack: 0x0000009d02700000,0x0000009d02800000] [id=13072]
  0x000001fac17c9800 ConcurrentGCThread "G1 Main Marker" [stack: 0x0000009d00500000,0x0000009d00600000] [id=22476]
  0x000001fac17cb000 ConcurrentGCThread "G1 Conc#0" [stack: 0x0000009d00600000,0x0000009d00700000] [id=16964]
  0x000001fadee37800 ConcurrentGCThread "G1 Conc#1" [stack: 0x0000009d02800000,0x0000009d02900000] [id=22416]
  0x000001fadba72800 ConcurrentGCThread "G1 Refine#0" [stack: 0x0000009d00700000,0x0000009d00800000] [id=22224]
  0x000001fadff2e800 ConcurrentGCThread "G1 Refine#1" [stack: 0x0000009d05000000,0x0000009d05100000] [id=21092]
  0x000001fadf22a800 ConcurrentGCThread "G1 Refine#2" [stack: 0x0000009d05100000,0x0000009d05200000] [id=20052]
  0x000001fae7b99000 ConcurrentGCThread "G1 Refine#3" [stack: 0x0000009d05200000,0x0000009d05300000] [id=19984]
  0x000001fae5113000 ConcurrentGCThread "G1 Refine#4" [stack: 0x0000009d05300000,0x0000009d05400000] [id=18160]
  0x000001fadba73000 ConcurrentGCThread "G1 Young RemSet Sampling" [stack: 0x0000009d00800000,0x0000009d00900000] [id=7400]

Threads with active compile tasks:
C2 CompilerThread0  15619 18074 %     4       com.android.tools.r8.internal.Le::a @ 2554 (3140 bytes)
C2 CompilerThread1  15619 17534 %     4       com.android.tools.r8.internal.Me::c @ 660 (1174 bytes)
C2 CompilerThread2  15619 17949       4       com.android.tools.r8.internal.Lv::a (455 bytes)

VM state:at safepoint (normal execution)

VM Mutex/Monitor currently owned by a thread:  ([mutex/lock_event])
[0x000001fac177b4e0] Threads_lock - owner thread: 0x000001fadbc24800
[0x000001fac177b450] Heap_lock - owner thread: 0x000001fae0732000

Heap address: 0x0000000080000000, size: 2048 MB, Compressed Oops mode: 32-bit
Narrow klass base: 0x0000000000000000, Narrow klass shift: 3
Compressed class space size: 1073741824 Address: 0x0000000100000000

Heap:
 garbage-first heap   total 413696K, used 154838K [0x0000000080000000, 0x0000000100000000)
  region size 1024K, 3 young (3072K), 3 survivors (3072K)
 Metaspace       used 111878K, capacity 114710K, committed 115584K, reserved 1148928K
  class space    used 14024K, capacity 15095K, committed 15488K, reserved 1048576K
Heap Regions: E=young(eden), S=young(survivor), O=old, HS=humongous(starts), HC=humongous(continues), CS=collection set, F=free, A=archive, TAMS=top-at-mark-start (previous, next)
|   0|0x0000000080000000, 0x0000000080100000, 0x0000000080100000|100%| O|  |TAMS 0x0000000080100000, 0x0000000080100000| Untracked 
|   1|0x0000000080100000, 0x0000000080200000, 0x0000000080200000|100%| O|  |TAMS 0x0000000080200000, 0x0000000080200000| Untracked 
|   2|0x0000000080200000, 0x0000000080300000, 0x0000000080300000|100%| O|  |TAMS 0x0000000080300000, 0x0000000080300000| Untracked 
|   3|0x0000000080300000, 0x0000000080400000, 0x0000000080400000|100%|HS|  |TAMS 0x0000000080400000, 0x0000000080400000| Complete 
|   4|0x0000000080400000, 0x0000000080500000, 0x0000000080500000|100%|HC|  |TAMS 0x0000000080500000, 0x0000000080500000| Complete 
|   5|0x0000000080500000, 0x0000000080600000, 0x0000000080600000|100%|HC|  |TAMS 0x0000000080600000, 0x0000000080600000| Complete 
|   6|0x0000000080600000, 0x0000000080700000, 0x0000000080700000|100%| O|  |TAMS 0x0000000080700000, 0x0000000080700000| Untracked 
|   7|0x0000000080700000, 0x0000000080800000, 0x0000000080800000|100%| O|  |TAMS 0x0000000080800000, 0x0000000080800000| Untracked 
|   8|0x0000000080800000, 0x0000000080900000, 0x0000000080900000|100%| O|  |TAMS 0x0000000080900000, 0x0000000080900000| Untracked 
|   9|0x0000000080900000, 0x0000000080a00000, 0x0000000080a00000|100%| O|  |TAMS 0x0000000080a00000, 0x0000000080a00000| Untracked 
|  10|0x0000000080a00000, 0x0000000080b00000, 0x0000000080b00000|100%| O|  |TAMS 0x0000000080b00000, 0x0000000080b00000| Untracked 
|  11|0x0000000080b00000, 0x0000000080c00000, 0x0000000080c00000|100%| O|  |TAMS 0x0000000080c00000, 0x0000000080c00000| Untracked 
|  12|0x0000000080c00000, 0x0000000080d00000, 0x0000000080d00000|100%| O|  |TAMS 0x0000000080d00000, 0x0000000080d00000| Untracked 
|  13|0x0000000080d00000, 0x0000000080e00000, 0x0000000080e00000|100%| O|  |TAMS 0x0000000080e00000, 0x0000000080e00000| Untracked 
|  14|0x0000000080e00000, 0x0000000080f00000, 0x0000000080f00000|100%| O|  |TAMS 0x0000000080f00000, 0x0000000080f00000| Untracked 
|  15|0x0000000080f00000, 0x0000000081000000, 0x0000000081000000|100%| O|  |TAMS 0x0000000081000000, 0x0000000081000000| Untracked 
|  16|0x0000000081000000, 0x0000000081100000, 0x0000000081100000|100%|HS|  |TAMS 0x0000000081100000, 0x0000000081100000| Complete 
|  17|0x0000000081100000, 0x0000000081200000, 0x0000000081200000|100%|HS|  |TAMS 0x0000000081200000, 0x0000000081200000| Complete 
|  18|0x0000000081200000, 0x0000000081300000, 0x0000000081300000|100%|HS|  |TAMS 0x0000000081300000, 0x0000000081300000| Complete 
|  19|0x0000000081300000, 0x0000000081400000, 0x0000000081400000|100%|HC|  |TAMS 0x0000000081400000, 0x0000000081400000| Complete 
|  20|0x0000000081400000, 0x0000000081500000, 0x0000000081500000|100%| O|  |TAMS 0x0000000081500000, 0x0000000081500000| Untracked 
|  21|0x0000000081500000, 0x0000000081600000, 0x0000000081600000|100%| O|  |TAMS 0x0000000081600000, 0x0000000081600000| Untracked 
|  22|0x0000000081600000, 0x0000000081700000, 0x0000000081700000|100%| O|  |TAMS 0x0000000081700000, 0x0000000081700000| Untracked 
|  23|0x0000000081700000, 0x0000000081800000, 0x0000000081800000|100%| O|  |TAMS 0x0000000081800000, 0x0000000081800000| Untracked 
|  24|0x0000000081800000, 0x0000000081900000, 0x0000000081900000|100%| O|  |TAMS 0x0000000081900000, 0x0000000081900000| Untracked 
|  25|0x0000000081900000, 0x0000000081a00000, 0x0000000081a00000|100%| O|  |TAMS 0x0000000081a00000, 0x0000000081a00000| Untracked 
|  26|0x0000000081a00000, 0x0000000081b00000, 0x0000000081b00000|100%| O|  |TAMS 0x0000000081b00000, 0x0000000081b00000| Untracked 
|  27|0x0000000081b00000, 0x0000000081c00000, 0x0000000081c00000|100%| O|  |TAMS 0x0000000081c00000, 0x0000000081c00000| Untracked 
|  28|0x0000000081c00000, 0x0000000081d00000, 0x0000000081d00000|100%| O|  |TAMS 0x0000000081d00000, 0x0000000081d00000| Untracked 
|  29|0x0000000081d00000, 0x0000000081e00000, 0x0000000081e00000|100%| O|  |TAMS 0x0000000081e00000, 0x0000000081e00000| Untracked 
|  30|0x0000000081e00000, 0x0000000081f00000, 0x0000000081f00000|100%| O|  |TAMS 0x0000000081f00000, 0x0000000081f00000| Untracked 
|  31|0x0000000081f00000, 0x0000000082000000, 0x0000000082000000|100%| O|  |TAMS 0x0000000082000000, 0x0000000082000000| Untracked 
|  32|0x0000000082000000, 0x0000000082100000, 0x0000000082100000|100%| O|  |TAMS 0x0000000082100000, 0x0000000082100000| Untracked 
|  33|0x0000000082100000, 0x0000000082200000, 0x0000000082200000|100%| O|  |TAMS 0x0000000082200000, 0x0000000082200000| Untracked 
|  34|0x0000000082200000, 0x0000000082300000, 0x0000000082300000|100%| O|  |TAMS 0x0000000082300000, 0x0000000082300000| Untracked 
|  35|0x0000000082300000, 0x0000000082400000, 0x0000000082400000|100%| O|  |TAMS 0x0000000082400000, 0x0000000082400000| Untracked 
|  36|0x0000000082400000, 0x0000000082500000, 0x0000000082500000|100%| O|  |TAMS 0x0000000082500000, 0x0000000082500000| Untracked 
|  37|0x0000000082500000, 0x0000000082600000, 0x0000000082600000|100%| O|  |TAMS 0x0000000082600000, 0x0000000082600000| Untracked 
|  38|0x0000000082600000, 0x0000000082700000, 0x0000000082700000|100%| O|  |TAMS 0x0000000082700000, 0x0000000082700000| Untracked 
|  39|0x0000000082700000, 0x0000000082800000, 0x0000000082800000|100%| O|  |TAMS 0x0000000082800000, 0x0000000082800000| Untracked 
|  40|0x0000000082800000, 0x0000000082900000, 0x0000000082900000|100%| O|  |TAMS 0x0000000082900000, 0x0000000082900000| Untracked 
|  41|0x0000000082900000, 0x0000000082a00000, 0x0000000082a00000|100%| O|  |TAMS 0x0000000082a00000, 0x0000000082a00000| Untracked 
|  42|0x0000000082a00000, 0x0000000082b00000, 0x0000000082b00000|100%| O|  |TAMS 0x0000000082b00000, 0x0000000082b00000| Untracked 
|  43|0x0000000082b00000, 0x0000000082c00000, 0x0000000082c00000|100%| O|  |TAMS 0x0000000082c00000, 0x0000000082c00000| Untracked 
|  44|0x0000000082c00000, 0x0000000082d00000, 0x0000000082d00000|100%| O|  |TAMS 0x0000000082d00000, 0x0000000082d00000| Untracked 
|  45|0x0000000082d00000, 0x0000000082e00000, 0x0000000082e00000|100%| O|  |TAMS 0x0000000082e00000, 0x0000000082e00000| Untracked 
|  46|0x0000000082e00000, 0x0000000082f00000, 0x0000000082f00000|100%| O|  |TAMS 0x0000000082f00000, 0x0000000082f00000| Untracked 
|  47|0x0000000082f00000, 0x0000000083000000, 0x0000000083000000|100%| O|  |TAMS 0x0000000083000000, 0x0000000083000000| Untracked 
|  48|0x0000000083000000, 0x0000000083100000, 0x0000000083100000|100%| O|  |TAMS 0x0000000083100000, 0x0000000083100000| Untracked 
|  49|0x0000000083100000, 0x0000000083200000, 0x0000000083200000|100%| O|  |TAMS 0x0000000083200000, 0x0000000083200000| Untracked 
|  50|0x0000000083200000, 0x0000000083300000, 0x0000000083300000|100%| O|  |TAMS 0x0000000083300000, 0x0000000083300000| Untracked 
|  51|0x0000000083300000, 0x0000000083400000, 0x0000000083400000|100%| O|  |TAMS 0x0000000083400000, 0x0000000083400000| Untracked 
|  52|0x0000000083400000, 0x0000000083500000, 0x0000000083500000|100%| O|  |TAMS 0x0000000083500000, 0x0000000083500000| Untracked 
|  53|0x0000000083500000, 0x0000000083600000, 0x0000000083600000|100%| O|  |TAMS 0x0000000083600000, 0x0000000083600000| Untracked 
|  54|0x0000000083600000, 0x0000000083700000, 0x0000000083700000|100%| O|  |TAMS 0x0000000083700000, 0x0000000083700000| Untracked 
|  55|0x0000000083700000, 0x0000000083700000, 0x0000000083800000|  0%| F|  |TAMS 0x0000000083700000, 0x0000000083700000| Untracked 
|  56|0x0000000083800000, 0x0000000083900000, 0x0000000083900000|100%| O|  |TAMS 0x0000000083900000, 0x0000000083900000| Untracked 
|  57|0x0000000083900000, 0x0000000083a00000, 0x0000000083a00000|100%| O|  |TAMS 0x0000000083a00000, 0x0000000083a00000| Untracked 
|  58|0x0000000083a00000, 0x0000000083b00000, 0x0000000083b00000|100%| O|  |TAMS 0x0000000083b00000, 0x0000000083b00000| Untracked 
|  59|0x0000000083b00000, 0x0000000083c00000, 0x0000000083c00000|100%| O|  |TAMS 0x0000000083c00000, 0x0000000083c00000| Untracked 
|  60|0x0000000083c00000, 0x0000000083d00000, 0x0000000083d00000|100%| O|  |TAMS 0x0000000083d00000, 0x0000000083d00000| Untracked 
|  61|0x0000000083d00000, 0x0000000083e00000, 0x0000000083e00000|100%| O|  |TAMS 0x0000000083e00000, 0x0000000083e00000| Untracked 
|  62|0x0000000083e00000, 0x0000000083f00000, 0x0000000083f00000|100%| O|  |TAMS 0x0000000083f00000, 0x0000000083f00000| Untracked 
|  63|0x0000000083f00000, 0x0000000084000000, 0x0000000084000000|100%| O|  |TAMS 0x0000000084000000, 0x0000000084000000| Untracked 
|  64|0x0000000084000000, 0x0000000084100000, 0x0000000084100000|100%| O|  |TAMS 0x0000000084100000, 0x0000000084100000| Untracked 
|  65|0x0000000084100000, 0x0000000084200000, 0x0000000084200000|100%| O|  |TAMS 0x0000000084200000, 0x0000000084200000| Untracked 
|  66|0x0000000084200000, 0x0000000084300000, 0x0000000084300000|100%| O|  |TAMS 0x0000000084300000, 0x0000000084300000| Untracked 
|  67|0x0000000084300000, 0x0000000084400000, 0x0000000084400000|100%|HS|  |TAMS 0x0000000084400000, 0x0000000084400000| Complete 
|  68|0x0000000084400000, 0x0000000084500000, 0x0000000084500000|100%|HC|  |TAMS 0x0000000084500000, 0x0000000084500000| Complete 
|  69|0x0000000084500000, 0x0000000084600000, 0x0000000084600000|100%| O|  |TAMS 0x0000000084600000, 0x0000000084600000| Untracked 
|  70|0x0000000084600000, 0x0000000084600000, 0x0000000084700000|  0%| F|  |TAMS 0x0000000084600000, 0x0000000084600000| Untracked 
|  71|0x0000000084700000, 0x0000000084800000, 0x0000000084800000|100%| O|  |TAMS 0x0000000084800000, 0x0000000084800000| Untracked 
|  72|0x0000000084800000, 0x0000000084800000, 0x0000000084900000|  0%| F|  |TAMS 0x0000000084800000, 0x0000000084800000| Untracked 
|  73|0x0000000084900000, 0x0000000084a00000, 0x0000000084a00000|100%| O|  |TAMS 0x0000000084a00000, 0x0000000084a00000| Untracked 
|  74|0x0000000084a00000, 0x0000000084b00000, 0x0000000084b00000|100%| O|  |TAMS 0x0000000084b00000, 0x0000000084b00000| Untracked 
|  75|0x0000000084b00000, 0x0000000084c00000, 0x0000000084c00000|100%| O|  |TAMS 0x0000000084c00000, 0x0000000084c00000| Untracked 
|  76|0x0000000084c00000, 0x0000000084d00000, 0x0000000084d00000|100%| O|  |TAMS 0x0000000084d00000, 0x0000000084d00000| Untracked 
|  77|0x0000000084d00000, 0x0000000084e00000, 0x0000000084e00000|100%| O|  |TAMS 0x0000000084e00000, 0x0000000084e00000| Untracked 
|  78|0x0000000084e00000, 0x0000000084f00000, 0x0000000084f00000|100%| O|  |TAMS 0x0000000084f00000, 0x0000000084f00000| Untracked 
|  79|0x0000000084f00000, 0x0000000085000000, 0x0000000085000000|100%| O|  |TAMS 0x0000000085000000, 0x0000000085000000| Untracked 
|  80|0x0000000085000000, 0x0000000085100000, 0x0000000085100000|100%| O|  |TAMS 0x0000000085100000, 0x0000000085100000| Untracked 
|  81|0x0000000085100000, 0x0000000085100000, 0x0000000085200000|  0%| F|  |TAMS 0x0000000085100000, 0x0000000085100000| Untracked 
|  82|0x0000000085200000, 0x0000000085300000, 0x0000000085300000|100%| O|  |TAMS 0x0000000085300000, 0x0000000085300000| Untracked 
|  83|0x0000000085300000, 0x0000000085300000, 0x0000000085400000|  0%| F|  |TAMS 0x0000000085300000, 0x0000000085300000| Untracked 
|  84|0x0000000085400000, 0x0000000085500000, 0x0000000085500000|100%| O|  |TAMS 0x0000000085500000, 0x0000000085500000| Untracked 
|  85|0x0000000085500000, 0x0000000085600000, 0x0000000085600000|100%| O|  |TAMS 0x0000000085600000, 0x0000000085600000| Untracked 
|  86|0x0000000085600000, 0x0000000085700000, 0x0000000085700000|100%| O|  |TAMS 0x0000000085700000, 0x0000000085700000| Untracked 
|  87|0x0000000085700000, 0x0000000085800000, 0x0000000085800000|100%| O|  |TAMS 0x0000000085800000, 0x0000000085800000| Untracked 
|  88|0x0000000085800000, 0x0000000085900000, 0x0000000085900000|100%| O|  |TAMS 0x0000000085900000, 0x0000000085900000| Untracked 
|  89|0x0000000085900000, 0x0000000085a00000, 0x0000000085a00000|100%| O|  |TAMS 0x0000000085a00000, 0x0000000085a00000| Untracked 
|  90|0x0000000085a00000, 0x0000000085b00000, 0x0000000085b00000|100%| O|  |TAMS 0x0000000085b00000, 0x0000000085b00000| Untracked 
|  91|0x0000000085b00000, 0x0000000085c00000, 0x0000000085c00000|100%| O|  |TAMS 0x0000000085c00000, 0x0000000085c00000| Untracked 
|  92|0x0000000085c00000, 0x0000000085d00000, 0x0000000085d00000|100%| O|  |TAMS 0x0000000085d00000, 0x0000000085d00000| Untracked 
|  93|0x0000000085d00000, 0x0000000085e00000, 0x0000000085e00000|100%| O|  |TAMS 0x0000000085e00000, 0x0000000085e00000| Untracked 
|  94|0x0000000085e00000, 0x0000000085f00000, 0x0000000085f00000|100%| O|  |TAMS 0x0000000085f00000, 0x0000000085f00000| Untracked 
|  95|0x0000000085f00000, 0x0000000086000000, 0x0000000086000000|100%| O|  |TAMS 0x0000000086000000, 0x0000000086000000| Untracked 
|  96|0x0000000086000000, 0x0000000086100000, 0x0000000086100000|100%| O|  |TAMS 0x0000000086100000, 0x0000000086100000| Untracked 
|  97|0x0000000086100000, 0x0000000086200000, 0x0000000086200000|100%| O|  |TAMS 0x0000000086200000, 0x0000000086200000| Untracked 
|  98|0x0000000086200000, 0x0000000086300000, 0x0000000086300000|100%| O|  |TAMS 0x0000000086300000, 0x0000000086300000| Untracked 
|  99|0x0000000086300000, 0x0000000086400000, 0x0000000086400000|100%| O|  |TAMS 0x0000000086400000, 0x0000000086400000| Untracked 
| 100|0x0000000086400000, 0x0000000086500000, 0x0000000086500000|100%| O|  |TAMS 0x0000000086500000, 0x0000000086500000| Untracked 
| 101|0x0000000086500000, 0x0000000086600000, 0x0000000086600000|100%| O|  |TAMS 0x0000000086600000, 0x0000000086600000| Untracked 
| 102|0x0000000086600000, 0x0000000086600000, 0x0000000086700000|  0%| F|  |TAMS 0x0000000086600000, 0x0000000086600000| Untracked 
| 103|0x0000000086700000, 0x0000000086800000, 0x0000000086800000|100%| O|  |TAMS 0x0000000086800000, 0x0000000086800000| Untracked 
| 104|0x0000000086800000, 0x0000000086900000, 0x0000000086900000|100%| O|  |TAMS 0x0000000086900000, 0x0000000086900000| Untracked 
| 105|0x0000000086900000, 0x0000000086a00000, 0x0000000086a00000|100%| O|  |TAMS 0x0000000086a00000, 0x0000000086a00000| Untracked 
| 106|0x0000000086a00000, 0x0000000086a00000, 0x0000000086b00000|  0%| F|  |TAMS 0x0000000086a00000, 0x0000000086a00000| Untracked 
| 107|0x0000000086b00000, 0x0000000086c00000, 0x0000000086c00000|100%| O|  |TAMS 0x0000000086c00000, 0x0000000086c00000| Untracked 
| 108|0x0000000086c00000, 0x0000000086c00000, 0x0000000086d00000|  0%| F|  |TAMS 0x0000000086c00000, 0x0000000086c00000| Untracked 
| 109|0x0000000086d00000, 0x0000000086e00000, 0x0000000086e00000|100%| O|  |TAMS 0x0000000086e00000, 0x0000000086e00000| Untracked 
| 110|0x0000000086e00000, 0x0000000086f00000, 0x0000000086f00000|100%| O|  |TAMS 0x0000000086f00000, 0x0000000086f00000| Untracked 
| 111|0x0000000086f00000, 0x0000000087000000, 0x0000000087000000|100%| O|  |TAMS 0x0000000087000000, 0x0000000087000000| Untracked 
| 112|0x0000000087000000, 0x0000000087100000, 0x0000000087100000|100%| O|  |TAMS 0x0000000087100000, 0x0000000087100000| Untracked 
| 113|0x0000000087100000, 0x0000000087200000, 0x0000000087200000|100%| O|  |TAMS 0x0000000087200000, 0x0000000087200000| Untracked 
| 114|0x0000000087200000, 0x0000000087300000, 0x0000000087300000|100%| O|  |TAMS 0x0000000087300000, 0x0000000087300000| Untracked 
| 115|0x0000000087300000, 0x0000000087300000, 0x0000000087400000|  0%| F|  |TAMS 0x0000000087300000, 0x0000000087300000| Untracked 
| 116|0x0000000087400000, 0x0000000087400000, 0x0000000087500000|  0%| F|  |TAMS 0x0000000087400000, 0x0000000087400000| Untracked 
| 117|0x0000000087500000, 0x0000000087500000, 0x0000000087600000|  0%| F|  |TAMS 0x0000000087500000, 0x0000000087500000| Untracked 
| 118|0x0000000087600000, 0x0000000087700000, 0x0000000087700000|100%| O|  |TAMS 0x0000000087700000, 0x0000000087700000| Untracked 
| 119|0x0000000087700000, 0x0000000087700000, 0x0000000087800000|  0%| F|  |TAMS 0x0000000087700000, 0x0000000087700000| Untracked 
| 120|0x0000000087800000, 0x0000000087900000, 0x0000000087900000|100%| O|  |TAMS 0x0000000087900000, 0x0000000087900000| Untracked 
| 121|0x0000000087900000, 0x0000000087900000, 0x0000000087a00000|  0%| F|  |TAMS 0x0000000087900000, 0x0000000087900000| Untracked 
| 122|0x0000000087a00000, 0x0000000087a00000, 0x0000000087b00000|  0%| F|  |TAMS 0x0000000087a00000, 0x0000000087a00000| Untracked 
| 123|0x0000000087b00000, 0x0000000087c00000, 0x0000000087c00000|100%| O|  |TAMS 0x0000000087c00000, 0x0000000087c00000| Untracked 
| 124|0x0000000087c00000, 0x0000000087d00000, 0x0000000087d00000|100%| O|  |TAMS 0x0000000087d00000, 0x0000000087d00000| Untracked 
| 125|0x0000000087d00000, 0x0000000087e00000, 0x0000000087e00000|100%| O|  |TAMS 0x0000000087e00000, 0x0000000087e00000| Untracked 
| 126|0x0000000087e00000, 0x0000000087f00000, 0x0000000087f00000|100%| O|  |TAMS 0x0000000087f00000, 0x0000000087f00000| Untracked 
| 127|0x0000000087f00000, 0x0000000088000000, 0x0000000088000000|100%| O|  |TAMS 0x0000000088000000, 0x0000000088000000| Untracked 
| 128|0x0000000088000000, 0x0000000088100000, 0x0000000088100000|100%| O|  |TAMS 0x0000000088100000, 0x0000000088100000| Untracked 
| 129|0x0000000088100000, 0x0000000088200000, 0x0000000088200000|100%| O|  |TAMS 0x0000000088200000, 0x0000000088200000| Untracked 
| 130|0x0000000088200000, 0x0000000088200000, 0x0000000088300000|  0%| F|  |TAMS 0x0000000088200000, 0x0000000088200000| Untracked 
| 131|0x0000000088300000, 0x0000000088300000, 0x0000000088400000|  0%| F|  |TAMS 0x0000000088300000, 0x0000000088300000| Untracked 
| 132|0x0000000088400000, 0x0000000088500000, 0x0000000088500000|100%| O|  |TAMS 0x0000000088500000, 0x0000000088500000| Untracked 
| 133|0x0000000088500000, 0x0000000088600000, 0x0000000088600000|100%| O|  |TAMS 0x0000000088600000, 0x0000000088600000| Untracked 
| 134|0x0000000088600000, 0x0000000088700000, 0x0000000088700000|100%| O|  |TAMS 0x0000000088700000, 0x0000000088700000| Untracked 
| 135|0x0000000088700000, 0x0000000088800000, 0x0000000088800000|100%| O|  |TAMS 0x0000000088800000, 0x0000000088800000| Untracked 
| 136|0x0000000088800000, 0x0000000088900000, 0x0000000088900000|100%| O|  |TAMS 0x0000000088900000, 0x0000000088900000| Untracked 
| 137|0x0000000088900000, 0x0000000088a00000, 0x0000000088a00000|100%| O|  |TAMS 0x0000000088a00000, 0x0000000088a00000| Untracked 
| 138|0x0000000088a00000, 0x0000000088a00000, 0x0000000088b00000|  0%| F|  |TAMS 0x0000000088a00000, 0x0000000088a00000| Untracked 
| 139|0x0000000088b00000, 0x0000000088c00000, 0x0000000088c00000|100%| O|  |TAMS 0x0000000088c00000, 0x0000000088c00000| Untracked 
| 140|0x0000000088c00000, 0x0000000088d00000, 0x0000000088d00000|100%| O|  |TAMS 0x0000000088d00000, 0x0000000088d00000| Untracked 
| 141|0x0000000088d00000, 0x0000000088e00000, 0x0000000088e00000|100%| O|  |TAMS 0x0000000088e00000, 0x0000000088e00000| Untracked 
| 142|0x0000000088e00000, 0x0000000088f00000, 0x0000000088f00000|100%| O|  |TAMS 0x0000000088f00000, 0x0000000088f00000| Untracked 
| 143|0x0000000088f00000, 0x0000000089000000, 0x0000000089000000|100%| O|  |TAMS 0x0000000089000000, 0x0000000089000000| Untracked 
| 144|0x0000000089000000, 0x0000000089100000, 0x0000000089100000|100%| O|  |TAMS 0x0000000089100000, 0x0000000089100000| Untracked 
| 145|0x0000000089100000, 0x0000000089200000, 0x0000000089200000|100%| O|  |TAMS 0x0000000089200000, 0x0000000089200000| Untracked 
| 146|0x0000000089200000, 0x0000000089300000, 0x0000000089300000|100%| O|  |TAMS 0x0000000089300000, 0x0000000089300000| Untracked 
| 147|0x0000000089300000, 0x0000000089400000, 0x0000000089400000|100%| O|  |TAMS 0x0000000089400000, 0x0000000089400000| Untracked 
| 148|0x0000000089400000, 0x0000000089500000, 0x0000000089500000|100%| O|  |TAMS 0x0000000089500000, 0x0000000089500000| Untracked 
| 149|0x0000000089500000, 0x0000000089600000, 0x0000000089600000|100%| O|  |TAMS 0x0000000089600000, 0x0000000089600000| Untracked 
| 150|0x0000000089600000, 0x0000000089700000, 0x0000000089700000|100%| O|  |TAMS 0x0000000089700000, 0x0000000089700000| Untracked 
| 151|0x0000000089700000, 0x0000000089800000, 0x0000000089800000|100%| O|  |TAMS 0x0000000089800000, 0x0000000089800000| Untracked 
| 152|0x0000000089800000, 0x0000000089900000, 0x0000000089900000|100%| O|  |TAMS 0x0000000089900000, 0x0000000089900000| Untracked 
| 153|0x0000000089900000, 0x0000000089a00000, 0x0000000089a00000|100%| O|  |TAMS 0x0000000089a00000, 0x0000000089a00000| Untracked 
| 154|0x0000000089a00000, 0x0000000089b00000, 0x0000000089b00000|100%| O|  |TAMS 0x0000000089aebc00, 0x0000000089b00000| Untracked 
| 155|0x0000000089b00000, 0x0000000089c00000, 0x0000000089c00000|100%| O|  |TAMS 0x0000000089b00000, 0x0000000089c00000| Untracked 
| 156|0x0000000089c00000, 0x0000000089d00000, 0x0000000089d00000|100%| O|  |TAMS 0x0000000089c00000, 0x0000000089d00000| Untracked 
| 157|0x0000000089d00000, 0x0000000089e00000, 0x0000000089e00000|100%| O|  |TAMS 0x0000000089d00000, 0x0000000089e00000| Untracked 
| 158|0x0000000089e00000, 0x0000000089f00000, 0x0000000089f00000|100%| O|  |TAMS 0x0000000089e00000, 0x0000000089f00000| Untracked 
| 159|0x0000000089f00000, 0x000000008a000000, 0x000000008a000000|100%| O|  |TAMS 0x0000000089f00000, 0x000000008a000000| Untracked 
| 160|0x000000008a000000, 0x000000008a100000, 0x000000008a100000|100%| O|  |TAMS 0x000000008a000000, 0x000000008a100000| Untracked 
| 161|0x000000008a100000, 0x000000008a200000, 0x000000008a200000|100%| O|  |TAMS 0x000000008a100000, 0x000000008a200000| Untracked 
| 162|0x000000008a200000, 0x000000008a300000, 0x000000008a300000|100%| O|  |TAMS 0x000000008a200000, 0x000000008a300000| Untracked 
| 163|0x000000008a300000, 0x000000008a400000, 0x000000008a400000|100%| O|  |TAMS 0x000000008a300000, 0x000000008a400000| Untracked 
| 164|0x000000008a400000, 0x000000008a500000, 0x000000008a500000|100%| O|  |TAMS 0x000000008a400000, 0x000000008a500000| Untracked 
| 165|0x000000008a500000, 0x000000008a539800, 0x000000008a600000| 22%| O|  |TAMS 0x000000008a500000, 0x000000008a539800| Untracked 
| 166|0x000000008a600000, 0x000000008a600000, 0x000000008a700000|  0%| F|  |TAMS 0x000000008a600000, 0x000000008a600000| Untracked 
| 167|0x000000008a700000, 0x000000008a700000, 0x000000008a800000|  0%| F|  |TAMS 0x000000008a700000, 0x000000008a700000| Untracked 
| 168|0x000000008a800000, 0x000000008a800000, 0x000000008a900000|  0%| F|  |TAMS 0x000000008a800000, 0x000000008a800000| Untracked 
| 169|0x000000008a900000, 0x000000008a900000, 0x000000008aa00000|  0%| F|  |TAMS 0x000000008a900000, 0x000000008a900000| Untracked 
| 170|0x000000008aa00000, 0x000000008aa00000, 0x000000008ab00000|  0%| F|  |TAMS 0x000000008aa00000, 0x000000008aa00000| Untracked 
| 171|0x000000008ab00000, 0x000000008ab00000, 0x000000008ac00000|  0%| F|  |TAMS 0x000000008ab00000, 0x000000008ab00000| Untracked 
| 172|0x000000008ac00000, 0x000000008ac00000, 0x000000008ad00000|  0%| F|  |TAMS 0x000000008ac00000, 0x000000008ac00000| Untracked 
| 173|0x000000008ad00000, 0x000000008ad00000, 0x000000008ae00000|  0%| F|  |TAMS 0x000000008ad00000, 0x000000008ad00000| Untracked 
| 174|0x000000008ae00000, 0x000000008ae00000, 0x000000008af00000|  0%| F|  |TAMS 0x000000008ae00000, 0x000000008ae00000| Untracked 
| 175|0x000000008af00000, 0x000000008af00000, 0x000000008b000000|  0%| F|  |TAMS 0x000000008af00000, 0x000000008af00000| Untracked 
| 176|0x000000008b000000, 0x000000008b000000, 0x000000008b100000|  0%| F|  |TAMS 0x000000008b000000, 0x000000008b000000| Untracked 
| 177|0x000000008b100000, 0x000000008b100000, 0x000000008b200000|  0%| F|  |TAMS 0x000000008b100000, 0x000000008b100000| Untracked 
| 178|0x000000008b200000, 0x000000008b200000, 0x000000008b300000|  0%| F|  |TAMS 0x000000008b200000, 0x000000008b200000| Untracked 
| 179|0x000000008b300000, 0x000000008b300000, 0x000000008b400000|  0%| F|  |TAMS 0x000000008b300000, 0x000000008b300000| Untracked 
| 180|0x000000008b400000, 0x000000008b400000, 0x000000008b500000|  0%| F|  |TAMS 0x000000008b400000, 0x000000008b400000| Untracked 
| 181|0x000000008b500000, 0x000000008b500000, 0x000000008b600000|  0%| F|  |TAMS 0x000000008b500000, 0x000000008b500000| Untracked 
| 182|0x000000008b600000, 0x000000008b600000, 0x000000008b700000|  0%| F|  |TAMS 0x000000008b600000, 0x000000008b600000| Untracked 
| 183|0x000000008b700000, 0x000000008b700000, 0x000000008b800000|  0%| F|  |TAMS 0x000000008b700000, 0x000000008b700000| Untracked 
| 184|0x000000008b800000, 0x000000008b800000, 0x000000008b900000|  0%| F|  |TAMS 0x000000008b800000, 0x000000008b800000| Untracked 
| 185|0x000000008b900000, 0x000000008b900000, 0x000000008ba00000|  0%| F|  |TAMS 0x000000008b900000, 0x000000008b900000| Untracked 
| 186|0x000000008ba00000, 0x000000008ba00000, 0x000000008bb00000|  0%| F|  |TAMS 0x000000008ba00000, 0x000000008ba00000| Untracked 
| 187|0x000000008bb00000, 0x000000008bb00000, 0x000000008bc00000|  0%| F|  |TAMS 0x000000008bb00000, 0x000000008bb00000| Untracked 
| 188|0x000000008bc00000, 0x000000008bc00000, 0x000000008bd00000|  0%| F|  |TAMS 0x000000008bc00000, 0x000000008bc00000| Untracked 
| 189|0x000000008bd00000, 0x000000008bd00000, 0x000000008be00000|  0%| F|  |TAMS 0x000000008bd00000, 0x000000008bd00000| Untracked 
| 190|0x000000008be00000, 0x000000008be00000, 0x000000008bf00000|  0%| F|  |TAMS 0x000000008be00000, 0x000000008be00000| Untracked 
| 191|0x000000008bf00000, 0x000000008bf00000, 0x000000008c000000|  0%| F|  |TAMS 0x000000008bf00000, 0x000000008bf00000| Untracked 
| 192|0x000000008c000000, 0x000000008c000000, 0x000000008c100000|  0%| F|  |TAMS 0x000000008c000000, 0x000000008c000000| Untracked 
| 193|0x000000008c100000, 0x000000008c100000, 0x000000008c200000|  0%| F|  |TAMS 0x000000008c100000, 0x000000008c100000| Untracked 
| 194|0x000000008c200000, 0x000000008c200000, 0x000000008c300000|  0%| F|  |TAMS 0x000000008c200000, 0x000000008c200000| Untracked 
| 195|0x000000008c300000, 0x000000008c300000, 0x000000008c400000|  0%| F|  |TAMS 0x000000008c300000, 0x000000008c300000| Untracked 
| 196|0x000000008c400000, 0x000000008c400000, 0x000000008c500000|  0%| F|  |TAMS 0x000000008c400000, 0x000000008c400000| Untracked 
| 197|0x000000008c500000, 0x000000008c500000, 0x000000008c600000|  0%| F|  |TAMS 0x000000008c500000, 0x000000008c500000| Untracked 
| 198|0x000000008c600000, 0x000000008c600000, 0x000000008c700000|  0%| F|  |TAMS 0x000000008c600000, 0x000000008c600000| Untracked 
| 199|0x000000008c700000, 0x000000008c700000, 0x000000008c800000|  0%| F|  |TAMS 0x000000008c700000, 0x000000008c700000| Untracked 
| 200|0x000000008c800000, 0x000000008c800000, 0x000000008c900000|  0%| F|  |TAMS 0x000000008c800000, 0x000000008c800000| Untracked 
| 201|0x000000008c900000, 0x000000008c900000, 0x000000008ca00000|  0%| F|  |TAMS 0x000000008c900000, 0x000000008c900000| Untracked 
| 202|0x000000008ca00000, 0x000000008ca00000, 0x000000008cb00000|  0%| F|  |TAMS 0x000000008ca00000, 0x000000008ca00000| Untracked 
| 203|0x000000008cb00000, 0x000000008cb00000, 0x000000008cc00000|  0%| F|  |TAMS 0x000000008cb00000, 0x000000008cb00000| Untracked 
| 204|0x000000008cc00000, 0x000000008cc00000, 0x000000008cd00000|  0%| F|  |TAMS 0x000000008cc00000, 0x000000008cc00000| Untracked 
| 205|0x000000008cd00000, 0x000000008cd00000, 0x000000008ce00000|  0%| F|  |TAMS 0x000000008cd00000, 0x000000008cd00000| Untracked 
| 206|0x000000008ce00000, 0x000000008ce00000, 0x000000008cf00000|  0%| F|  |TAMS 0x000000008ce00000, 0x000000008ce00000| Untracked 
| 207|0x000000008cf00000, 0x000000008cf00000, 0x000000008d000000|  0%| F|  |TAMS 0x000000008cf00000, 0x000000008cf00000| Untracked 
| 208|0x000000008d000000, 0x000000008d000000, 0x000000008d100000|  0%| F|  |TAMS 0x000000008d000000, 0x000000008d000000| Untracked 
| 209|0x000000008d100000, 0x000000008d100000, 0x000000008d200000|  0%| F|  |TAMS 0x000000008d100000, 0x000000008d100000| Untracked 
| 210|0x000000008d200000, 0x000000008d200000, 0x000000008d300000|  0%| F|  |TAMS 0x000000008d200000, 0x000000008d200000| Untracked 
| 211|0x000000008d300000, 0x000000008d300000, 0x000000008d400000|  0%| F|  |TAMS 0x000000008d300000, 0x000000008d300000| Untracked 
| 212|0x000000008d400000, 0x000000008d4fc000, 0x000000008d500000| 98%| S|CS|TAMS 0x000000008d400000, 0x000000008d400000| Complete 
| 213|0x000000008d500000, 0x000000008d600000, 0x000000008d600000|100%| S|CS|TAMS 0x000000008d500000, 0x000000008d500000| Complete 
| 214|0x000000008d600000, 0x000000008d700000, 0x000000008d700000|100%| S|CS|TAMS 0x000000008d600000, 0x000000008d600000| Complete 
| 215|0x000000008d700000, 0x000000008d700000, 0x000000008d800000|  0%| F|  |TAMS 0x000000008d700000, 0x000000008d700000| Untracked 
| 216|0x000000008d800000, 0x000000008d800000, 0x000000008d900000|  0%| F|  |TAMS 0x000000008d800000, 0x000000008d800000| Untracked 
| 217|0x000000008d900000, 0x000000008d900000, 0x000000008da00000|  0%| F|  |TAMS 0x000000008d900000, 0x000000008d900000| Untracked 
| 218|0x000000008da00000, 0x000000008da00000, 0x000000008db00000|  0%| F|  |TAMS 0x000000008da00000, 0x000000008da00000| Untracked 
| 219|0x000000008db00000, 0x000000008db00000, 0x000000008dc00000|  0%| F|  |TAMS 0x000000008db00000, 0x000000008db00000| Untracked 
| 220|0x000000008dc00000, 0x000000008dc00000, 0x000000008dd00000|  0%| F|  |TAMS 0x000000008dc00000, 0x000000008dc00000| Untracked 
| 221|0x000000008dd00000, 0x000000008dd00000, 0x000000008de00000|  0%| F|  |TAMS 0x000000008dd00000, 0x000000008dd00000| Untracked 
| 222|0x000000008de00000, 0x000000008de00000, 0x000000008df00000|  0%| F|  |TAMS 0x000000008de00000, 0x000000008de00000| Untracked 
| 223|0x000000008df00000, 0x000000008df00000, 0x000000008e000000|  0%| F|  |TAMS 0x000000008df00000, 0x000000008df00000| Untracked 
| 224|0x000000008e000000, 0x000000008e000000, 0x000000008e100000|  0%| F|  |TAMS 0x000000008e000000, 0x000000008e000000| Untracked 
| 225|0x000000008e100000, 0x000000008e100000, 0x000000008e200000|  0%| F|  |TAMS 0x000000008e100000, 0x000000008e100000| Untracked 
| 226|0x000000008e200000, 0x000000008e200000, 0x000000008e300000|  0%| F|  |TAMS 0x000000008e200000, 0x000000008e200000| Untracked 
| 227|0x000000008e300000, 0x000000008e300000, 0x000000008e400000|  0%| F|  |TAMS 0x000000008e300000, 0x000000008e300000| Untracked 
| 228|0x000000008e400000, 0x000000008e400000, 0x000000008e500000|  0%| F|  |TAMS 0x000000008e400000, 0x000000008e400000| Untracked 
| 229|0x000000008e500000, 0x000000008e500000, 0x000000008e600000|  0%| F|  |TAMS 0x000000008e500000, 0x000000008e500000| Untracked 
| 230|0x000000008e600000, 0x000000008e600000, 0x000000008e700000|  0%| F|  |TAMS 0x000000008e600000, 0x000000008e600000| Untracked 
| 231|0x000000008e700000, 0x000000008e700000, 0x000000008e800000|  0%| F|  |TAMS 0x000000008e700000, 0x000000008e700000| Untracked 
| 232|0x000000008e800000, 0x000000008e800000, 0x000000008e900000|  0%| F|  |TAMS 0x000000008e800000, 0x000000008e800000| Untracked 
| 233|0x000000008e900000, 0x000000008e900000, 0x000000008ea00000|  0%| F|  |TAMS 0x000000008e900000, 0x000000008e900000| Untracked 
| 234|0x000000008ea00000, 0x000000008ea00000, 0x000000008eb00000|  0%| F|  |TAMS 0x000000008ea00000, 0x000000008ea00000| Untracked 
| 235|0x000000008eb00000, 0x000000008eb00000, 0x000000008ec00000|  0%| F|  |TAMS 0x000000008eb00000, 0x000000008eb00000| Untracked 
| 236|0x000000008ec00000, 0x000000008ec00000, 0x000000008ed00000|  0%| F|  |TAMS 0x000000008ec00000, 0x000000008ec00000| Untracked 
| 237|0x000000008ed00000, 0x000000008ed00000, 0x000000008ee00000|  0%| F|  |TAMS 0x000000008ed00000, 0x000000008ed00000| Untracked 
| 238|0x000000008ee00000, 0x000000008ee00000, 0x000000008ef00000|  0%| F|  |TAMS 0x000000008ee00000, 0x000000008ee00000| Untracked 
| 239|0x000000008ef00000, 0x000000008ef00000, 0x000000008f000000|  0%| F|  |TAMS 0x000000008ef00000, 0x000000008ef00000| Untracked 
| 240|0x000000008f000000, 0x000000008f000000, 0x000000008f100000|  0%| F|  |TAMS 0x000000008f000000, 0x000000008f000000| Untracked 
| 241|0x000000008f100000, 0x000000008f100000, 0x000000008f200000|  0%| F|  |TAMS 0x000000008f100000, 0x000000008f100000| Untracked 
| 242|0x000000008f200000, 0x000000008f200000, 0x000000008f300000|  0%| F|  |TAMS 0x000000008f200000, 0x000000008f200000| Untracked 
| 243|0x000000008f300000, 0x000000008f300000, 0x000000008f400000|  0%| F|  |TAMS 0x000000008f300000, 0x000000008f300000| Untracked 
| 244|0x000000008f400000, 0x000000008f400000, 0x000000008f500000|  0%| F|  |TAMS 0x000000008f400000, 0x000000008f400000| Untracked 
| 245|0x000000008f500000, 0x000000008f500000, 0x000000008f600000|  0%| F|  |TAMS 0x000000008f500000, 0x000000008f500000| Untracked 
| 246|0x000000008f600000, 0x000000008f600000, 0x000000008f700000|  0%| F|  |TAMS 0x000000008f600000, 0x000000008f600000| Untracked 
| 247|0x000000008f700000, 0x000000008f700000, 0x000000008f800000|  0%| F|  |TAMS 0x000000008f700000, 0x000000008f700000| Untracked 
| 248|0x000000008f800000, 0x000000008f800000, 0x000000008f900000|  0%| F|  |TAMS 0x000000008f800000, 0x000000008f800000| Untracked 
| 249|0x000000008f900000, 0x000000008f900000, 0x000000008fa00000|  0%| F|  |TAMS 0x000000008f900000, 0x000000008f900000| Untracked 
| 250|0x000000008fa00000, 0x000000008fa00000, 0x000000008fb00000|  0%| F|  |TAMS 0x000000008fa00000, 0x000000008fa00000| Untracked 
| 251|0x000000008fb00000, 0x000000008fb00000, 0x000000008fc00000|  0%| F|  |TAMS 0x000000008fb00000, 0x000000008fb00000| Untracked 
| 252|0x000000008fc00000, 0x000000008fc00000, 0x000000008fd00000|  0%| F|  |TAMS 0x000000008fc00000, 0x000000008fc00000| Untracked 
| 253|0x000000008fd00000, 0x000000008fd00000, 0x000000008fe00000|  0%| F|  |TAMS 0x000000008fd00000, 0x000000008fd00000| Untracked 
| 254|0x000000008fe00000, 0x000000008fe00000, 0x000000008ff00000|  0%| F|  |TAMS 0x000000008fe00000, 0x000000008fe00000| Untracked 
| 255|0x000000008ff00000, 0x000000008ff00000, 0x0000000090000000|  0%| F|  |TAMS 0x000000008ff00000, 0x000000008ff00000| Untracked 
| 256|0x0000000090000000, 0x0000000090000000, 0x0000000090100000|  0%| F|  |TAMS 0x0000000090000000, 0x0000000090000000| Untracked 
| 257|0x0000000090100000, 0x0000000090100000, 0x0000000090200000|  0%| F|  |TAMS 0x0000000090100000, 0x0000000090100000| Untracked 
| 258|0x0000000090200000, 0x0000000090200000, 0x0000000090300000|  0%| F|  |TAMS 0x0000000090200000, 0x0000000090200000| Untracked 
| 259|0x0000000090300000, 0x0000000090300000, 0x0000000090400000|  0%| F|  |TAMS 0x0000000090300000, 0x0000000090300000| Untracked 
| 260|0x0000000090400000, 0x0000000090400000, 0x0000000090500000|  0%| F|  |TAMS 0x0000000090400000, 0x0000000090400000| Untracked 
| 261|0x0000000090500000, 0x0000000090500000, 0x0000000090600000|  0%| F|  |TAMS 0x0000000090500000, 0x0000000090500000| Untracked 
| 262|0x0000000090600000, 0x0000000090600000, 0x0000000090700000|  0%| F|  |TAMS 0x0000000090600000, 0x0000000090600000| Untracked 
| 263|0x0000000090700000, 0x0000000090700000, 0x0000000090800000|  0%| F|  |TAMS 0x0000000090700000, 0x0000000090700000| Untracked 
| 264|0x0000000090800000, 0x0000000090800000, 0x0000000090900000|  0%| F|  |TAMS 0x0000000090800000, 0x0000000090800000| Untracked 
| 265|0x0000000090900000, 0x0000000090900000, 0x0000000090a00000|  0%| F|  |TAMS 0x0000000090900000, 0x0000000090900000| Untracked 
| 266|0x0000000090a00000, 0x0000000090a00000, 0x0000000090b00000|  0%| F|  |TAMS 0x0000000090a00000, 0x0000000090a00000| Untracked 
| 267|0x0000000090b00000, 0x0000000090b00000, 0x0000000090c00000|  0%| F|  |TAMS 0x0000000090b00000, 0x0000000090b00000| Untracked 
| 268|0x0000000090c00000, 0x0000000090c00000, 0x0000000090d00000|  0%| F|  |TAMS 0x0000000090c00000, 0x0000000090c00000| Untracked 
| 269|0x0000000090d00000, 0x0000000090d00000, 0x0000000090e00000|  0%| F|  |TAMS 0x0000000090d00000, 0x0000000090d00000| Untracked 
| 270|0x0000000090e00000, 0x0000000090e00000, 0x0000000090f00000|  0%| F|  |TAMS 0x0000000090e00000, 0x0000000090e00000| Untracked 
| 271|0x0000000090f00000, 0x0000000090f00000, 0x0000000091000000|  0%| F|  |TAMS 0x0000000090f00000, 0x0000000090f00000| Untracked 
| 272|0x0000000091000000, 0x0000000091000000, 0x0000000091100000|  0%| F|  |TAMS 0x0000000091000000, 0x0000000091000000| Untracked 
| 273|0x0000000091100000, 0x0000000091100000, 0x0000000091200000|  0%| F|  |TAMS 0x0000000091100000, 0x0000000091100000| Untracked 
| 274|0x0000000091200000, 0x0000000091200000, 0x0000000091300000|  0%| F|  |TAMS 0x0000000091200000, 0x0000000091200000| Untracked 
| 275|0x0000000091300000, 0x0000000091300000, 0x0000000091400000|  0%| F|  |TAMS 0x0000000091300000, 0x0000000091300000| Untracked 
| 276|0x0000000091400000, 0x0000000091400000, 0x0000000091500000|  0%| F|  |TAMS 0x0000000091400000, 0x0000000091400000| Untracked 
| 277|0x0000000091500000, 0x0000000091500000, 0x0000000091600000|  0%| F|  |TAMS 0x0000000091500000, 0x0000000091500000| Untracked 
| 278|0x0000000091600000, 0x0000000091600000, 0x0000000091700000|  0%| F|  |TAMS 0x0000000091600000, 0x0000000091600000| Untracked 
| 279|0x0000000091700000, 0x0000000091700000, 0x0000000091800000|  0%| F|  |TAMS 0x0000000091700000, 0x0000000091700000| Untracked 
| 280|0x0000000091800000, 0x0000000091800000, 0x0000000091900000|  0%| F|  |TAMS 0x0000000091800000, 0x0000000091800000| Untracked 
| 281|0x0000000091900000, 0x0000000091900000, 0x0000000091a00000|  0%| F|  |TAMS 0x0000000091900000, 0x0000000091900000| Untracked 
| 282|0x0000000091a00000, 0x0000000091a00000, 0x0000000091b00000|  0%| F|  |TAMS 0x0000000091a00000, 0x0000000091a00000| Untracked 
| 283|0x0000000091b00000, 0x0000000091b00000, 0x0000000091c00000|  0%| F|  |TAMS 0x0000000091b00000, 0x0000000091b00000| Untracked 
| 284|0x0000000091c00000, 0x0000000091c00000, 0x0000000091d00000|  0%| F|  |TAMS 0x0000000091c00000, 0x0000000091c00000| Untracked 
| 285|0x0000000091d00000, 0x0000000091d00000, 0x0000000091e00000|  0%| F|  |TAMS 0x0000000091d00000, 0x0000000091d00000| Untracked 
| 286|0x0000000091e00000, 0x0000000091e00000, 0x0000000091f00000|  0%| F|  |TAMS 0x0000000091e00000, 0x0000000091e00000| Untracked 
| 287|0x0000000091f00000, 0x0000000091f00000, 0x0000000092000000|  0%| F|  |TAMS 0x0000000091f00000, 0x0000000091f00000| Untracked 
| 288|0x0000000092000000, 0x0000000092000000, 0x0000000092100000|  0%| F|  |TAMS 0x0000000092000000, 0x0000000092000000| Untracked 
| 289|0x0000000092100000, 0x0000000092100000, 0x0000000092200000|  0%| F|  |TAMS 0x0000000092100000, 0x0000000092100000| Untracked 
| 290|0x0000000092200000, 0x0000000092200000, 0x0000000092300000|  0%| F|  |TAMS 0x0000000092200000, 0x0000000092200000| Untracked 
| 291|0x0000000092300000, 0x0000000092300000, 0x0000000092400000|  0%| F|  |TAMS 0x0000000092300000, 0x0000000092300000| Untracked 
| 292|0x0000000092400000, 0x0000000092400000, 0x0000000092500000|  0%| F|  |TAMS 0x0000000092400000, 0x0000000092400000| Untracked 
| 293|0x0000000092500000, 0x0000000092500000, 0x0000000092600000|  0%| F|  |TAMS 0x0000000092500000, 0x0000000092500000| Untracked 
| 294|0x0000000092600000, 0x0000000092600000, 0x0000000092700000|  0%| F|  |TAMS 0x0000000092600000, 0x0000000092600000| Untracked 
| 295|0x0000000092700000, 0x0000000092700000, 0x0000000092800000|  0%| F|  |TAMS 0x0000000092700000, 0x0000000092700000| Untracked 
| 296|0x0000000092800000, 0x0000000092800000, 0x0000000092900000|  0%| F|  |TAMS 0x0000000092800000, 0x0000000092800000| Untracked 
| 297|0x0000000092900000, 0x0000000092900000, 0x0000000092a00000|  0%| F|  |TAMS 0x0000000092900000, 0x0000000092900000| Untracked 
| 298|0x0000000092a00000, 0x0000000092a00000, 0x0000000092b00000|  0%| F|  |TAMS 0x0000000092a00000, 0x0000000092a00000| Untracked 
| 299|0x0000000092b00000, 0x0000000092b00000, 0x0000000092c00000|  0%| F|  |TAMS 0x0000000092b00000, 0x0000000092b00000| Untracked 
| 300|0x0000000092c00000, 0x0000000092c00000, 0x0000000092d00000|  0%| F|  |TAMS 0x0000000092c00000, 0x0000000092c00000| Untracked 
| 301|0x0000000092d00000, 0x0000000092d00000, 0x0000000092e00000|  0%| F|  |TAMS 0x0000000092d00000, 0x0000000092d00000| Untracked 
| 302|0x0000000092e00000, 0x0000000092e00000, 0x0000000092f00000|  0%| F|  |TAMS 0x0000000092e00000, 0x0000000092e00000| Untracked 
| 303|0x0000000092f00000, 0x0000000092f00000, 0x0000000093000000|  0%| F|  |TAMS 0x0000000092f00000, 0x0000000092f00000| Untracked 
| 304|0x0000000093000000, 0x0000000093000000, 0x0000000093100000|  0%| F|  |TAMS 0x0000000093000000, 0x0000000093000000| Untracked 
| 305|0x0000000093100000, 0x0000000093100000, 0x0000000093200000|  0%| F|  |TAMS 0x0000000093100000, 0x0000000093100000| Untracked 
| 306|0x0000000093200000, 0x0000000093200000, 0x0000000093300000|  0%| F|  |TAMS 0x0000000093200000, 0x0000000093200000| Untracked 
| 307|0x0000000093300000, 0x0000000093300000, 0x0000000093400000|  0%| F|  |TAMS 0x0000000093300000, 0x0000000093300000| Untracked 
| 308|0x0000000093400000, 0x0000000093400000, 0x0000000093500000|  0%| F|  |TAMS 0x0000000093400000, 0x0000000093400000| Untracked 
| 309|0x0000000093500000, 0x0000000093500000, 0x0000000093600000|  0%| F|  |TAMS 0x0000000093500000, 0x0000000093500000| Untracked 
| 310|0x0000000093600000, 0x0000000093600000, 0x0000000093700000|  0%| F|  |TAMS 0x0000000093600000, 0x0000000093600000| Untracked 
| 311|0x0000000093700000, 0x0000000093700000, 0x0000000093800000|  0%| F|  |TAMS 0x0000000093700000, 0x0000000093700000| Untracked 
| 312|0x0000000093800000, 0x0000000093800000, 0x0000000093900000|  0%| F|  |TAMS 0x0000000093800000, 0x0000000093800000| Untracked 
| 313|0x0000000093900000, 0x0000000093900000, 0x0000000093a00000|  0%| F|  |TAMS 0x0000000093900000, 0x0000000093900000| Untracked 
| 314|0x0000000093a00000, 0x0000000093a00000, 0x0000000093b00000|  0%| F|  |TAMS 0x0000000093a00000, 0x0000000093a00000| Untracked 
| 315|0x0000000093b00000, 0x0000000093b00000, 0x0000000093c00000|  0%| F|  |TAMS 0x0000000093b00000, 0x0000000093b00000| Untracked 
| 316|0x0000000093c00000, 0x0000000093c00000, 0x0000000093d00000|  0%| F|  |TAMS 0x0000000093c00000, 0x0000000093c00000| Untracked 
| 317|0x0000000093d00000, 0x0000000093d00000, 0x0000000093e00000|  0%| F|  |TAMS 0x0000000093d00000, 0x0000000093d00000| Untracked 
| 318|0x0000000093e00000, 0x0000000093e00000, 0x0000000093f00000|  0%| F|  |TAMS 0x0000000093e00000, 0x0000000093e00000| Untracked 
| 319|0x0000000093f00000, 0x0000000093f00000, 0x0000000094000000|  0%| F|  |TAMS 0x0000000093f00000, 0x0000000093f00000| Untracked 
| 320|0x0000000094000000, 0x0000000094000000, 0x0000000094100000|  0%| F|  |TAMS 0x0000000094000000, 0x0000000094000000| Untracked 
| 321|0x0000000094100000, 0x0000000094100000, 0x0000000094200000|  0%| F|  |TAMS 0x0000000094100000, 0x0000000094100000| Untracked 
| 322|0x0000000094200000, 0x0000000094200000, 0x0000000094300000|  0%| F|  |TAMS 0x0000000094200000, 0x0000000094200000| Untracked 
| 323|0x0000000094300000, 0x0000000094300000, 0x0000000094400000|  0%| F|  |TAMS 0x0000000094300000, 0x0000000094300000| Untracked 
| 324|0x0000000094400000, 0x0000000094400000, 0x0000000094500000|  0%| F|  |TAMS 0x0000000094400000, 0x0000000094400000| Untracked 
| 325|0x0000000094500000, 0x0000000094500000, 0x0000000094600000|  0%| F|  |TAMS 0x0000000094500000, 0x0000000094500000| Untracked 
| 326|0x0000000094600000, 0x0000000094600000, 0x0000000094700000|  0%| F|  |TAMS 0x0000000094600000, 0x0000000094600000| Untracked 
| 327|0x0000000094700000, 0x0000000094700000, 0x0000000094800000|  0%| F|  |TAMS 0x0000000094700000, 0x0000000094700000| Untracked 
| 328|0x0000000094800000, 0x0000000094800000, 0x0000000094900000|  0%| F|  |TAMS 0x0000000094800000, 0x0000000094800000| Untracked 

Card table byte_map: [0x000001fad49a0000,0x000001fad4da0000] _byte_map_base: 0x000001fad45a0000

Marking Bits (Prev, Next): (CMBitMap*) 0x000001fac17c0918, (CMBitMap*) 0x000001fac17c0950
 Prev Bits: [0x000001fad51a0000, 0x000001fad71a0000)
 Next Bits: [0x000001fad71a0000, 0x000001fad91a0000)

Polling page: 0x000001fabf750000

Metaspace:

Usage:
  Non-class:     97.28 MB capacity,    95.56 MB ( 98%) used,     1.38 MB (  1%) free+waste,   348.06 KB ( <1%) overhead. 
      Class:     14.74 MB capacity,    13.70 MB ( 93%) used,   915.02 KB (  6%) free+waste,   155.13 KB (  1%) overhead. 
       Both:    112.02 MB capacity,   109.26 MB ( 98%) used,     2.27 MB (  2%) free+waste,   503.19 KB ( <1%) overhead. 

Virtual space:
  Non-class space:       98.00 MB reserved,      97.75 MB (>99%) committed 
      Class space:        1.00 GB reserved,      15.13 MB (  1%) committed 
             Both:        1.10 GB reserved,     112.88 MB ( 10%) committed 

Chunk freelists:
   Non-Class:  417.00 KB
       Class:  297.00 KB
        Both:  714.00 KB

MaxMetaspaceSize: 17179869184.00 GB
CompressedClassSpaceSize: 1.00 GB

CodeHeap 'non-profiled nmethods': size=120000Kb used=9712Kb max_used=10231Kb free=110287Kb
 bounds [0x000001faccd40000, 0x000001facd740000, 0x000001fad4270000]
CodeHeap 'profiled nmethods': size=120000Kb used=39631Kb max_used=39631Kb free=80368Kb
 bounds [0x000001fac5810000, 0x000001fac7ee0000, 0x000001faccd40000]
CodeHeap 'non-nmethods': size=5760Kb used=2331Kb max_used=2384Kb free=3428Kb
 bounds [0x000001fac5270000, 0x000001fac54e0000, 0x000001fac5810000]
 total_blobs=18557 nmethods=17610 adapters=856
 compilation: enabled
              stopped_count=0, restarted_count=0
 full_count=0

Compilation events (20 events):
Event: 15.590 Thread 0x000001fadc495800 18906       2       com.android.tools.r8.graph.z$$Lambda$1578/0x0000000100dd7840::<init> (10 bytes)
Event: 15.591 Thread 0x000001fadc495800 nmethod 18906 0x000001fac7ecdb90 code [0x000001fac7ecdd40, 0x000001fac7ecde78]
Event: 15.591 Thread 0x000001fadc495800 18912       2       com.android.tools.r8.ir.regalloc.b::<init> (108 bytes)
Event: 15.591 Thread 0x000001fadc495800 nmethod 18912 0x000001fac7ecdf10 code [0x000001fac7ece100, 0x000001fac7ece7c8]
Event: 15.591 Thread 0x000001fadc495800 18915       2       com.android.tools.r8.ir.regalloc.b::D (52 bytes)
Event: 15.591 Thread 0x000001fadc495800 nmethod 18915 0x000001fac7ecea90 code [0x000001fac7ecec80, 0x000001fac7eceed8]
Event: 15.591 Thread 0x000001fadc495800 18914       2       com.android.tools.r8.graph.z$$Lambda$1578/0x0000000100dd7840::apply (14 bytes)
Event: 15.591 Thread 0x000001fadc495800 nmethod 18914 0x000001fac7ecf090 code [0x000001fac7ecf240, 0x000001fac7ecf388]
Event: 15.591 Thread 0x000001fadc495800 18913       2       com.android.tools.r8.graph.z$$Lambda$1578/0x0000000100dd7840::get$Lambda (9 bytes)
Event: 15.592 Thread 0x000001fadc495800 nmethod 18913 0x000001fac7ecf490 code [0x000001fac7ecf640, 0x000001fac7ecf7b8]
Event: 15.592 Thread 0x000001fadc495800 18905       2       com.android.tools.r8.internal.Le::b (228 bytes)
Event: 15.592 Thread 0x000001fadc495800 nmethod 18905 0x000001fac7ecf890 code [0x000001fac7ecfb20, 0x000001fac7ed0338]
Event: 15.595 Thread 0x000001fadc495800 18916       1       com.android.tools.r8.graph.f0$s::n0 (2 bytes)
Event: 15.595 Thread 0x000001fadc495800 nmethod 18916 0x000001faccdb3490 code [0x000001faccdb3640, 0x000001faccdb36f8]
Event: 15.595 Thread 0x000001fadc495800 18917       2       com.android.tools.r8.internal.f7::a (52 bytes)
Event: 15.596 Thread 0x000001fadc495800 nmethod 18917 0x000001fac7ed0710 code [0x000001fac7ed08e0, 0x000001fac7ed0af8]
Event: 15.596 Thread 0x000001fadc495800 18918       2       com.android.tools.r8.internal.f7::a (16 bytes)
Event: 15.596 Thread 0x000001fadc495800 nmethod 18918 0x000001fac7ed0c10 code [0x000001fac7ed0dc0, 0x000001fac7ed0ee8]
Event: 15.596 Thread 0x000001fadc495800 18919       2       com.android.tools.r8.internal.f7::a (14 bytes)
Event: 15.596 Thread 0x000001fadc495800 nmethod 18919 0x000001fac7ed0f90 code [0x000001fac7ed1140, 0x000001fac7ed1268]

GC Heap History (20 events):
Event: 13.774 GC heap after
{Heap after GC invocations=29 (full 0):
 garbage-first heap   total 280576K, used 141977K [0x0000000080000000, 0x0000000100000000)
  region size 1024K, 7 young (7168K), 7 survivors (7168K)
 Metaspace       used 109162K, capacity 112128K, committed 112384K, reserved 1146880K
  class space    used 13959K, capacity 15065K, committed 15104K, reserved 1048576K
}
Event: 13.993 GC heap before
{Heap before GC invocations=29 (full 0):
 garbage-first heap   total 280576K, used 215705K [0x0000000080000000, 0x0000000100000000)
  region size 1024K, 79 young (80896K), 7 survivors (7168K)
 Metaspace       used 111068K, capacity 114169K, committed 114432K, reserved 1148928K
  class space    used 14146K, capacity 15314K, committed 15360K, reserved 1048576K
}
Event: 14.003 GC heap after
{Heap after GC invocations=30 (full 0):
 garbage-first heap   total 280576K, used 146956K [0x0000000080000000, 0x0000000100000000)
  region size 1024K, 5 young (5120K), 5 survivors (5120K)
 Metaspace       used 111068K, capacity 114169K, committed 114432K, reserved 1148928K
  class space    used 14146K, capacity 15314K, committed 15360K, reserved 1048576K
}
Event: 14.306 GC heap before
{Heap before GC invocations=31 (full 0):
 garbage-first heap   total 280576K, used 220684K [0x0000000080000000, 0x0000000100000000)
  region size 1024K, 77 young (78848K), 5 survivors (5120K)
 Metaspace       used 111308K, capacity 114204K, committed 114816K, reserved 1148928K
  class space    used 14078K, capacity 15191K, committed 15488K, reserved 1048576K
}
Event: 14.314 GC heap after
{Heap after GC invocations=32 (full 0):
 garbage-first heap   total 280576K, used 149347K [0x0000000080000000, 0x0000000100000000)
  region size 1024K, 7 young (7168K), 7 survivors (7168K)
 Metaspace       used 111308K, capacity 114204K, committed 114816K, reserved 1148928K
  class space    used 14078K, capacity 15191K, committed 15488K, reserved 1048576K
}
Event: 14.322 GC heap before
{Heap before GC invocations=32 (full 0):
 garbage-first heap   total 280576K, used 154467K [0x0000000080000000, 0x0000000100000000)
  region size 1024K, 13 young (13312K), 7 survivors (7168K)
 Metaspace       used 111319K, capacity 114268K, committed 115072K, reserved 1148928K
  class space    used 14078K, capacity 15191K, committed 15488K, reserved 1048576K
}
Event: 14.328 GC heap after
{Heap after GC invocations=33 (full 0):
 garbage-first heap   total 336896K, used 146265K [0x0000000080000000, 0x0000000100000000)
  region size 1024K, 2 young (2048K), 2 survivors (2048K)
 Metaspace       used 111319K, capacity 114268K, committed 115072K, reserved 1148928K
  class space    used 14078K, capacity 15191K, committed 15488K, reserved 1048576K
}
Event: 14.582 GC heap before
{Heap before GC invocations=33 (full 0):
 garbage-first heap   total 336896K, used 245593K [0x0000000080000000, 0x0000000100000000)
  region size 1024K, 100 young (102400K), 2 survivors (2048K)
 Metaspace       used 111477K, capacity 114451K, committed 115072K, reserved 1148928K
  class space    used 14085K, capacity 15203K, committed 15488K, reserved 1048576K
}
Event: 14.589 GC heap after
{Heap after GC invocations=34 (full 0):
 garbage-first heap   total 336896K, used 152773K [0x0000000080000000, 0x0000000100000000)
  region size 1024K, 8 young (8192K), 8 survivors (8192K)
 Metaspace       used 111477K, capacity 114451K, committed 115072K, reserved 1148928K
  class space    used 14085K, capacity 15203K, committed 15488K, reserved 1048576K
}
Event: 14.760 GC heap before
{Heap before GC invocations=34 (full 0):
 garbage-first heap   total 336896K, used 254149K [0x0000000080000000, 0x0000000100000000)
  region size 1024K, 107 young (109568K), 8 survivors (8192K)
 Metaspace       used 111520K, capacity 114538K, committed 115072K, reserved 1148928K
  class space    used 14090K, capacity 15211K, committed 15488K, reserved 1048576K
}
Event: 14.769 GC heap after
{Heap after GC invocations=35 (full 0):
 garbage-first heap   total 336896K, used 158759K [0x0000000080000000, 0x0000000100000000)
  region size 1024K, 8 young (8192K), 8 survivors (8192K)
 Metaspace       used 111520K, capacity 114538K, committed 115072K, reserved 1148928K
  class space    used 14090K, capacity 15211K, committed 15488K, reserved 1048576K
}
Event: 14.941 GC heap before
{Heap before GC invocations=35 (full 0):
 garbage-first heap   total 336896K, used 260135K [0x0000000080000000, 0x0000000100000000)
  region size 1024K, 107 young (109568K), 8 survivors (8192K)
 Metaspace       used 111563K, capacity 114543K, committed 115072K, reserved 1148928K
  class space    used 14091K, capacity 15213K, committed 15488K, reserved 1048576K
}
Event: 14.949 GC heap after
{Heap after GC invocations=36 (full 0):
 garbage-first heap   total 336896K, used 162059K [0x0000000080000000, 0x0000000100000000)
  region size 1024K, 4 young (4096K), 4 survivors (4096K)
 Metaspace       used 111563K, capacity 114543K, committed 115072K, reserved 1148928K
  class space    used 14091K, capacity 15213K, committed 15488K, reserved 1048576K
}
Event: 15.121 GC heap before
{Heap before GC invocations=36 (full 0):
 garbage-first heap   total 336896K, used 265483K [0x0000000080000000, 0x0000000100000000)
  region size 1024K, 105 young (107520K), 4 survivors (4096K)
 Metaspace       used 111732K, capacity 114742K, committed 115328K, reserved 1148928K
  class space    used 14091K, capacity 15213K, committed 15488K, reserved 1048576K
}
Event: 15.125 GC heap after
{Heap after GC invocations=37 (full 0):
 garbage-first heap   total 336896K, used 162549K [0x0000000080000000, 0x0000000100000000)
  region size 1024K, 4 young (4096K), 4 survivors (4096K)
 Metaspace       used 111732K, capacity 114742K, committed 115328K, reserved 1148928K
  class space    used 14091K, capacity 15213K, committed 15488K, reserved 1048576K
}
Event: 15.423 GC heap before
{Heap before GC invocations=38 (full 0):
 garbage-first heap   total 336896K, used 270069K [0x0000000080000000, 0x0000000100000000)
  region size 1024K, 110 young (112640K), 4 survivors (4096K)
 Metaspace       used 111748K, capacity 114617K, committed 115584K, reserved 1148928K
  class space    used 14020K, capacity 15090K, committed 15488K, reserved 1048576K
}
Event: 15.432 GC heap after
{Heap after GC invocations=39 (full 0):
 garbage-first heap   total 336896K, used 164869K [0x0000000080000000, 0x0000000100000000)
  region size 1024K, 7 young (7168K), 7 survivors (7168K)
 Metaspace       used 111748K, capacity 114617K, committed 115584K, reserved 1148928K
  class space    used 14020K, capacity 15090K, committed 15488K, reserved 1048576K
}
Event: 15.443 GC heap before
{Heap before GC invocations=39 (full 0):
 garbage-first heap   total 336896K, used 174085K [0x0000000080000000, 0x0000000100000000)
  region size 1024K, 16 young (16384K), 7 survivors (7168K)
 Metaspace       used 111759K, capacity 114617K, committed 115584K, reserved 1148928K
  class space    used 14020K, capacity 15090K, committed 15488K, reserved 1048576K
}
Event: 15.455 GC heap after
{Heap after GC invocations=40 (full 0):
 garbage-first heap   total 336896K, used 152806K [0x0000000080000000, 0x0000000100000000)
  region size 1024K, 1 young (1024K), 1 survivors (1024K)
 Metaspace       used 111759K, capacity 114617K, committed 115584K, reserved 1148928K
  class space    used 14020K, capacity 15090K, committed 15488K, reserved 1048576K
}
Event: 15.597 GC heap before
{Heap before GC invocations=40 (full 0):
 garbage-first heap   total 336896K, used 268518K [0x0000000080000000, 0x0000000100000000)
  region size 1024K, 114 young (116736K), 1 survivors (1024K)
 Metaspace       used 111878K, capacity 114710K, committed 115584K, reserved 1148928K
  class space    used 14024K, capacity 15095K, committed 15488K, reserved 1048576K
}

Deoptimization events (20 events):
Event: 15.164 Thread 0x000001fae0732000 DEOPT PACKING pc=0x000001fac58f3dc6 sp=0x0000009d03bf9660
Event: 15.164 Thread 0x000001fae0732000 DEOPT UNPACKING pc=0x000001fac52976ce sp=0x0000009d03bf8ad8 mode 0
Event: 15.198 Thread 0x000001fae0731000 DEOPT PACKING pc=0x000001fac58f3dc6 sp=0x0000009d038fa010
Event: 15.198 Thread 0x000001fae0731000 DEOPT UNPACKING pc=0x000001fac52976ce sp=0x0000009d038f9488 mode 0
Event: 15.317 Thread 0x000001fae072d000 DEOPT PACKING pc=0x000001fac7d60575 sp=0x0000009d03df9080
Event: 15.317 Thread 0x000001fae072d000 DEOPT UNPACKING pc=0x000001fac52976ce sp=0x0000009d03df8808 mode 0
Event: 15.413 Thread 0x000001fae0731000 Uncommon trap: trap_request=0xffffff4d fr.pc=0x000001facd736a54 relative=0x00000000000040b4
Event: 15.413 Thread 0x000001fae0731000 Uncommon trap: reason=unstable_if action=reinterpret pc=0x000001facd736a54 method=com.android.tools.r8.internal.Kv.a(Lcom/android/tools/r8/internal/Me;Lcom/android/tools/r8/ir/regalloc/a;)V @ 236 c2
Event: 15.413 Thread 0x000001fae0731000 DEOPT PACKING pc=0x000001facd736a54 sp=0x0000009d038f9a20
Event: 15.413 Thread 0x000001fae0731000 DEOPT UNPACKING pc=0x000001fac52978af sp=0x0000009d038f9a80 mode 2
Event: 15.521 Thread 0x000001fae0731000 DEOPT PACKING pc=0x000001fac631750a sp=0x0000009d038f99c0
Event: 15.521 Thread 0x000001fae0731000 DEOPT UNPACKING pc=0x000001fac52976ce sp=0x0000009d038f8f78 mode 0
Event: 15.529 Thread 0x000001fae072c800 Uncommon trap: trap_request=0xffffff4d fr.pc=0x000001facce60d0c relative=0x0000000000004c8c
Event: 15.529 Thread 0x000001fae072c800 Uncommon trap: reason=unstable_if action=reinterpret pc=0x000001facce60d0c method=com.android.tools.r8.internal.NG.j0()Z @ 36 c2
Event: 15.529 Thread 0x000001fae072c800 DEOPT PACKING pc=0x000001facce60d0c sp=0x0000009d03ff9510
Event: 15.529 Thread 0x000001fae072c800 DEOPT UNPACKING pc=0x000001fac52978af sp=0x0000009d03ff94d8 mode 2
Event: 15.546 Thread 0x000001fae0732000 DEOPT PACKING pc=0x000001fac7bfd323 sp=0x0000009d03bf9390
Event: 15.546 Thread 0x000001fae0732000 DEOPT UNPACKING pc=0x000001fac52976ce sp=0x0000009d03bf8b18 mode 0
Event: 15.556 Thread 0x000001fae072d000 DEOPT PACKING pc=0x000001fac7bb62b3 sp=0x0000009d03df9630
Event: 15.556 Thread 0x000001fae072d000 DEOPT UNPACKING pc=0x000001fac52976ce sp=0x0000009d03df8ed0 mode 0

Classes redefined (0 events):
No events

Internal exceptions (20 events):
Event: 13.491 Thread 0x000001fae0731000 Exception <a 'java/lang/NoSuchMethodError'{0x0000000090cfcbf8}: 'void java.lang.invoke.DirectMethodHandle$Holder.invokeVirtual(java.lang.Object, java.lang.Object, int, java.lang.Object)'> (0x0000000090cfcbf8) thrown at [./src/hotspot/share/interpreter/linkResolver.cpp, line 773]
Event: 13.526 Thread 0x000001fae072b800 Exception <a 'java/lang/NoSuchMethodError'{0x0000000090608b28}: 'int java.lang.invoke.DirectMethodHandle$Holder.invokeSpecial(java.lang.Object, java.lang.Object, java.lang.Object, int, java.lang.Object)'> (0x0000000090608b28) thrown at [./src/hotspot/share/interpreter/linkResolver.cpp, line 773]
Event: 13.527 Thread 0x000001fae072c800 Exception <a 'java/lang/NoSuchMethodError'{0x000000009069d600}: 'int java.lang.invoke.DirectMethodHandle$Holder.invokeSpecial(java.lang.Object, java.lang.Object, java.lang.Object, int, java.lang.Object)'> (0x000000009069d600) thrown at [./src/hotspot/share/interpreter/linkResolver.cpp, line 773]
Event: 13.598 Thread 0x000001fae072e000 Exception <a 'java/lang/NoSuchMethodError'{0x000000008f9b6478}: 'java.lang.Object java.lang.invoke.DirectMethodHandle$Holder.invokeInterface(java.lang.Object, java.lang.Object, int)'> (0x000000008f9b6478) thrown at [./src/hotspot/share/interpreter/linkResolver.cpp, line 773]
Event: 13.783 Thread 0x000001fae072c800 Exception <a 'java/lang/IncompatibleClassChangeError'{0x0000000090e94280}: Found class java.lang.Object, but interface was expected> (0x0000000090e94280) thrown at [./src/hotspot/share/interpreter/linkResolver.cpp, line 839]
Event: 13.816 Thread 0x000001fae072e000 Exception <a 'java/lang/NoSuchMethodError'{0x00000000904f2bc0}: 'void java.lang.invoke.DirectMethodHandle$Holder.invokeSpecial(java.lang.Object, java.lang.Object, int, java.lang.Object, java.lang.Object, java.lang.Object, java.lang.Object)'> (0x00000000904f2bc0) thrown at [./src/hotspot/share/interpreter/linkResolver.cpp, line 773]
Event: 13.816 Thread 0x000001fae072c800 Exception <a 'java/lang/NoSuchMethodError'{0x00000000904d1b00}: 'void java.lang.invoke.DirectMethodHandle$Holder.invokeSpecial(java.lang.Object, java.lang.Object, int, java.lang.Object, java.lang.Object, java.lang.Object, java.lang.Object)'> (0x00000000904d1b00) thrown at [./src/hotspot/share/interpreter/linkResolver.cpp, line 773]
Event: 13.817 Thread 0x000001fae072c800 Exception <a 'java/lang/NoSuchMethodError'{0x00000000904dd7a0}: 'java.lang.Object java.lang.invoke.Invokers$Holder.linkToTargetMethod(java.lang.Object, int, java.lang.Object, java.lang.Object, java.lang.Object, java.lang.Object)'> (0x00000000904dd7a0) thrown at [./src/hotspot/share/interpreter/linkResolver.cpp, line 773]
Event: 13.817 Thread 0x000001fae072c800 Exception <a 'java/lang/NoSuchMethodError'{0x00000000904e1c50}: 'void java.lang.invoke.DirectMethodHandle$Holder.invokeSpecial(java.lang.Object, java.lang.Object, java.lang.Object, java.lang.Object, java.lang.Object, java.lang.Object, java.lang.Object, java.lang.Object, java.lang.Object)'> (0x00000000904e1c50) thrown at [./src/hotspot/share/interpreter/linkResolver.cpp, line 773]
Event: 13.821 Thread 0x000001fae072c800 Exception <a 'java/lang/NoSuchMethodError'{0x00000000903c8468}: 'void java.lang.invoke.DirectMethodHandle$Holder.invokeStatic(java.lang.Object, java.lang.Object, java.lang.Object, java.lang.Object, java.lang.Object, java.lang.Object, java.lang.Object, java.lang.Object)'> (0x00000000903c8468) thrown at [./src/hotspot/share/interpreter/linkResolver.cpp, line 773]
Event: 13.821 Thread 0x000001fae072e000 Exception <a 'java/lang/NoSuchMethodError'{0x00000000904fbcb8}: 'void java.lang.invoke.DirectMethodHandle$Holder.invokeStatic(java.lang.Object, java.lang.Object, java.lang.Object, java.lang.Object, java.lang.Object, java.lang.Object, java.lang.Object, java.lang.Object)'> (0x00000000904fbcb8) thrown at [./src/hotspot/share/interpreter/linkResolver.cpp, line 773]
Event: 13.901 Thread 0x000001fae072c800 Exception <a 'java/lang/IncompatibleClassChangeError'{0x000000008ebd25f0}: Found class java.lang.Object, but interface was expected> (0x000000008ebd25f0) thrown at [./src/hotspot/share/interpreter/linkResolver.cpp, line 839]
Event: 13.959 Thread 0x000001fae072c800 Exception <a 'java/lang/NoSuchMethodError'{0x000000008d7f9858}: 'void java.lang.invoke.DirectMethodHandle$Holder.invokeVirtual(java.lang.Object, java.lang.Object, int)'> (0x000000008d7f9858) thrown at [./src/hotspot/share/interpreter/linkResolver.cpp, line 773]
Event: 13.960 Thread 0x000001fae072e000 Exception <a 'java/lang/NoSuchMethodError'{0x000000008d716348}: 'void java.lang.invoke.DirectMethodHandle$Holder.invokeVirtual(java.lang.Object, java.lang.Object, int)'> (0x000000008d716348) thrown at [./src/hotspot/share/interpreter/linkResolver.cpp, line 773]
Event: 14.037 Thread 0x000001fae072e000 Exception <a 'sun/nio/fs/WindowsException'{0x0000000090932e40}> (0x0000000090932e40) thrown at [./src/hotspot/share/prims/jni.cpp, line 615]
Event: 14.043 Thread 0x000001fae072c800 Exception <a 'sun/nio/fs/WindowsException'{0x000000009113c598}> (0x000000009113c598) thrown at [./src/hotspot/share/prims/jni.cpp, line 615]
Event: 14.385 Thread 0x000001fae072b800 Exception <a 'sun/nio/fs/WindowsException'{0x0000000093fdc160}> (0x0000000093fdc160) thrown at [./src/hotspot/share/prims/jni.cpp, line 615]
Event: 14.417 Thread 0x000001fae072c800 Exception <a 'sun/nio/fs/WindowsException'{0x0000000092ca1188}> (0x0000000092ca1188) thrown at [./src/hotspot/share/prims/jni.cpp, line 615]
Event: 14.604 Thread 0x000001fae072f800 Exception <a 'sun/nio/fs/WindowsException'{0x0000000094482720}> (0x0000000094482720) thrown at [./src/hotspot/share/prims/jni.cpp, line 615]
Event: 14.927 Thread 0x000001fae0732000 Exception <a 'java/lang/NoSuchMethodError'{0x000000008eef5658}: 'int java.lang.invoke.DirectMethodHandle$Holder.invokeInterface(java.lang.Object, java.lang.Object, int)'> (0x000000008eef5658) thrown at [./src/hotspot/share/interpreter/linkResolver.cpp, line 773]

Events (20 events):
Event: 15.572 loading class com/android/tools/r8/internal/DE done
Event: 15.572 loading class com/android/tools/r8/internal/DE
Event: 15.572 loading class com/android/tools/r8/internal/DE done
Event: 15.572 loading class com/android/tools/r8/code/G0
Event: 15.572 loading class com/android/tools/r8/code/G0 done
Event: 15.572 loading class com/android/tools/r8/code/G0
Event: 15.572 loading class com/android/tools/r8/code/G0 done
Event: 15.572 loading class com/android/tools/r8/code/G0
Event: 15.572 loading class com/android/tools/r8/code/G0 done
Event: 15.572 loading class com/android/tools/r8/internal/DE
Event: 15.572 loading class com/android/tools/r8/internal/DE done
Event: 15.572 loading class com/android/tools/r8/code/G0
Event: 15.572 loading class com/android/tools/r8/code/G0 done
Event: 15.573 loading class com/android/tools/r8/code/G0
Event: 15.573 loading class com/android/tools/r8/code/G0 done
Event: 15.573 loading class com/android/tools/r8/code/G0
Event: 15.573 loading class com/android/tools/r8/code/G0 done
Event: 15.578 loading class com/android/tools/r8/internal/yh
Event: 15.578 loading class com/android/tools/r8/internal/yh done
Event: 15.597 Executing VM operation: G1CollectForAllocation


Dynamic libraries:
0x00007ff75dba0000 - 0x00007ff75dbaa000 	C:\Program Files\Android\Android Studio\jre\bin\java.exe
0x00007ffd31a40000 - 0x00007ffd31c47000 	C:\WINDOWS\SYSTEM32\ntdll.dll
0x00007ffd2fea0000 - 0x00007ffd2ff5d000 	C:\WINDOWS\System32\KERNEL32.DLL
0x00007ffd2ef20000 - 0x00007ffd2f294000 	C:\WINDOWS\System32\KERNELBASE.dll
0x00007ffd2f2a0000 - 0x00007ffd2f3b1000 	C:\WINDOWS\System32\ucrtbase.dll
0x00007ffd2c2a0000 - 0x00007ffd2c2b7000 	C:\Program Files\Android\Android Studio\jre\bin\VCRUNTIME140.dll
0x00007ffd21510000 - 0x00007ffd21529000 	C:\Program Files\Android\Android Studio\jre\bin\jli.dll
0x00007ffd30b00000 - 0x00007ffd30cac000 	C:\WINDOWS\System32\USER32.dll
0x00007ffd1f160000 - 0x00007ffd1f405000 	C:\WINDOWS\WinSxS\amd64_microsoft.windows.common-controls_6595b64144ccf1df_6.0.22000.120_none_9d947278b86cc467\COMCTL32.dll
0x00007ffd2f3c0000 - 0x00007ffd2f3e6000 	C:\WINDOWS\System32\win32u.dll
0x00007ffd30cb0000 - 0x00007ffd30d53000 	C:\WINDOWS\System32\msvcrt.dll
0x00007ffd30d60000 - 0x00007ffd30d89000 	C:\WINDOWS\System32\GDI32.dll
0x00007ffd2f6f0000 - 0x00007ffd2f802000 	C:\WINDOWS\System32\gdi32full.dll
0x00007ffd2f5d0000 - 0x00007ffd2f66d000 	C:\WINDOWS\System32\msvcp_win.dll
0x00007ffd316f0000 - 0x00007ffd31721000 	C:\WINDOWS\System32\IMM32.DLL
0x00007ffcf8a90000 - 0x00007ffcf8b2d000 	C:\Program Files\Android\Android Studio\jre\bin\msvcp140.dll
0x00007ffcf3690000 - 0x00007ffcf415f000 	C:\Program Files\Android\Android Studio\jre\bin\server\jvm.dll
0x00007ffd2ff60000 - 0x00007ffd3000c000 	C:\WINDOWS\System32\ADVAPI32.dll
0x00007ffd315d0000 - 0x00007ffd3166d000 	C:\WINDOWS\System32\sechost.dll
0x00007ffd30830000 - 0x00007ffd30951000 	C:\WINDOWS\System32\RPCRT4.dll
0x00007ffd30010000 - 0x00007ffd30018000 	C:\WINDOWS\System32\PSAPI.DLL
0x00007ffd1e840000 - 0x00007ffd1e873000 	C:\WINDOWS\SYSTEM32\WINMM.dll
0x00007ffd1dcb0000 - 0x00007ffd1dcb9000 	C:\WINDOWS\SYSTEM32\WSOCK32.dll
0x00007ffd31470000 - 0x00007ffd314df000 	C:\WINDOWS\System32\WS2_32.dll
0x00007ffd26ea0000 - 0x00007ffd26eaa000 	C:\WINDOWS\SYSTEM32\VERSION.dll
0x00007ffd2e130000 - 0x00007ffd2e148000 	C:\WINDOWS\SYSTEM32\kernel.appcore.dll
0x00007ffd1fa90000 - 0x00007ffd1faa1000 	C:\Program Files\Android\Android Studio\jre\bin\verify.dll
0x00007ffd19db0000 - 0x00007ffd19fd1000 	C:\WINDOWS\SYSTEM32\DBGHELP.DLL
0x00007ffd193c0000 - 0x00007ffd193f1000 	C:\WINDOWS\SYSTEM32\dbgcore.DLL
0x00007ffd2f670000 - 0x00007ffd2f6ef000 	C:\WINDOWS\System32\bcryptPrimitives.dll
0x00007ffd1fa60000 - 0x00007ffd1fa89000 	C:\Program Files\Android\Android Studio\jre\bin\java.dll
0x00007ffd2b8a0000 - 0x00007ffd2b8ab000 	C:\Program Files\Android\Android Studio\jre\bin\jimage.dll
0x00007ffd1fa40000 - 0x00007ffd1fa58000 	C:\Program Files\Android\Android Studio\jre\bin\zip.dll
0x00007ffd30020000 - 0x00007ffd307ce000 	C:\WINDOWS\System32\SHELL32.dll
0x00007ffd2d0d0000 - 0x00007ffd2d937000 	C:\WINDOWS\SYSTEM32\windows.storage.dll
0x00007ffd2fb10000 - 0x00007ffd2fe88000 	C:\WINDOWS\System32\combase.dll
0x00007ffd2cf60000 - 0x00007ffd2d0c6000 	C:\WINDOWS\SYSTEM32\wintypes.dll
0x00007ffd314e0000 - 0x00007ffd315ca000 	C:\WINDOWS\System32\SHCORE.dll
0x00007ffd31670000 - 0x00007ffd316cd000 	C:\WINDOWS\System32\shlwapi.dll
0x00007ffd2ee50000 - 0x00007ffd2ee71000 	C:\WINDOWS\SYSTEM32\profapi.dll
0x00007ffd1fa20000 - 0x00007ffd1fa3a000 	C:\Program Files\Android\Android Studio\jre\bin\net.dll
0x00007ffd29400000 - 0x00007ffd2950c000 	C:\WINDOWS\SYSTEM32\WINHTTP.dll
0x00007ffd2e540000 - 0x00007ffd2e5a7000 	C:\WINDOWS\system32\mswsock.dll
0x00007ffd1fa00000 - 0x00007ffd1fa14000 	C:\Program Files\Android\Android Studio\jre\bin\nio.dll
0x00007ffd26840000 - 0x00007ffd26867000 	C:\Users\syedmhdarif_\.gradle\native\8bec1ad78214c89d9ad589b4d07fe93259594b29d510b10fafb7a158f7737e5d\windows-amd64\native-platform.dll
0x00007ffcfa9a0000 - 0x00007ffcfaadd000 	C:\Users\syedmhdarif_\.gradle\native\53dbd7edfb1c66fb8903c78663c9afc45aea4f116125fa6feffd364cf09443e8\windows-amd64\native-platform-file-events.dll
0x00007ffd2b660000 - 0x00007ffd2b66a000 	C:\Program Files\Android\Android Studio\jre\bin\management.dll
0x00007ffd2b630000 - 0x00007ffd2b63c000 	C:\Program Files\Android\Android Studio\jre\bin\management_ext.dll
0x00007ffd2e790000 - 0x00007ffd2e7a8000 	C:\WINDOWS\SYSTEM32\CRYPTSP.dll
0x00007ffd2e090000 - 0x00007ffd2e0c5000 	C:\WINDOWS\system32\rsaenh.dll
0x00007ffd2e630000 - 0x00007ffd2e659000 	C:\WINDOWS\SYSTEM32\USERENV.dll
0x00007ffd2e900000 - 0x00007ffd2e927000 	C:\WINDOWS\SYSTEM32\bcrypt.dll
0x00007ffd2e780000 - 0x00007ffd2e78c000 	C:\WINDOWS\SYSTEM32\CRYPTBASE.dll
0x00007ffd2dc60000 - 0x00007ffd2dc8d000 	C:\WINDOWS\SYSTEM32\IPHLPAPI.DLL
0x00007ffd30d90000 - 0x00007ffd30d99000 	C:\WINDOWS\System32\NSI.dll
0x00007ffd29350000 - 0x00007ffd29369000 	C:\WINDOWS\SYSTEM32\dhcpcsvc6.DLL
0x00007ffd29610000 - 0x00007ffd2962e000 	C:\WINDOWS\SYSTEM32\dhcpcsvc.DLL
0x00007ffd2dc90000 - 0x00007ffd2dd77000 	C:\WINDOWS\SYSTEM32\DNSAPI.dll

dbghelp: loaded successfully - version: 4.0.5 - missing functions: none
symbol engine: initialized successfully - sym options: 0x614 - pdb path: .;C:\Program Files\Android\Android Studio\jre\bin;C:\WINDOWS\SYSTEM32;C:\WINDOWS\WinSxS\amd64_microsoft.windows.common-controls_6595b64144ccf1df_6.0.22000.120_none_9d947278b86cc467;C:\Program Files\Android\Android Studio\jre\bin\server;C:\Users\syedmhdarif_\.gradle\native\8bec1ad78214c89d9ad589b4d07fe93259594b29d510b10fafb7a158f7737e5d\windows-amd64;C:\Users\syedmhdarif_\.gradle\native\53dbd7edfb1c66fb8903c78663c9afc45aea4f116125fa6feffd364cf09443e8\windows-amd64

VM Arguments:
jvm_args: --add-opens=java.base/java.util=ALL-UNNAMED --add-opens=java.base/java.lang=ALL-UNNAMED --add-opens=java.base/java.lang.invoke=ALL-UNNAMED --add-opens=java.base/java.util=ALL-UNNAMED --add-opens=java.prefs/java.util.prefs=ALL-UNNAMED --add-opens=java.prefs/java.util.prefs=ALL-UNNAMED --add-opens=java.base/java.nio.charset=ALL-UNNAMED --add-opens=java.base/java.net=ALL-UNNAMED --add-opens=java.base/java.util.concurrent.atomic=ALL-UNNAMED -Xmx2048m -Dfile.encoding=UTF-8 -Duser.country=US -Duser.language=en -Duser.variant 
java_command: org.gradle.launcher.daemon.bootstrap.GradleDaemon 7.0.2
java_class_path (initial): C:\Users\syedmhdarif_\.gradle\wrapper\dists\gradle-7.0.2-bin\857tjihv64xamwrf0h14cai3r\gradle-7.0.2\lib\gradle-launcher-7.0.2.jar
Launcher Type: SUN_STANDARD

[Global flags]
     intx CICompilerCount                          = 4                                         {product} {ergonomic}
     uint ConcGCThreads                            = 2                                         {product} {ergonomic}
     uint G1ConcRefinementThreads                  = 8                                         {product} {ergonomic}
   size_t G1HeapRegionSize                         = 1048576                                   {product} {ergonomic}
    uintx GCDrainStackTargetSize                   = 64                                        {product} {ergonomic}
   size_t InitialHeapSize                          = 199229440                                 {product} {ergonomic}
   size_t MarkStackSize                            = 4194304                                   {product} {ergonomic}
   size_t MaxHeapSize                              = 2147483648                                {product} {command line}
   size_t MaxNewSize                               = 1287651328                                {product} {ergonomic}
   size_t MinHeapDeltaBytes                        = 1048576                                   {product} {ergonomic}
    uintx NonNMethodCodeHeapSize                   = 5836300                                {pd product} {ergonomic}
    uintx NonProfiledCodeHeapSize                  = 122910970                              {pd product} {ergonomic}
    uintx ProfiledCodeHeapSize                     = 122910970                              {pd product} {ergonomic}
    uintx ReservedCodeCacheSize                    = 251658240                              {pd product} {ergonomic}
     bool SegmentedCodeCache                       = true                                      {product} {ergonomic}
     bool UseCompressedClassPointers               = true                                 {lp64_product} {ergonomic}
     bool UseCompressedOops                        = true                                 {lp64_product} {ergonomic}
     bool UseG1GC                                  = true                                      {product} {ergonomic}
     bool UseLargePagesIndividualAllocation        = false                                  {pd product} {ergonomic}

Logging:
Log output configuration:
 #0: stdout all=warning uptime,level,tags
 #1: stderr all=off uptime,level,tags

Environment Variables:
JAVA_HOME=C:\Program Files\Java\jdk1.8.0_251
PATH=C:\Program Files (x86)\Common Files\Oracle\Java\javapath;C:\Program Files (x86)\Common Files\Intel\Shared Libraries\redist\intel64\compiler;C:\Windows\system32;C:\Windows;C:\Windows\System32\Wbem;C:\Windows\System32\WindowsPowerShell\v1.0\;C:\Windows\System32\OpenSSH\;C:\Program Files (x86)\NVIDIA Corporation\PhysX\Common;C:\Program Files\NVIDIA Corporation\NVIDIA NvDLISR;C:\Program Files\nodejs\;C:\Users\syedmhdarif_\AppData\Local\Android\Sdk\tools;%ANDROID_HOME\tools\bin;C:\Users\syedmhdarif_\AppData\Local\Android\Sdk\platform-tools;C:\Program Files\Java\jdk1.8.0_251\bin;C:\WINDOWS\system32;C:\WINDOWS;C:\WINDOWS\System32\Wbem;C:\WINDOWS\System32\WindowsPowerShell\v1.0\;C:\WINDOWS\System32\OpenSSH\;C:\Program Files\Git\cmd;C:\Users\syedmhdarif_\AppData\Local\Microsoft\WindowsApps;C:\Users\syedmhdarif_\AppData\Roaming\npm;C:\Users\syedmhdarif_\AppData\Local\Programs\Microsoft VS Code\bin;C:\Users\syedmhdarif_\AppData\Local\Android\Sdk\tools;C:\Users\syedmhdarif_\AppData\Local\Android\Sdk\tools\bin;C:\Users\syedmhdarif_\AppData\Local\Android\Sdk\platform-tools;C:\Users\syedmhdarif_\AppData\Local\GitHubDesktop\bin;
USERNAME=syedmhdarif_
OS=Windows_NT
PROCESSOR_IDENTIFIER=Intel64 Family 6 Model 165 Stepping 2, GenuineIntel



---------------  S Y S T E M  ---------------

OS: Windows 10 , 64 bit Build 22000 (10.0.22000.318)
OS uptime: 0 days 15:27 hours

CPU:total 8 (initial active 8) (4 cores per cpu, 2 threads per core) family 6 model 165 stepping 2 microcode 0xe2, cmov, cx8, fxsr, mmx, sse, sse2, sse3, ssse3, sse4.1, sse4.2, popcnt, avx, avx2, aes, clmul, erms, 3dnowpref, lzcnt, ht, tsc, tscinvbit, bmi1, bmi2, adx, fma

Memory: 4k page, system-wide physical 12109M (1398M free)
TotalPageFile size 48973M (AvailPageFile size 27M)
current process WorkingSet (physical memory assigned to process): 716M, peak: 732M
current process commit charge ("private bytes"): 772M, peak: 847M

vm_info: OpenJDK 64-Bit Server VM (11.0.10+0-b96-7249189) for windows-amd64 JRE (11.0.10+0-b96-7249189), built on Mar 31 2021 21:44:00 by "builder" with MS VC++ 14.0 (VS2015)

END.
